0.0015385150909423828
0.0013561248779296875
0.0008933544158935547
0.0008535385131835938
0.0014188289642333984
0.0013322830200195312
0.0014867782592773438
0.0012021064758300781
0.00186920166015625
0.0015680789947509766
0.0008099079132080078
0.0009577274322509766
0.0010988712310791016
0.0013647079467773438
0.0012156963348388672
0.0008597373962402344
0.0010323524475097656
0.0008146762847900391
0.0015873908996582031
0.0014319419860839844
0.0009434223175048828
0.0007851123809814453
0.001062154769897461
0.0021071434020996094
0.0018396377563476562
0.0007390975952148438
0.001102447509765625
0.001138448715209961
0.0014123916625976562
0.0012302398681640625
0.0016355514526367188
0.0006320476531982422
0.0007028579711914062
0.0026907920837402344
0.002166748046875
0.0010066032409667969
0.0014889240264892578
0.002020120620727539
0.002262592315673828
0.002065896987915039
0.00115966796875
0.0010025501251220703
0.0010402202606201172
0.0016698837280273438
0.0016336441040039062
0.0012111663818359375
0.0010597705841064453
0.0012204647064208984
0.0020003318786621094
0.0015828609466552734
0.0006892681121826172
0.0006363391876220703
0.0009725093841552734
0.0014986991882324219
0.0013911724090576172
0.0010924339294433594
0.0006556510925292969
0.00042366981506347656
0.0015063285827636719
0.0013551712036132812
0.0009791851043701172
0.0011360645294189453
0.0010440349578857422
0.0013895034790039062
0.0012645721435546875
0.0011992454528808594
0.0007882118225097656
0.0006849765777587891
0.0011968612670898438
0.0010769367218017578
0.0008380413055419922
0.00038814544677734375
0.0016036033630371094
0.0020422935485839844
0.0018475055694580078
0.0006225109100341797
0.0006053447723388672
0.0008723735809326172
0.0017867088317871094
0.0015571117401123047
0.0011909008026123047
0.00042247772216796875
0.0012543201446533203
0.0013432502746582031
0.0012195110321044922
0.0009448528289794922
0.0011107921600341797
0.0011279582977294922
0.0013089179992675781
0.0011456012725830078
0.000980377197265625
0.0008401870727539062
0.0014333724975585938
0.0017247200012207031
0.0015985965728759766
0.0007188320159912109
0.0006959438323974609
0.0008778572082519531
0.0016925334930419922
0.0014941692352294922
0.0009622573852539062
0.0005972385406494141
0.0011148452758789062
0.0020294189453125
0.001783132553100586
0.0008158683776855469
0.0009465217590332031
0.0015363693237304688
0.0019335746765136719
0.0017750263214111328
0.0011737346649169922
0.0009505748748779297
0.0011937618255615234
0.0008866786956787109
0.0007960796356201172
0.0009577274322509766
0.0008490085601806641
0.0019512176513671875
0.001405954360961914
0.001277923583984375
0.0009586811065673828
0.0012061595916748047
0.0005285739898681641
0.0016798973083496094
0.0015647411346435547
0.0009658336639404297
0.0009851455688476562
0.002094268798828125
0.0020933151245117188
0.0018379688262939453
0.0018935203552246094
0.001310586929321289
0.0015492439270019531
0.001796722412109375
0.0017619132995605469
0.0011115074157714844
0.0012927055358886719
0.0012156963348388672
0.0012125968933105469
0.001066446304321289
0.0004646778106689453
0.001251220703125
0.0008718967437744141
0.0015978813171386719
0.0013070106506347656
0.0008344650268554688
0.001192331314086914
0.00170135498046875
0.0014567375183105469
0.0013306140899658203
0.0006377696990966797
0.0009620189666748047
0.0013718605041503906
