0.0035033226013183594
0.0029175281524658203
0.0004889965057373047
0.0006437301635742188
0.0008559226989746094
0.0007326602935791016
0.0006639957427978516
0.0006186962127685547
0.0008060932159423828
0.0006403923034667969
0.0005052089691162109
0.0018203258514404297
0.0011796951293945312
0.000896453857421875
0.0006086826324462891
0.0006146430969238281
0.0009503364562988281
0.0008318424224853516
0.0010077953338623047
0.0004994869232177734
0.0013380050659179688
0.0010399818420410156
0.00049591064453125
0.001260995864868164
0.0012664794921875
0.0010247230529785156
0.0008766651153564453
0.0006434917449951172
0.0007851123809814453
0.0004010200500488281
0.0012106895446777344
0.0010628700256347656
0.0007407665252685547
0.001111745834350586
0.0017075538635253906
0.0017015933990478516
0.001489400863647461
0.0009002685546875
0.0005142688751220703
0.0008230209350585938
0.0010559558868408203
0.0008807182312011719
0.0009586811065673828
0.0011713504791259766
0.0011718273162841797
0.0019373893737792969
0.0013647079467773438
0.0006802082061767578
0.0011069774627685547
0.0014889240264892578
0.0014085769653320312
0.0012428760528564453
0.0007426738739013672
0.0006558895111083984
0.0006189346313476562
0.0010690689086914062
0.0009069442749023438
0.0009818077087402344
0.0004725456237792969
0.0010290145874023438
0.0016622543334960938
0.001251220703125
0.0005695819854736328
0.0007736682891845703
0.00041174888610839844
0.0011296272277832031
0.001013040542602539
0.0007932186126708984
0.001056671142578125
0.00095367431640625
0.001119375228881836
0.0009794235229492188
0.0007493495941162109
0.0005972385406494141
0.0008294582366943359
0.0010213851928710938
0.0009024143218994141
0.0008685588836669922
0.0010633468627929688
0.0013928413391113281
0.0008981227874755859
0.0007824897766113281
0.0006055831909179688
0.0006282329559326172
0.0012514591217041016
0.0014293193817138672
0.001264810562133789
0.0009734630584716797
0.0007343292236328125
0.0006916522979736328
0.0013492107391357422
0.0011303424835205078
0.0009438991546630859
0.0008821487426757812
0.0008349418640136719
0.0009772777557373047
0.0008580684661865234
0.0006234645843505859
0.0008533000946044922
0.0005764961242675781
0.0009615421295166016
0.000804901123046875
0.0007231235504150391
0.0010075569152832031
0.0007035732269287109
0.0015408992767333984
0.0013380050659179688
0.000553131103515625
0.0005178451538085938
0.0006968975067138672
0.0012519359588623047
0.0010623931884765625
0.0006847381591796875
0.0009686946868896484
0.0005211830139160156
0.0015974044799804688
0.0013599395751953125
0.0006816387176513672
0.0011153221130371094
0.0006663799285888672
0.001397848129272461
0.0012500286102294922
0.0009670257568359375
0.00069427490234375
0.001644134521484375
0.0014548301696777344
0.0013468265533447266
0.0012691020965576172
0.0010972023010253906
0.0016582012176513672
0.0009922981262207031
0.0008716583251953125
0.0007586479187011719
0.0013730525970458984
0.0007112026214599609
0.0012011528015136719
0.001184225082397461
0.0012912750244140625
0.001398324966430664
0.00136566162109375
0.0016303062438964844
0.0013592243194580078
0.0014934539794921875
0.0015780925750732422
0.0009381771087646484
0.0010333061218261719
0.0010139942169189453
0.0009663105010986328
0.0011379718780517578
0.0010573863983154297
0.0009274482727050781
0.0008339881896972656
0.00030732154846191406
0.0008597373962402344
0.00044035911560058594
0.0012450218200683594
0.0009610652923583984
0.0004868507385253906
0.0008745193481445312
0.0021905899047851562
0.0010673999786376953
0.0009508132934570312
0.0009465217590332031
0.0012288093566894531
0.0007848739624023438
