0.0008814334869384766
0.0008535385131835938
0.0007169246673583984
0.0010116100311279297
0.0008492469787597656
0.0006115436553955078
0.0019321441650390625
0.001363515853881836
0.001065969467163086
0.00042724609375
0.00045609474182128906
0.0011415481567382812
0.0010120868682861328
0.0007879734039306641
0.0006988048553466797
0.0016083717346191406
0.0013079643249511719
0.0006704330444335938
0.0007112026214599609
0.0008604526519775391
0.001177072525024414
0.0010256767272949219
0.0003993511199951172
0.0011682510375976562
0.0006906986236572266
0.0014023780822753906
0.001249074935913086
0.0005528926849365234
0.0009529590606689453
0.0013020038604736328
0.0019338130950927734
0.0016674995422363281
0.0004978179931640625
0.0006976127624511719
0.0006470680236816406
0.0012388229370117188
0.0010581016540527344
0.0006351470947265625
0.0008389949798583984
0.0005080699920654297
0.002337932586669922
0.0018382072448730469
0.001142263412475586
0.0016257762908935547
0.0016942024230957031
0.0018868446350097656
0.001718759536743164
0.0009582042694091797
0.0008325576782226562
0.0008423328399658203
0.001386404037475586
0.0012540817260742188
0.001100778579711914
0.0009245872497558594
0.0007784366607666016
0.0018343925476074219
0.0014197826385498047
0.00041961669921875
0.0009016990661621094
0.0007848739624023438
0.0013234615325927734
0.0012030601501464844
0.0005307197570800781
0.00048041343688964844
0.0005717277526855469
0.0013172626495361328
0.0011706352233886719
0.00054931640625
0.0008096694946289062
0.0005044937133789062
0.0012085437774658203
0.0010840892791748047
0.0006580352783203125
0.0013704299926757812
0.001012563705444336
0.0010504722595214844
0.0009315013885498047
0.00044035911560058594
0.0007290840148925781
0.0018987655639648438
0.0017066001892089844
0.0015349388122558594
0.0011301040649414062
0.0008559226989746094
0.001008749008178711
0.0015304088592529297
0.0013031959533691406
0.0014362335205078125
0.0007612705230712891
0.0005965232849121094
0.001168966293334961
0.0010454654693603516
0.0008084774017333984
0.0007135868072509766
0.001283884048461914
0.0011401176452636719
0.0009768009185791016
0.0004687309265136719
0.0014595985412597656
0.0012094974517822266
0.002403736114501953
0.002241849899291992
0.0012562274932861328
0.0011112689971923828
0.001638650894165039
0.0014772415161132812
0.0012805461883544922
0.0005068778991699219
0.0011224746704101562
0.0008764266967773438
0.0018186569213867188
0.0015730857849121094
0.0005121231079101562
0.001275777816772461
0.001238107681274414
0.0016715526580810547
0.0015118122100830078
0.0007135868072509766
0.0008268356323242188
0.0014009475708007812
0.001280069351196289
0.001169443130493164
0.0005829334259033203
0.0007202625274658203
0.0014026165008544922
0.0011775493621826172
0.0010497570037841797
0.0012810230255126953
0.0015370845794677734
0.0008914470672607422
0.0014984607696533203
0.0013880729675292969
0.0007510185241699219
0.001192331314086914
0.0009558200836181641
0.0018508434295654297
0.0015757083892822266
0.0022509098052978516
0.0011699199676513672
0.0012478828430175781
0.001424551010131836
0.0013897418975830078
0.0008461475372314453
0.0009758472442626953
0.0008857250213623047
0.0019104480743408203
0.0017359256744384766
0.0007736682891845703
0.001516580581665039
0.0011093616485595703
0.001424551010131836
0.0011360645294189453
0.00038242340087890625
0.0007147789001464844
0.0009984970092773438
0.0012729167938232422
0.001148223876953125
0.0004105567932128906
0.001096963882446289
0.0010759830474853516
