0.000453948974609375
0.0007729530334472656
0.0003650188446044922
0.0008060932159423828
0.0010619163513183594
0.0003495216369628906
0.0005042552947998047
0.0007226467132568359
0.0005459785461425781
0.0004975795745849609
0.0004930496215820312
0.0005865097045898438
0.00048613548278808594
0.0003714561462402344
0.0016551017761230469
0.0008418560028076172
0.0005900859832763672
0.0010349750518798828
0.0007367134094238281
0.0006899833679199219
0.0006306171417236328
0.0013272762298583984
0.001001119613647461
0.001027822494506836
0.0007600784301757812
0.0009610652923583984
0.0015401840209960938
0.0014653205871582031
0.0006487369537353516
0.0006971359252929688
0.0009667873382568359
0.0012934207916259766
0.0009202957153320312
0.0008492469787597656
0.0008244514465332031
0.0011909008026123047
0.0012655258178710938
0.001960277557373047
0.001224517822265625
0.0011446475982666016
0.0011708736419677734
0.0009808540344238281
0.0009794235229492188
0.0007977485656738281
0.0006649494171142578
0.0018148422241210938
0.001008749008178711
0.0008323192596435547
0.0016095638275146484
0.0010921955108642578
0.0008676052093505859
0.0012900829315185547
0.0012044906616210938
0.0009636878967285156
0.0008509159088134766
0.0004904270172119141
0.00044345855712890625
0.0004069805145263672
0.0007379055023193359
0.0006017684936523438
0.0008273124694824219
0.0007688999176025391
0.0005748271942138672
0.0012638568878173828
0.0010399818420410156
0.00091552734375
0.0010995864868164062
0.0006093978881835938
0.0008220672607421875
0.000751495361328125
0.0012421607971191406
0.00079345703125
0.0007121562957763672
0.0007677078247070312
0.0006749629974365234
0.0013005733489990234
0.0014216899871826172
0.00121307373046875
0.0007245540618896484
0.0006730556488037109
0.0013594627380371094
0.0015368461608886719
0.0012595653533935547
0.0006327629089355469
0.0006015300750732422
0.0010023117065429688
0.0008308887481689453
0.0021936893463134766
0.0010504722595214844
0.0009407997131347656
0.001285552978515625
0.0010707378387451172
0.0011661052703857422
0.0010864734649658203
0.0009081363677978516
0.00157928466796875
0.0010008811950683594
0.0010564327239990234
0.000720977783203125
0.00064849853515625
0.0012788772583007812
0.0009839534759521484
0.0009703636169433594
0.0007107257843017578
0.0005943775177001953
0.0011105537414550781
0.001165151596069336
0.0015931129455566406
0.0012831687927246094
0.0011227130889892578
0.0010213851928710938
0.000978231430053711
0.0013775825500488281
0.0009431838989257812
0.0008015632629394531
0.001111745834350586
0.0012812614440917969
0.0012505054473876953
0.0011785030364990234
0.0010187625885009766
0.0010733604431152344
0.0014328956604003906
0.0009634494781494141
0.001024484634399414
0.0009286403656005859
0.0016567707061767578
0.0005290508270263672
0.0018811225891113281
0.0006430149078369141
0.0005776882171630859
0.0011131763458251953
0.0005564689636230469
0.0009868144989013672
0.0007421970367431641
0.0006582736968994141
0.0014629364013671875
0.0016951560974121094
0.00128936767578125
0.0006921291351318359
0.0007202625274658203
0.0014498233795166016
0.0015969276428222656
0.0017116069793701172
0.0012440681457519531
0.0010883808135986328
0.002124309539794922
0.0014445781707763672
0.0006270408630371094
0.0007224082946777344
0.0006530284881591797
0.00055694580078125
0.0005981922149658203
0.0007374286651611328
0.0016338825225830078
0.0014591217041015625
0.0006847381591796875
0.001028299331665039
0.0006546974182128906
0.0009839534759521484
0.0007402896881103516
0.000985860824584961
0.001310586929321289
0.0019834041595458984
0.0007116794586181641
0.0006306171417236328
0.0007491111755371094
0.0013577938079833984
0.0005724430084228516
