0.0016553401947021484
0.0015859603881835938
0.0011699199676513672
0.0008645057678222656
0.0021581649780273438
0.0019850730895996094
0.0010924339294433594
0.0018129348754882812
0.001623392105102539
0.0015270709991455078
0.0013897418975830078
0.0007545948028564453
0.0005822181701660156
0.0005657672882080078
0.0017859935760498047
0.0016510486602783203
0.0010666847229003906
0.000579833984375
0.002241849899291992
0.0022962093353271484
0.0021271705627441406
0.0010371208190917969
0.0008530616760253906
0.00048041343688964844
0.0016014575958251953
0.0014362335205078125
0.0012860298156738281
0.0013484954833984375
0.0013172626495361328
0.0032775402069091797
0.0028781890869140625
0.0014913082122802734
0.0017542839050292969
0.002237558364868164
0.0025577545166015625
0.0023856163024902344
0.0013499259948730469
0.0011723041534423828
0.0011990070343017578
0.0021715164184570312
0.0021626949310302734
0.0013210773468017578
0.0012357234954833984
0.0014293193817138672
0.0021779537200927734
0.0017783641815185547
0.0008015632629394531
0.0004706382751464844
0.0011363029479980469
0.0017673969268798828
0.0017147064208984375
0.001386880874633789
0.0009264945983886719
0.0008256435394287109
0.0017096996307373047
0.0015790462493896484
0.001155853271484375
0.0009737014770507812
0.0006976127624511719
0.0015873908996582031
0.0014812946319580078
0.001039266586303711
0.0005922317504882812
0.0008721351623535156
0.001356363296508789
0.0012493133544921875
0.0007231235504150391
0.0005233287811279297
0.0007491111755371094
0.0022797584533691406
0.0021064281463623047
0.0008153915405273438
0.00044989585876464844
0.00051116943359375
0.001962900161743164
0.0017480850219726562
0.0006334781646728516
0.0006320476531982422
0.0015461444854736328
0.0015366077423095703
0.0014312267303466797
0.0011508464813232422
0.00048804283142089844
0.0008056163787841797
0.0014925003051757812
0.0013451576232910156
0.0008573532104492188
0.00048041343688964844
0.0010585784912109375
0.0020372867584228516
0.001851797103881836
0.0008900165557861328
0.0008399486541748047
0.0011134147644042969
0.0019297599792480469
0.0017533302307128906
0.000827789306640625
0.000804901123046875
0.0007271766662597656
0.002258777618408203
0.002034902572631836
0.0009438991546630859
0.0007395744323730469
0.0017888545989990234
0.0022912025451660156
0.0022325515747070312
0.0014927387237548828
0.0010695457458496094
0.0009555816650390625
0.0010895729064941406
0.0009996891021728516
0.0007877349853515625
0.0009713172912597656
0.002315998077392578
0.0015990734100341797
0.0014884471893310547
0.0011210441589355469
0.001003265380859375
0.0011646747589111328
0.0018727779388427734
0.001779317855834961
0.001129150390625
0.0007257461547851562
0.0024538040161132812
0.002385377883911133
0.002212047576904297
0.002013683319091797
0.0008614063262939453
0.0018038749694824219
0.0022695064544677734
0.002220630645751953
0.0007171630859375
0.0008060932159423828
0.0005536079406738281
0.0014996528625488281
0.0015370845794677734
0.0005545616149902344
0.0013859272003173828
0.0013484954833984375
0.0018436908721923828
0.0015747547149658203
0.0006835460662841797
0.0010688304901123047
0.001409292221069336
0.0016574859619140625
0.0015490055084228516
0.0005285739898681641
0.0007958412170410156
0.0012269020080566406
