1.0069572925567627
0.009314775466918945
0.01636528968811035
0.005473613739013672
0.008298158645629883
0.0037517547607421875
0.032318830490112305
0.025487422943115234
0.020032167434692383
0.01894354820251465
0.014371395111083984
0.01773810386657715
0.015273809432983398
0.012920856475830078
0.004509687423706055
0.04336380958557129
0.038649797439575195
0.030686616897583008
0.0264739990234375
0.02044367790222168
0.05373382568359375
0.04985952377319336
0.03791356086730957
0.03258514404296875
0.028343677520751953
0.019729137420654297
0.025151968002319336
0.028666973114013672
0.03351712226867676
0.03272819519042969
0.018601655960083008
0.024379730224609375
0.016829252243041992
0.012578725814819336
0.013011455535888672
0.01737689971923828
0.017490625381469727
0.03722071647644043
0.03139209747314453
0.024133682250976562
0.012235164642333984
0.016946077346801758
0.018923282623291016
0.017875194549560547
0.017891407012939453
0.004015684127807617
0.021820783615112305
0.009314298629760742
0.008619308471679688
0.008261919021606445
0.00892782211303711
0.008209466934204102
0.009258270263671875
0.006448030471801758
0.008291244506835938
0.005987405776977539
0.009638547897338867
0.011357545852661133
0.0056629180908203125
0.005704641342163086
0.0038759708404541016
0.005527019500732422
0.006283760070800781
0.008485794067382812
0.00886225700378418
0.003746509552001953
0.00711512565612793
0.009974479675292969
0.0041277408599853516
0.0064239501953125
0.009618759155273438
0.007356166839599609
0.006400108337402344
0.006536722183227539
0.006424665451049805
0.003535032272338867
0.01145315170288086
0.011450529098510742
0.0059740543365478516
0.006020545959472656
0.003852367401123047
0.00444793701171875
0.004963874816894531
0.007540225982666016
0.004638195037841797
0.0062067508697509766
0.008777618408203125
0.009381771087646484
0.0077669620513916016
0.00780177116394043
0.004798412322998047
0.0072863101959228516
0.01060938835144043
0.005904674530029297
0.00641179084777832
0.007673740386962891
0.010679006576538086
0.008791208267211914
0.009237527847290039
0.0075206756591796875
0.005496025085449219
0.004655361175537109
0.005236387252807617
0.009406328201293945
0.009075164794921875
0.004464149475097656
0.00530695915222168
0.005650997161865234
0.005929470062255859
0.005154132843017578
0.004041194915771484
0.003293275833129883
0.004007101058959961
0.007856369018554688
0.007696866989135742
0.005912065505981445
0.0065250396728515625
0.006273746490478516
0.006793498992919922
0.00848698616027832
0.004003286361694336
0.00526118278503418
0.007924318313598633
0.006319999694824219
0.006589412689208984
0.0050525665283203125
0.005074024200439453
0.006484031677246094
0.007929563522338867
0.007554531097412109
0.00411224365234375
0.004628658294677734
0.005772829055786133
0.0043294429779052734
0.011287450790405273
0.006346702575683594
0.004959583282470703
0.005893707275390625
0.00579380989074707
0.0062465667724609375
0.003256082534790039
0.008351802825927734
0.009952783584594727
0.0037255287170410156
0.007163047790527344
0.006581783294677734
32.04154396057129
35.08829140663147
35.08800911903381
32.05448365211487
