1.0295932292938232
1.0225284099578857
0.9906446933746338
0.017461538314819336
0.017336606979370117
0.035489559173583984
0.013089418411254883
0.007669687271118164
0.007569074630737305
0.007538318634033203
0.009451150894165039
0.0031037330627441406
0.012180566787719727
0.012337684631347656
0.012439966201782227
0.012547969818115234
0.012561321258544922
0.009876012802124023
0.015398502349853516
0.013983726501464844
0.020764827728271484
0.015642881393432617
0.020776033401489258
0.01368093490600586
0.015181541442871094
0.01518702507019043
0.015207529067993164
0.01256108283996582
0.013528585433959961
0.011262893676757812
0.010436534881591797
0.013437986373901367
0.0235598087310791
0.01604437828063965
0.010826826095581055
0.012093305587768555
0.015181541442871094
0.01477360725402832
0.018805503845214844
0.008767843246459961
0.011997461318969727
0.013752222061157227
0.01288461685180664
0.007903337478637695
0.003530740737915039
0.0051653385162353516
0.0065212249755859375
0.009925127029418945
0.0147705078125
0.007002353668212891
0.006043672561645508
0.010582447052001953
0.008818626403808594
0.007981300354003906
0.007650613784790039
0.005148172378540039
0.0072400569915771484
0.0057942867279052734
0.009320497512817383
0.008578062057495117
0.006529331207275391
0.011443376541137695
0.004048824310302734
0.00977468490600586
0.00661778450012207
0.00640416145324707
0.013779163360595703
0.00462031364440918
0.004213809967041016
0.006220817565917969
0.008816957473754883
0.009063243865966797
0.0034754276275634766
0.008838891983032227
0.009207963943481445
0.005895137786865234
0.00828862190246582
0.004996061325073242
0.006845712661743164
0.008165836334228516
0.0065326690673828125
0.008698701858520508
0.00600433349609375
0.006325244903564453
0.0066754817962646484
0.010150432586669922
0.010224103927612305
0.008962154388427734
0.009071588516235352
0.005340099334716797
0.003915548324584961
0.0070722103118896484
0.0069582462310791016
0.006532907485961914
0.005913496017456055
0.008949518203735352
0.008549213409423828
0.005178213119506836
0.007476329803466797
0.00807499885559082
0.004186391830444336
0.004106044769287109
0.004674434661865234
0.004307746887207031
0.0066967010498046875
0.006350040435791016
0.00587153434753418
0.0037195682525634766
0.006280183792114258
0.006379842758178711
0.006572723388671875
0.006131887435913086
0.003252744674682617
0.008287191390991211
0.00814509391784668
0.010155200958251953
0.01003718376159668
0.004757404327392578
0.00859212875366211
0.00824117660522461
0.006111860275268555
0.00591588020324707
0.0036187171936035156
0.009336233139038086
0.0072743892669677734
0.005817890167236328
0.006037235260009766
0.008109569549560547
0.0099334716796875
0.00675654411315918
0.01693892478942871
0.014937639236450195
0.0030143260955810547
0.008207321166992188
0.010507345199584961
0.0229647159576416
0.027271032333374023
0.006848573684692383
0.011030435562133789
0.009838104248046875
0.0035789012908935547
0.002892017364501953
