0.9389357566833496
0.9380831718444824
0.9369428157806396
0.9339487552642822
0.008953094482421875
0.008523941040039062
0.007916688919067383
0.00856924057006836
0.0027382373809814453
0.013839006423950195
0.013852119445800781
0.013702392578125
0.013590097427368164
0.013636589050292969
0.011027812957763672
0.011612653732299805
0.010699033737182617
0.009651660919189453
0.010727405548095703
0.015438556671142578
0.015125513076782227
0.010663032531738281
0.011257171630859375
0.015391349792480469
0.01369166374206543
0.014245986938476562
0.01023101806640625
0.009367704391479492
0.01619696617126465
0.011034727096557617
0.01500248908996582
0.011358499526977539
0.011143684387207031
0.010888338088989258
0.01551365852355957
0.01485896110534668
0.013926982879638672
0.012121915817260742
0.012468338012695312
0.011637687683105469
0.0074291229248046875
0.0066890716552734375
0.005018472671508789
0.008622407913208008
0.015098810195922852
0.010609865188598633
0.008784770965576172
0.0054323673248291016
0.0053212642669677734
0.0076141357421875
0.007984638214111328
0.010174274444580078
0.0060825347900390625
0.00780940055847168
0.010849952697753906
0.017223119735717773
0.007985830307006836
0.00527644157409668
0.009093284606933594
0.010521411895751953
0.00478816032409668
0.004115104675292969
0.014397144317626953
0.006530046463012695
0.006659507751464844
0.004437446594238281
0.008605241775512695
0.005349397659301758
0.005283355712890625
0.002939462661743164
0.00751948356628418
0.00705718994140625
0.0042536258697509766
0.005168914794921875
0.0077168941497802734
0.0059740543365478516
0.0041103363037109375
0.003404855728149414
0.007690906524658203
0.008056879043579102
0.006623029708862305
0.007658720016479492
0.008724451065063477
0.008959293365478516
0.0042705535888671875
0.005339384078979492
0.0073544979095458984
0.00812530517578125
0.01125335693359375
0.010844707489013672
0.0060083866119384766
0.00756382942199707
0.0037009716033935547
0.0058629512786865234
0.004900693893432617
0.008800983428955078
0.008695363998413086
0.006205081939697266
0.0056705474853515625
0.0038034915924072266
0.007292509078979492
0.006462574005126953
0.00624847412109375
0.009877681732177734
0.004681587219238281
0.006422996520996094
0.008607149124145508
0.004325389862060547
0.006344795227050781
0.004891872406005859
0.0047075748443603516
0.007048368453979492
0.005814790725708008
0.008106708526611328
0.006567239761352539
0.006443023681640625
0.006182193756103516
0.006284236907958984
0.008520364761352539
0.004457950592041016
0.005316734313964844
0.008426904678344727
0.0070493221282958984
0.007861137390136719
0.0040438175201416016
0.005651950836181641
0.005818605422973633
0.013634920120239258
0.01523137092590332
0.006752729415893555
0.011091232299804688
0.00915980339050293
0.014644145965576172
0.013472557067871094
0.0025746822357177734
0.010077953338623047
0.009400606155395508
0.009471893310546875
0.002187967300415039
