0.9290242195129395
0.9289100170135498
0.9279937744140625
0.9209287166595459
0.8543510437011719
0.019446372985839844
0.019266366958618164
0.01896047592163086
0.018429040908813477
0.018239498138427734
0.007793426513671875
0.007580995559692383
0.00821828842163086
0.00802755355834961
0.010552406311035156
0.008630037307739258
0.010321378707885742
0.008915901184082031
0.010468006134033203
0.011008739471435547
0.014497756958007812
0.009393453598022461
0.010147333145141602
0.010489225387573242
0.0061838626861572266
0.012523651123046875
0.011393547058105469
0.007475376129150391
0.00741267204284668
0.00966644287109375
0.010114192962646484
0.013943195343017578
0.0076982975006103516
0.013542413711547852
0.01315617561340332
0.014094829559326172
0.007952690124511719
0.005042076110839844
0.006035566329956055
0.005886554718017578
0.010222673416137695
0.004621982574462891
0.0045986175537109375
0.004149436950683594
0.004102468490600586
0.00790715217590332
0.00880885124206543
0.0038962364196777344
0.006957054138183594
0.004682779312133789
0.007023334503173828
0.005018472671508789
0.0052073001861572266
0.006365776062011719
0.006140470504760742
0.009648561477661133
0.004285573959350586
0.0026085376739501953
0.008859634399414062
0.008858919143676758
0.00858306884765625
0.0044727325439453125
0.004986763000488281
0.004891157150268555
0.006023406982421875
0.0114593505859375
0.009322404861450195
0.009317636489868164
0.00410151481628418
0.00418853759765625
0.005934476852416992
0.0044744014739990234
0.004557371139526367
0.007018327713012695
0.00418400764465332
0.002966642379760742
0.005780696868896484
0.003224611282348633
0.010265111923217773
0.01015472412109375
0.004563331604003906
0.0072574615478515625
0.004095792770385742
0.005320310592651367
0.0043637752532958984
0.0035369396209716797
0.0037927627563476562
0.0075228214263916016
0.007282257080078125
0.007632732391357422
0.004598140716552734
0.005919933319091797
0.005274057388305664
0.0036258697509765625
0.008333444595336914
0.008489608764648438
0.006061553955078125
0.006827592849731445
0.0056400299072265625
0.005015134811401367
0.003543853759765625
0.006107807159423828
0.0077326297760009766
0.007365703582763672
0.007916450500488281
0.0041234493255615234
0.004237651824951172
0.0069408416748046875
0.005300283432006836
0.005464076995849609
0.0036592483520507812
0.004960775375366211
0.005698680877685547
0.0036895275115966797
0.008367061614990234
0.005876779556274414
0.006284475326538086
0.006139993667602539
0.005503177642822266
0.0064585208892822266
0.0036940574645996094
0.007003307342529297
0.005621194839477539
0.022846460342407227
0.02179741859436035
0.0037775039672851562
0.009780645370483398
0.006160736083984375
0.005802154541015625
0.02457714080810547
0.006555318832397461
0.013803958892822266
0.013602972030639648
0.008674383163452148
0.0038814544677734375
