0.995368480682373
0.9630751609802246
0.012925863265991211
0.00968480110168457
0.009024620056152344
0.03282642364501953
0.02613043785095215
0.03090047836303711
0.023988723754882812
0.0058138370513916016
0.009780168533325195
0.009737730026245117
0.009711742401123047
0.0030639171600341797
0.01709723472595215
0.017052888870239258
0.012330770492553711
0.01743602752685547
0.012957572937011719
0.023403406143188477
0.023494482040405273
0.021313905715942383
0.020976543426513672
0.02073836326599121
0.016363859176635742
0.03227543830871582
0.01357412338256836
0.01808619499206543
0.014378070831298828
0.02534937858581543
0.014036178588867188
0.010555028915405273
0.016064167022705078
0.016130924224853516
0.02694392204284668
0.03211688995361328
0.011391639709472656
0.01569676399230957
0.015631675720214844
0.014618635177612305
0.014588117599487305
0.013718128204345703
0.012174367904663086
0.01578664779663086
0.003514528274536133
0.006098270416259766
0.00697779655456543
0.006769657135009766
0.006727457046508789
0.014792442321777344
0.005986690521240234
0.011362314224243164
0.007424592971801758
0.006012439727783203
0.005754232406616211
0.008501529693603516
0.007174253463745117
0.011831283569335938
0.012643814086914062
0.0049762725830078125
0.008253097534179688
0.006880044937133789
0.006847381591796875
0.006795406341552734
0.004875898361206055
0.00789332389831543
0.004672527313232422
0.007041215896606445
0.009693622589111328
0.004647731781005859
0.006106376647949219
0.006047725677490234
0.004399538040161133
0.004698514938354492
0.008439779281616211
0.009538650512695312
0.009555578231811523
0.0067522525787353516
0.009073495864868164
0.0036895275115966797
0.007902860641479492
0.008092403411865234
0.0072209835052490234
0.007584333419799805
0.0042493343353271484
0.007161617279052734
0.008013248443603516
0.006760358810424805
0.006695985794067383
0.006047248840332031
0.003446340560913086
0.004968881607055664
0.004609346389770508
0.0046520233154296875
0.002949953079223633
0.006933450698852539
0.005605220794677734
0.0057964324951171875
0.009495973587036133
0.00935506820678711
0.0026776790618896484
0.008816003799438477
0.006337404251098633
0.008527755737304688
0.003979921340942383
0.00699162483215332
0.0070950984954833984
0.0029201507568359375
0.006472587585449219
0.006756305694580078
0.009245157241821289
0.009198904037475586
0.009498119354248047
0.010329008102416992
0.004010438919067383
0.007171630859375
0.0073316097259521484
0.006041049957275391
0.006850004196166992
0.005576133728027344
0.0066645145416259766
0.010004758834838867
0.01034998893737793
0.011103630065917969
0.0036411285400390625
0.009279489517211914
0.008855104446411133
0.0061266422271728516
0.006695985794067383
0.0050427913665771484
0.008385658264160156
0.0068476200103759766
0.015414953231811523
0.009271621704101562
0.005843639373779297
0.00629878044128418
0.009147405624389648
0.026152610778808594
0.029311418533325195
0.004475116729736328
0.012773513793945312
0.010711908340454102
0.005697011947631836
0.005317211151123047
