0.0007605552673339844
0.0005130767822265625
0.0014996528625488281
0.0003528594970703125
0.000885009765625
0.0004115104675292969
0.00031495094299316406
0.0002872943878173828
0.0003304481506347656
0.0010132789611816406
0.00035262107849121094
0.0013298988342285156
0.0007421970367431641
0.0006287097930908203
0.0003218650817871094
0.0004923343658447266
0.00039505958557128906
0.00041937828063964844
0.00033164024353027344
0.00029969215393066406
0.0003159046173095703
0.0019655227661132812
0.0007615089416503906
0.0004143714904785156
0.0004980564117431641
0.0004291534423828125
0.0003437995910644531
0.0004181861877441406
0.0005328655242919922
0.0005078315734863281
0.0005495548248291016
0.00048041343688964844
0.00030159950256347656
0.0004253387451171875
0.0007519721984863281
0.0012233257293701172
0.0004096031188964844
0.0008771419525146484
0.00046181678771972656
0.0005459785461425781
0.000476837158203125
0.0009582042694091797
0.0005090236663818359
0.0006763935089111328
0.0005679130554199219
0.00037598609924316406
0.0009448528289794922
0.0008275508880615234
0.0004982948303222656
0.0009012222290039062
0.0005080699920654297
0.00042057037353515625
0.0006184577941894531
0.0005581378936767578
0.0005965232849121094
0.0005514621734619141
0.0009443759918212891
0.0007731914520263672
0.0013647079467773438
0.000993967056274414
0.0009753704071044922
0.001005411148071289
0.0010573863983154297
0.0005273818969726562
0.000985860824584961
0.000990152359008789
0.0006134510040283203
0.0004374980926513672
0.0006299018859863281
0.0008001327514648438
0.0009882450103759766
0.000965118408203125
0.0007956027984619141
0.0015189647674560547
0.0004203319549560547
0.0005719661712646484
0.0005433559417724609
0.0005323886871337891
0.0007357597351074219
0.0006241798400878906
0.0007369518280029297
0.0005471706390380859
0.0004329681396484375
0.00041103363037109375
0.0004813671112060547
0.0005626678466796875
0.0007948875427246094
0.0008962154388427734
0.0006418228149414062
0.0005583763122558594
0.0006029605865478516
0.0010449886322021484
0.000347137451171875
0.0003800392150878906
0.0004973411560058594
0.00040149688720703125
0.0004737377166748047
0.0009181499481201172
0.0013988018035888672
0.0018968582153320312
0.0007913112640380859
0.00039005279541015625
0.0018963813781738281
0.000457763671875
0.0008165836334228516
0.00039076805114746094
0.0005698204040527344
0.0004794597625732422
0.0010402202606201172
0.0009248256683349609
0.0009582042694091797
0.0005528926849365234
0.0007777214050292969
0.0005619525909423828
0.0007004737854003906
0.0007464885711669922
0.0009546279907226562
0.0006263256072998047
0.0014638900756835938
0.0013687610626220703
0.0006799697875976562
0.0007352828979492188
0.0008697509765625
0.00047326087951660156
0.0004153251647949219
0.0005509853363037109
0.00048542022705078125
0.0007839202880859375
0.0010766983032226562
0.0009753704071044922
0.0009114742279052734
0.0007631778717041016
0.0009703636169433594
0.0008943080902099609
0.0005452632904052734
0.0008261203765869141
0.0007412433624267578
0.0008141994476318359
0.0013380050659179688
0.0011720657348632812
0.0006132125854492188
0.0009303092956542969
0.0011653900146484375
0.0007643699645996094
0.0010399818420410156
0.0008158683776855469
0.0006518363952636719
0.00047898292541503906
0.0008795261383056641
0.0011181831359863281
0.0006501674652099609
0.0008435249328613281
0.0011985301971435547
0.0006647109985351562
0.0005710124969482422
0.0008192062377929688
0.00044345855712890625
0.0009753704071044922
0.0012962818145751953
0.001522064208984375
0.000415802001953125
0.0005543231964111328
0.0008807182312011719
0.0005815029144287109
0.0004742145538330078
0.0004050731658935547
0.0004112720489501953
0.0004818439483642578
0.0006349086761474609
0.0005800724029541016
0.00045752525329589844
0.0011243820190429688
0.0009191036224365234
0.0008387565612792969
0.0006744861602783203
0.0007691383361816406
0.0006046295166015625
0.0007877349853515625
0.00074005126953125
