0.0007283687591552734
0.00107574462890625
0.0005526542663574219
0.0004279613494873047
0.00040411949157714844
0.00046372413635253906
0.001264333724975586
0.0005545616149902344
0.0019741058349609375
0.0009570121765136719
0.0007507801055908203
0.00045752525329589844
0.0006563663482666016
0.0005466938018798828
0.0005724430084228516
0.0004506111145019531
0.00046944618225097656
0.0005133152008056641
0.002161741256713867
0.0004000663757324219
0.0005581378936767578
0.000667572021484375
0.0005619525909423828
0.0004799365997314453
0.0005633831024169922
0.0006613731384277344
0.0006518363952636719
0.0008029937744140625
0.0006406307220458984
0.00041103363037109375
0.0005950927734375
0.0009443759918212891
0.0008740425109863281
0.0005688667297363281
0.0012271404266357422
0.0006632804870605469
0.00038814544677734375
0.0003502368927001953
0.0007045269012451172
0.0007097721099853516
0.0009229183197021484
0.00040984153747558594
0.0005223751068115234
0.0012874603271484375
0.001096487045288086
0.0006964206695556641
0.0006477832794189453
0.0003561973571777344
0.0005915164947509766
0.00042724609375
0.0007607936859130859
0.0007655620574951172
0.00039577484130859375
0.0007708072662353516
0.0010533332824707031
0.0010225772857666016
0.0006411075592041016
0.0007212162017822266
0.0007545948028564453
0.0007793903350830078
0.0007905960083007812
0.0007081031799316406
0.0012409687042236328
0.0009360313415527344
0.0006234645843505859
0.0003857612609863281
0.0006258487701416016
0.0007469654083251953
0.0007092952728271484
0.0006299018859863281
0.001135110855102539
0.0005922317504882812
0.0007376670837402344
0.0007545948028564453
0.0007238388061523438
0.0005452632904052734
0.0004642009735107422
0.0005803108215332031
0.0003898143768310547
0.0003006458282470703
0.0005631446838378906
0.00034880638122558594
0.0004239082336425781
0.0005996227264404297
0.0010886192321777344
0.0004832744598388672
0.0004119873046875
0.00042891502380371094
0.0008685588836669922
0.0004513263702392578
0.0005853176116943359
0.0007965564727783203
0.0006077289581298828
0.0006566047668457031
0.0005972385406494141
0.0018308162689208984
0.0021877288818359375
0.0013034343719482422
0.0005855560302734375
0.0020606517791748047
0.0007445812225341797
0.0013530254364013672
0.0006167888641357422
0.0009074211120605469
0.0006771087646484375
0.0008199214935302734
0.0007233619689941406
0.0007534027099609375
0.0008215904235839844
0.0005950927734375
0.0007383823394775391
0.00096893310546875
0.0005376338958740234
0.0006988048553466797
0.0009081363677978516
0.001012563705444336
0.0009114742279052734
0.0005044937133789062
0.0005736351013183594
0.0009698867797851562
0.0006511211395263672
0.0005812644958496094
0.0007572174072265625
0.0006601810455322266
0.0010814666748046875
0.0008349418640136719
0.0007252693176269531
0.0006549358367919922
0.0005946159362792969
0.0008480548858642578
0.0007348060607910156
0.00040149688720703125
0.0006527900695800781
0.0009777545928955078
0.0012865066528320312
0.0011057853698730469
0.0009801387786865234
0.000446319580078125
0.000732421875
0.0010151863098144531
0.0005362033843994141
0.0007925033569335938
0.0012602806091308594
0.0008945465087890625
0.0007197856903076172
0.0011408329010009766
0.0014145374298095703
0.0008826255798339844
0.0011663436889648438
0.0014190673828125
0.0009870529174804688
0.0010344982147216797
0.0013003349304199219
0.0007855892181396484
0.0011620521545410156
0.0010488033294677734
0.0013475418090820312
0.0006434917449951172
0.0007812976837158203
0.001020669937133789
0.0009312629699707031
0.0009429454803466797
0.0006322860717773438
0.0005748271942138672
0.0006875991821289062
0.0008757114410400391
0.0007843971252441406
0.0007066726684570312
0.0009067058563232422
0.0007307529449462891
0.0006632804870605469
0.0009641647338867188
0.000583648681640625
0.0004372596740722656
0.0010156631469726562
0.0010943412780761719
