0.0035278797149658203
0.003371715545654297
0.003855466842651367
0.0028519630432128906
0.0025098323822021484
0.0026216506958007812
0.0027573108673095703
0.0033507347106933594
0.0024900436401367188
0.0027799606323242188
0.002813100814819336
0.0026493072509765625
0.0031659603118896484
0.002587556838989258
0.002801656723022461
0.0026950836181640625
0.0027909278869628906
0.003157377243041992
0.003279447555541992
0.0027074813842773438
0.0027091503143310547
0.002505064010620117
0.0026712417602539062
0.002986907958984375
0.002497434616088867
0.0034584999084472656
0.0029141902923583984
0.003036022186279297
0.003587484359741211
0.0027151107788085938
0.003444194793701172
0.0028111934661865234
0.0024895668029785156
0.002515554428100586
