1.0128602981567383
0.011106252670288086
0.011414289474487305
0.0029668807983398438
0.010806560516357422
0.0036363601684570312
0.0033745765686035156
0.0036859512329101562
0.004846811294555664
0.0033483505249023438
0.0031714439392089844
0.004413127899169922
0.0032219886779785156
0.0037817955017089844
0.0036530494689941406
0.00292205810546875
0.0035555362701416016
0.0028667449951171875
0.003711223602294922
0.003686189651489258
0.0029397010803222656
1.007866382598877
0.012369871139526367
0.009245157241821289
0.006341218948364258
0.003653287887573242
0.003480672836303711
0.0035779476165771484
0.003820180892944336
0.00414276123046875
0.004064798355102539
0.003976345062255859
0.004496335983276367
0.0036983489990234375
0.0037043094635009766
0.004181385040283203
0.002821683883666992
0.0027616024017333984
0.0055408477783203125
0.0035750865936279297
0.003874540328979492
0.005408525466918945
