1.0260396003723145
0.0027484893798828125
0.002688169479370117
0.0027306079864501953
0.0027112960815429688
0.002638101577758789
0.0026559829711914062
0.0027437210083007812
0.0029964447021484375
0.0023081302642822266
0.0026786327362060547
0.0027403831481933594
0.002685070037841797
0.002733945846557617
0.003286600112915039
0.0030477046966552734
0.002379179000854492
0.0021872520446777344
1.0182347297668457
0.002840280532836914
0.0028259754180908203
0.0028181076049804688
0.003715991973876953
0.0025157928466796875
0.0033626556396484375
0.002657175064086914
0.002764463424682617
0.0028672218322753906
0.0026428699493408203
0.0027399063110351562
0.004096508026123047
0.0030841827392578125
0.00289154052734375
0.002665996551513672
0.002683401107788086
0.003805875778198242
