0.957575798034668
0.0019974708557128906
0.0028939247131347656
0.002789020538330078
0.0025725364685058594
0.0026099681854248047
0.0027561187744140625
0.0028116703033447266
0.0030701160430908203
0.002819538116455078
0.0029060840606689453
0.0028841495513916016
0.002530813217163086
0.0026121139526367188
0.0035512447357177734
0.003550291061401367
0.0027747154235839844
0.0028967857360839844
0.9553625583648682
0.002773761749267578
0.003576040267944336
0.004168033599853516
0.0029630661010742188
0.0028433799743652344
0.0028314590454101562
0.002784252166748047
0.0026438236236572266
0.0027153491973876953
0.0028710365295410156
0.00269317626953125
0.0027980804443359375
0.0027158260345458984
0.0029075145721435547
0.002894163131713867
0.0029532909393310547
0.002825498580932617
