0.0077745914459228516
0.002715587615966797
0.0030715465545654297
0.0031969547271728516
0.0028607845306396484
0.0030095577239990234
0.003721475601196289
0.003881692886352539
0.0029740333557128906
0.003225088119506836
0.0030672550201416016
0.0034477710723876953
0.003151416778564453
0.002716541290283203
0.0035626888275146484
0.003966093063354492
0.0029449462890625
0.0035276412963867188
0.004222869873046875
0.006891965866088867
0.0053751468658447266
0.003012418746948242
0.0024025440216064453
0.0034859180450439453
0.003276824951171875
0.003137350082397461
0.003870725631713867
0.0034406185150146484
0.003091573715209961
0.0030753612518310547
0.003195047378540039
0.003000020980834961
0.004377841949462891
0.0027360916137695312
0.0031363964080810547
0.004139423370361328
0.004035472869873047
0.008071184158325195
