0.014414787292480469
0.003107309341430664
0.002917051315307617
0.004098415374755859
0.0028350353240966797
0.003303050994873047
0.003296375274658203
0.0034050941467285156
0.003378629684448242
0.003557920455932617
0.0035598278045654297
0.003276824951171875
0.003495454788208008
0.0035774707794189453
0.002915620803833008
0.003797769546508789
0.0033540725708007812
0.0034284591674804688
0.0026841163635253906
0.003490447998046875
0.015617132186889648
0.005716085433959961
0.0030510425567626953
0.0033440589904785156
0.004326581954956055
0.002683401107788086
0.0037763118743896484
0.005092620849609375
0.0030181407928466797
0.002681255340576172
0.0036089420318603516
0.0035400390625
0.0036590099334716797
0.003451824188232422
0.00440216064453125
0.003070831298828125
0.005255460739135742
0.004557132720947266
0.004795074462890625
0.0034341812133789062
