0.004411458969116211
0.00287628173828125
0.0037043094635009766
0.002804994583129883
0.0033652782440185547
0.0034956932067871094
0.0027632713317871094
0.0034999847412109375
0.0027306079864501953
0.002643108367919922
0.0035734176635742188
0.0031554698944091797
0.0031239986419677734
0.0031871795654296875
0.0031843185424804688
0.002965211868286133
0.0026743412017822266
0.0030841827392578125
0.004206418991088867
0.002997875213623047
0.0029969215393066406
0.0029458999633789062
0.0035986900329589844
0.003016233444213867
0.0028831958770751953
0.0024831295013427734
0.0030732154846191406
0.0027844905853271484
0.002941131591796875
0.0027310848236083984
0.0032241344451904297
0.002682209014892578
0.0030946731567382812
0.0028128623962402344
0.002959012985229492
0.0026738643646240234
