0.9785535335540771
0.004286050796508789
0.0029633045196533203
0.0031549930572509766
0.0035707950592041016
0.002876758575439453
0.003081798553466797
0.002857208251953125
0.003008604049682617
0.0025022029876708984
0.0035581588745117188
0.003094196319580078
0.0036809444427490234
0.00276947021484375
0.0030303001403808594
0.0028564929962158203
0.002892732620239258
0.0030312538146972656
0.003166675567626953
0.9488604068756104
0.0028531551361083984
0.0029282569885253906
0.0032198429107666016
0.0029320716857910156
0.003208160400390625
0.0036268234252929688
0.0029556751251220703
0.0030083656311035156
0.004244089126586914
0.003103494644165039
0.0030393600463867188
0.002991914749145508
0.003351926803588867
0.004493236541748047
0.0036623477935791016
0.0031561851501464844
0.003106832504272461
0.00450587272644043
