0.9879992008209229
0.006112098693847656
0.0055119991302490234
0.008404970169067383
0.010253190994262695
0.0039179325103759766
0.0037238597869873047
0.0035543441772460938
0.008630752563476562
0.003818035125732422
0.0038788318634033203
0.004976987838745117
0.005099773406982422
0.0063016414642333984
0.009390115737915039
0.00695347785949707
0.007178068161010742
0.003929853439331055
0.0039038658142089844
0.0057833194732666016
0.004138469696044922
0.9991412162780762
0.009002685546875
0.0046596527099609375
0.0073108673095703125
0.004335165023803711
0.004072427749633789
0.0038297176361083984
0.003963470458984375
0.008228778839111328
0.0039217472076416016
0.007958412170410156
0.005059003829956055
0.003962278366088867
0.004349470138549805
0.00817251205444336
0.004144906997680664
0.003742694854736328
0.011152267456054688
0.005706787109375
0.005030393600463867
0.004819154739379883
