1.0018506050109863
0.0027742385864257812
0.0035593509674072266
0.0032739639282226562
0.0037806034088134766
0.002290487289428711
0.0040018558502197266
0.003439664840698242
0.003278017044067383
0.0028464794158935547
0.003493785858154297
0.0037224292755126953
0.0043714046478271484
0.0042324066162109375
0.0028035640716552734
0.003063201904296875
0.003939151763916016
0.0033872127532958984
0.0036115646362304688
0.003362417221069336
1.001927137374878
0.012567520141601562
0.0028312206268310547
0.003201007843017578
0.003259897232055664
0.003270864486694336
0.003559112548828125
0.0033006668090820312
0.003983259201049805
0.0034241676330566406
0.0034515857696533203
0.003486156463623047
0.003205537796020508
0.0032761096954345703
0.0035283565521240234
0.002375364303588867
0.003409147262573242
0.0035750865936279297
0.003439188003540039
0.010395288467407227
