1.8905308246612549
1.8888072967529297
1.8876190185546875
1.8864030838012695
1.8805952072143555
1.8519320487976074
0.9795923233032227
0.8509962558746338
0.02781987190246582
0.05263090133666992
0.03779864311218262
0.025367021560668945
0.04155373573303223
0.04046177864074707
0.05088353157043457
0.033281803131103516
0.00929570198059082
0.02732062339782715
0.026994705200195312
0.026261329650878906
0.028208017349243164
0.03105473518371582
0.024687528610229492
0.03227591514587402
0.02852010726928711
0.027951955795288086
0.009502649307250977
0.027021408081054688
0.02778029441833496
0.05006575584411621
0.05005359649658203
0.042223215103149414
0.033963918685913086
0.033715248107910156
0.02559351921081543
0.03298044204711914
0.030444860458374023
0.009644508361816406
0.0378262996673584
0.026238679885864258
0.01421356201171875
0.02765512466430664
0.013855695724487305
0.012334346771240234
0.01867532730102539
0.007355451583862305
0.006796360015869141
0.005438327789306641
0.005247831344604492
0.00611424446105957
0.006927013397216797
0.0069272518157958984
0.023394346237182617
0.011038780212402344
0.006817340850830078
0.006055116653442383
0.007753849029541016
0.005555152893066406
0.004334449768066406
0.004514932632446289
0.004181623458862305
0.00921320915222168
0.015048503875732422
0.012000560760498047
0.007047414779663086
0.005889177322387695
0.003622770309448242
0.003820657730102539
0.004003286361694336
0.004824638366699219
0.006476640701293945
0.0041522979736328125
0.011235952377319336
0.005694389343261719
0.005246400833129883
0.007674455642700195
0.006577968597412109
0.005704164505004883
0.0029778480529785156
0.0031168460845947266
0.0026886463165283203
0.003715038299560547
0.006611824035644531
0.0073549747467041016
0.008016109466552734
0.005869388580322266
0.00445103645324707
0.0032863616943359375
0.010514259338378906
0.008063316345214844
0.004678249359130859
0.005316972732543945
0.004126787185668945
0.013451814651489258
0.015177249908447266
0.005913734436035156
0.003720521926879883
0.004174947738647461
0.00747990608215332
0.00511622428894043
0.004407167434692383
0.005059242248535156
0.0052869319915771484
0.007653474807739258
0.012937784194946289
0.00436854362487793
0.005347013473510742
0.0054779052734375
0.008400678634643555
0.008585929870605469
0.006558418273925781
0.008299112319946289
0.005917549133300781
0.015422582626342773
0.004968881607055664
0.005028963088989258
0.0052568912506103516
0.004732608795166016
0.01043081283569336
0.007701873779296875
0.010477542877197266
0.009003877639770508
0.00825643539428711
0.011551618576049805
0.005591154098510742
0.00411677360534668
0.003524303436279297
0.005903959274291992
0.006108760833740234
0.005513191223144531
