1.971771478652954
1.9529376029968262
1.9483294486999512
1.9368226528167725
0.971287727355957
0.9488515853881836
0.02163863182067871
0.01879262924194336
0.021665096282958984
0.017752885818481445
0.017628908157348633
0.01797938346862793
0.00905609130859375
0.01002192497253418
0.003991365432739258
0.027584552764892578
0.027638673782348633
0.03214859962463379
0.03226327896118164
0.0295865535736084
0.0395207405090332
0.041948556900024414
0.04480290412902832
0.021285295486450195
0.03671622276306152
0.03619718551635742
0.04015159606933594
0.040193796157836914
0.027870655059814453
0.02655768394470215
0.027698040008544922
0.03083944320678711
0.038039207458496094
0.03682088851928711
0.016562461853027344
0.0283963680267334
0.028055191040039062
0.027384042739868164
0.04107069969177246
0.03208613395690918
0.025822877883911133
0.04950451850891113
0.04952120780944824
0.03496742248535156
0.003257274627685547
0.05831146240234375
0.030678987503051758
0.029153823852539062
0.01700448989868164
0.020237207412719727
0.021894454956054688
0.028544902801513672
0.007515907287597656
0.007309913635253906
0.0058231353759765625
0.006758451461791992
0.005970001220703125
0.003451108932495117
0.006833553314208984
0.009814262390136719
0.009268522262573242
0.013412952423095703
0.006644248962402344
0.005807638168334961
0.005961179733276367
0.006125688552856445
0.004098415374755859
0.007471561431884766
0.011575937271118164
0.017122268676757812
0.008342981338500977
0.009896516799926758
0.006093025207519531
0.009013652801513672
0.0071735382080078125
0.006276369094848633
0.003015279769897461
0.002521991729736328
0.005397319793701172
0.0027315616607666016
0.006359577178955078
0.005136728286743164
0.006136417388916016
0.003095388412475586
0.006037473678588867
0.006520748138427734
0.003289461135864258
0.0027625560760498047
0.0027360916137695312
0.004612922668457031
0.007012128829956055
0.005285978317260742
0.0032134056091308594
0.005612373352050781
0.0052945613861083984
0.0064737796783447266
0.006880998611450195
0.004660367965698242
0.006315946578979492
0.003926992416381836
0.010208606719970703
0.009227752685546875
0.0043528079986572266
0.003984212875366211
0.0054094791412353516
0.007958650588989258
0.008692026138305664
0.0051116943359375
0.009430408477783203
0.005326509475708008
0.0060536861419677734
0.014106988906860352
0.0032274723052978516
0.005811452865600586
0.007235288619995117
0.009799480438232422
0.008641719818115234
0.009329795837402344
0.015643835067749023
0.0067403316497802734
0.007399320602416992
0.0194857120513916
0.005760908126831055
0.003652334213256836
0.005388736724853516
0.013303279876708984
0.008209943771362305
0.006102800369262695
0.011438846588134766
0.007344484329223633
0.01574087142944336
0.01150965690612793
0.00405120849609375
0.0037546157836914062
0.005139589309692383
0.004773855209350586
0.009270429611206055
