1.9937891960144043
1.929516077041626
0.980276346206665
0.9583423137664795
0.009841680526733398
0.019681215286254883
0.026395559310913086
0.018239498138427734
0.0050389766693115234
0.01306009292602539
0.003185749053955078
0.031989097595214844
0.03406786918640137
0.03443717956542969
0.027502775192260742
0.02294301986694336
0.0229184627532959
0.029859066009521484
0.012732744216918945
0.0039768218994140625
0.047356367111206055
0.047084808349609375
0.04662513732910156
0.03805351257324219
0.036115169525146484
0.03753781318664551
0.038565874099731445
0.03789258003234863
0.06244492530822754
0.04480266571044922
0.04383969306945801
0.041727542877197266
0.03300881385803223
0.04175925254821777
0.0379638671875
0.03811144828796387
0.03628134727478027
0.038480281829833984
0.037312984466552734
0.04060220718383789
0.024945974349975586
0.0490880012512207
0.027413129806518555
0.019394636154174805
0.0265500545501709
0.027281761169433594
0.028203964233398438
0.03390979766845703
0.03748774528503418
0.004402875900268555
0.02562403678894043
0.019619226455688477
0.03969836235046387
0.03185558319091797
0.03421282768249512
0.03218889236450195
0.029263734817504883
0.006327629089355469
0.0074694156646728516
0.005691051483154297
0.0040209293365478516
0.004065275192260742
0.0058252811431884766
0.0074748992919921875
0.0067291259765625
0.016636133193969727
0.015253305435180664
0.007413625717163086
0.006337642669677734
0.0041081905364990234
0.00586390495300293
0.0029993057250976562
0.002875804901123047
0.004313230514526367
0.010936498641967773
0.012370824813842773
0.011889934539794922
0.003960609436035156
0.008688211441040039
0.004685163497924805
0.005060434341430664
0.0034859180450439453
0.008001327514648438
0.00500035285949707
0.0027832984924316406
0.006247043609619141
0.010439157485961914
0.003139972686767578
0.00777125358581543
0.007128715515136719
0.007244110107421875
0.005551576614379883
0.0060956478118896484
0.005772590637207031
0.0053675174713134766
0.004752159118652344
0.0068776607513427734
0.004197597503662109
0.007875919342041016
0.002533435821533203
0.005631208419799805
0.008643388748168945
0.005896329879760742
0.007048368453979492
0.004918098449707031
0.005718708038330078
0.006303548812866211
0.004174470901489258
0.00643610954284668
0.005963563919067383
0.004037618637084961
0.007257699966430664
0.006620645523071289
0.005406618118286133
0.004076719284057617
0.0025599002838134766
0.009268045425415039
0.003246307373046875
0.004555225372314453
0.004902362823486328
0.0068683624267578125
0.011448860168457031
0.01058506965637207
0.009622335433959961
0.013658285140991211
0.005555152893066406
0.008981704711914062
0.005344867706298828
0.003401041030883789
0.006545543670654297
0.008639812469482422
0.007491350173950195
0.009985685348510742
0.0036978721618652344
0.008003473281860352
0.007439374923706055
0.0165250301361084
0.006005048751831055
0.005182981491088867
0.007089138031005859
0.015170574188232422
0.012276649475097656
