0.7825038433074951
0.7597601413726807
0.7561376094818115
0.7479000091552734
0.7399067878723145
0.739304780960083
0.7386291027069092
0.7215030193328857
0.6990857124328613
0.017316102981567383
0.015514373779296875
0.03026604652404785
0.030931949615478516
0.03232002258300781
0.025966644287109375
0.0168001651763916
0.023417234420776367
0.022544384002685547
0.005647897720336914
0.04704737663269043
0.021164655685424805
0.034149169921875
0.03330063819885254
0.023912429809570312
0.014411687850952148
0.023416519165039062
0.02297520637512207
0.013611793518066406
0.01609659194946289
0.020876169204711914
0.025335073471069336
0.015159368515014648
0.024874210357666016
0.023075342178344727
0.04125809669494629
0.04928255081176758
0.0384824275970459
0.00836634635925293
0.0029745101928710938
0.005257844924926758
0.003894329071044922
0.006197214126586914
0.007141828536987305
0.03402137756347656
0.009767770767211914
0.007189035415649414
0.007971048355102539
0.005080461502075195
0.006211280822753906
0.006246805191040039
0.005017757415771484
0.005745887756347656
0.003454446792602539
0.010674476623535156
0.010966777801513672
0.0075321197509765625
0.006681919097900391
0.007416248321533203
0.003939390182495117
0.005892515182495117
0.003884553909301758
0.005306720733642578
0.0026624202728271484
0.005666017532348633
0.006131410598754883
0.00581812858581543
0.0059604644775390625
0.005311250686645508
0.006368875503540039
0.004691362380981445
0.008554697036743164
0.005434274673461914
0.0094757080078125
0.0034513473510742188
0.006780862808227539
0.0057904720306396484
0.0057294368743896484
0.011035442352294922
0.00341033935546875
0.003071308135986328
0.01148223876953125
0.005818367004394531
0.003769397735595703
0.004159450531005859
0.003854036331176758
0.011425495147705078
0.005511283874511719
0.009634256362915039
0.0039048194885253906
0.003042459487915039
0.009609222412109375
0.0042378902435302734
0.0030252933502197266
0.0075070858001708984
0.005115032196044922
0.026678085327148438
0.003509044647216797
0.004734516143798828
0.00389862060546875
0.006125211715698242
0.007808208465576172
0.006318807601928711
0.002702474594116211
0.011598825454711914
0.003162384033203125
0.014323711395263672
0.004736661911010742
0.006697893142700195
0.005274534225463867
0.007941484451293945
0.00531315803527832
0.006200551986694336
0.010952949523925781
0.01033163070678711
0.005141496658325195
0.005728244781494141
0.0035169124603271484
0.0077381134033203125
0.004971027374267578
0.003926515579223633
0.005830049514770508
0.0047702789306640625
