1.954484224319458
0.9696969985961914
0.008005619049072266
0.013045549392700195
0.00911402702331543
0.009671688079833984
0.018662452697753906
0.006108760833740234
0.019067049026489258
0.021477222442626953
0.019499778747558594
0.015503168106079102
0.00478816032409668
0.014979362487792969
0.07134771347045898
0.06553864479064941
0.05679440498352051
0.05004477500915527
0.04638409614562988
0.042571306228637695
0.04833364486694336
0.004785060882568359
0.009548425674438477
0.08159542083740234
0.07581758499145508
0.0707712173461914
0.07672238349914551
0.056977272033691406
0.06684303283691406
0.0623171329498291
0.05281400680541992
0.05861711502075195
0.05079078674316406
0.0492556095123291
0.047962188720703125
0.03902149200439453
0.046773433685302734
0.04377007484436035
0.04582023620605469
0.055538177490234375
0.07071185111999512
0.05094170570373535
0.0345005989074707
0.027155399322509766
0.03912234306335449
0.04964780807495117
0.05605459213256836
0.04510760307312012
0.041869163513183594
0.031052112579345703
0.03547549247741699
0.05643725395202637
0.008429765701293945
0.009550094604492188
0.0697946548461914
0.06859159469604492
0.031158447265625
0.05542492866516113
0.04983353614807129
0.07575154304504395
0.0066950321197509766
0.007877588272094727
0.00576329231262207
0.005929231643676758
0.00534510612487793
0.006256580352783203
0.007379293441772461
0.009497642517089844
0.025057077407836914
0.03326582908630371
0.004450321197509766
0.006151437759399414
0.004406929016113281
0.004358053207397461
0.0030524730682373047
0.0045948028564453125
0.007605075836181641
0.007867813110351562
0.010601282119750977
0.01209712028503418
0.004044055938720703
0.005772113800048828
0.004587888717651367
0.0039615631103515625
0.0052950382232666016
0.004775047302246094
0.00794529914855957
0.003179311752319336
0.019718408584594727
0.020434856414794922
0.0032427310943603516
0.007130146026611328
0.005798816680908203
0.003828763961791992
0.007828950881958008
0.004551410675048828
0.00451970100402832
0.005472660064697266
0.012397527694702148
0.012951135635375977
0.004115104675292969
0.006287813186645508
0.006510496139526367
0.009479522705078125
0.007430315017700195
0.007214069366455078
0.004663944244384766
0.004247188568115234
0.007279396057128906
0.009525775909423828
0.006659030914306641
0.006997585296630859
0.007012844085693359
0.004944324493408203
0.0069119930267333984
0.010860443115234375
0.004275798797607422
0.005427837371826172
0.003251791000366211
0.006886482238769531
0.0037381649017333984
0.009084701538085938
0.005151271820068359
0.005481719970703125
0.0070154666900634766
0.00821065902709961
0.009484291076660156
0.0071871280670166016
0.005048990249633789
0.00791478157043457
0.0051937103271484375
0.005837678909301758
0.00702214241027832
0.006789684295654297
0.009595870971679688
0.010849237442016602
0.0046198368072509766
0.007953166961669922
0.006483316421508789
0.017426729202270508
0.005345582962036133
0.0055539608001708984
0.005843639373779297
0.007641792297363281
0.0080413818359375
0.011539220809936523
55.169076681137085
59.10269117355347
59.0929811000824
59.002957344055176
58.99411964416504
56.3808159828186
56.369131088256836
55.37315797805786
55.174020528793335
