0.0007722377777099609
0.0005884170532226562
0.0005788803100585938
0.0063228607177734375
0.0005993843078613281
0.0008020401000976562
0.0005235671997070312
0.0012845993041992188
0.0014064311981201172
0.0008444786071777344
0.0007183551788330078
0.0006258487701416016
0.0011839866638183594
0.00052642822265625
0.0007181167602539062
0.0006532669067382812
0.0005552768707275391
0.0013573169708251953
0.0007369518280029297
0.0006473064422607422
0.0010864734649658203
0.0006220340728759766
0.0005238056182861328
0.0006120204925537109
0.0005486011505126953
0.0005931854248046875
0.0008378028869628906
0.0004839897155761719
0.0006182193756103516
0.0005965232849121094
0.0005178451538085938
0.0008344650268554688
0.0006194114685058594
0.0005004405975341797
0.0005061626434326172
0.0005502700805664062
0.0015759468078613281
0.0008451938629150391
0.0006222724914550781
0.0006189346313476562
0.0005657672882080078
0.0005745887756347656
0.0006444454193115234
0.0006690025329589844
0.0004951953887939453
0.0008599758148193359
0.0006475448608398438
0.0008723735809326172
0.0011434555053710938
0.0007612705230712891
0.0010631084442138672
0.0007059574127197266
0.00041556358337402344
0.0006256103515625
0.0005202293395996094
0.0005736351013183594
0.0011391639709472656
0.0007715225219726562
0.0005011558532714844
0.0012226104736328125
0.0006437301635742188
0.0009932518005371094
0.0010104179382324219
0.0007729530334472656
0.0007596015930175781
0.0009424686431884766
0.0008859634399414062
0.0009157657623291016
0.00047516822814941406
0.0007035732269287109
0.0007946491241455078
0.0010035037994384766
0.0006062984466552734
0.000804901123046875
0.0005953311920166016
0.0007638931274414062
0.0008516311645507812
0.0013699531555175781
0.0011780261993408203
0.001033782958984375
0.0005860328674316406
0.0008976459503173828
0.0004119873046875
0.0007755756378173828
0.0006966590881347656
0.0006365776062011719
0.0007100105285644531
0.0007576942443847656
0.0009472370147705078
0.001360177993774414
0.0015044212341308594
0.0008974075317382812
0.0006177425384521484
0.001132965087890625
0.002136707305908203
0.0006635189056396484
0.0007836818695068359
0.00042510032653808594
0.0009391307830810547
0.0006761550903320312
0.0009362697601318359
0.0005121231079101562
0.0008797645568847656
0.0008187294006347656
0.0007274150848388672
0.0007238388061523438
0.000843048095703125
0.0005328655242919922
0.0007231235504150391
0.0008318424224853516
0.000713348388671875
0.0004906654357910156
0.00039958953857421875
0.0008065700531005859
0.000698089599609375
0.0009059906005859375
0.0007102489471435547
0.0005943775177001953
0.0012252330780029297
0.0008652210235595703
0.0011990070343017578
0.0009541511535644531
0.0008108615875244141
0.0007572174072265625
0.0004961490631103516
0.0006515979766845703
0.0014853477478027344
0.001215219497680664
0.0007636547088623047
0.0006189346313476562
0.0015716552734375
0.00156402587890625
0.0014472007751464844
0.0007119178771972656
0.0008122920989990234
0.0011737346649169922
0.0010104179382324219
0.0008871555328369141
0.0007929801940917969
0.00044655799865722656
0.0017828941345214844
0.0016300678253173828
0.0015003681182861328
0.001081705093383789
0.00080108642578125
0.0006587505340576172
0.0010614395141601562
0.0008699893951416016
0.0005340576171875
0.0010061264038085938
0.001415252685546875
0.0011348724365234375
0.001520395278930664
0.0011932849884033203
0.0009236335754394531
0.0009238719940185547
0.0018548965454101562
0.001638174057006836
0.001344919204711914
0.0017066001892089844
0.0020427703857421875
0.0018839836120605469
0.0017693042755126953
0.0014522075653076172
0.001329660415649414
0.0007774829864501953
0.0009884834289550781
0.0009424686431884766
0.0019028186798095703
0.0022912025451660156
0.0017290115356445312
0.0016009807586669922
0.0014905929565429688
0.0008454322814941406
0.0007429122924804688
0.0007395744323730469
0.0009908676147460938
0.0008807182312011719
0.0009200572967529297
0.0009274482727050781
0.001619100570678711
0.0015730857849121094
0.001422882080078125
0.0007774829864501953
0.0012674331665039062
0.0011143684387207031
0.0016374588012695312
0.0013124942779541016
0.0007455348968505859
