0.0007841587066650391
0.0005924701690673828
0.0007793903350830078
0.0003514289855957031
0.00033593177795410156
0.0004210472106933594
0.006161928176879883
0.00047850608825683594
0.0005724430084228516
0.000377655029296875
0.001003265380859375
0.0008800029754638672
0.0006985664367675781
0.0005600452423095703
0.0004398822784423828
0.0009899139404296875
0.0003674030303955078
0.0005619525909423828
0.00047135353088378906
0.00039386749267578125
0.0011582374572753906
0.0005929470062255859
0.0004949569702148438
0.0009202957153320312
0.00045800209045410156
0.000400543212890625
0.00039386749267578125
0.00039649009704589844
0.0004355907440185547
0.0006651878356933594
0.0003612041473388672
0.0004673004150390625
0.00044655799865722656
0.0003695487976074219
0.0006272792816162109
0.0004572868347167969
0.00037598609924316406
0.0003829002380371094
0.0004131793975830078
0.001399993896484375
0.00074005126953125
0.00046944618225097656
0.0004467964172363281
0.0004227161407470703
0.00040984153747558594
0.0004291534423828125
0.0005071163177490234
0.00036406517028808594
0.0009810924530029297
0.00044846534729003906
0.0006322860717773438
0.0012972354888916016
0.0011858940124511719
0.0013670921325683594
0.0008416175842285156
0.00028586387634277344
0.00039649009704589844
0.0003249645233154297
0.0003848075866699219
0.0008113384246826172
0.0010433197021484375
0.0011792182922363281
0.0015325546264648438
0.0008997917175292969
0.0006089210510253906
0.0008432865142822266
0.000576019287109375
0.0004994869232177734
0.0007240772247314453
0.0006337165832519531
0.001249551773071289
0.0008685588836669922
0.0005366802215576172
0.0005996227264404297
0.0008749961853027344
0.00044655799865722656
0.0009400844573974609
0.0004534721374511719
0.00045180320739746094
0.0016269683837890625
0.00152587890625
0.0013811588287353516
0.0011820793151855469
0.000904083251953125
0.0006899833679199219
0.0002818107604980469
0.0005540847778320312
0.0005097389221191406
0.0004050731658935547
0.0005106925964355469
0.0010313987731933594
0.0014736652374267578
0.0011606216430664062
0.0012044906616210938
0.0007393360137939453
0.00041556358337402344
0.0005934238433837891
0.0019369125366210938
0.00045609474182128906
0.0005192756652832031
0.00028204917907714844
0.0006272792816162109
0.00046825408935546875
0.0007321834564208984
0.00028395652770996094
0.00045800209045410156
0.0005276203155517578
0.0005145072937011719
0.0004661083221435547
0.0005197525024414062
0.00036454200744628906
0.0004975795745849609
0.00057220458984375
0.00045800209045410156
0.0003104209899902344
0.00027108192443847656
0.0005748271942138672
0.00045609474182128906
0.0004887580871582031
0.000453948974609375
0.00046634674072265625
0.0010213851928710938
0.0007069110870361328
0.0013477802276611328
0.0006656646728515625
0.0005497932434082031
0.0005137920379638672
0.0003333091735839844
0.0004546642303466797
0.0010344982147216797
0.0010499954223632812
0.0005710124969482422
0.0004241466522216797
0.001056671142578125
0.0009660720825195312
0.0008804798126220703
0.0004715919494628906
0.0005366802215576172
0.0006909370422363281
0.0007333755493164062
0.0006856918334960938
0.0011224746704101562
0.0008749961853027344
0.002028226852416992
0.0018763542175292969
0.0017652511596679688
0.000911712646484375
0.0004994869232177734
0.0004527568817138672
0.000789642333984375
0.0006732940673828125
0.0009868144989013672
0.0011954307556152344
0.0015993118286132812
0.0013089179992675781
0.001706838607788086
0.0008795261383056641
0.0006055831909179688
0.0006947517395019531
0.0008518695831298828
0.0006918907165527344
0.0011909008026123047
0.0014350414276123047
0.0015177726745605469
0.00135040283203125
0.0012502670288085938
0.0011925697326660156
0.0007476806640625
0.0005092620849609375
0.0007174015045166016
0.0006706714630126953
0.0022401809692382812
0.0019114017486572266
0.0012984275817871094
0.0011768341064453125
0.0010902881622314453
0.00048804283142089844
0.00046443939208984375
0.0004794597625732422
0.0006511211395263672
0.0006237030029296875
0.0006237030029296875
0.000606536865234375
0.0011801719665527344
0.0017619132995605469
0.0018143653869628906
0.0005059242248535156
0.0008361339569091797
0.00077056884765625
0.0012555122375488281
0.0010256767272949219
0.001378774642944336
