0.0017914772033691406
0.0007352828979492188
0.0009870529174804688
0.0009291172027587891
0.0007970333099365234
0.0015685558319091797
0.0009522438049316406
0.0009374618530273438
0.0013661384582519531
0.0008733272552490234
0.0007317066192626953
0.0008065700531005859
0.0008194446563720703
0.0008294582366943359
0.0010752677917480469
0.0006849765777587891
0.0008568763732910156
0.0009009838104248047
0.0006334781646728516
0.0011036396026611328
0.0009000301361083984
0.0007138252258300781
0.0007488727569580078
0.0007796287536621094
0.0018696784973144531
0.0009646415710449219
0.0008692741394042969
0.0009162425994873047
0.0007832050323486328
0.0007913112640380859
0.0008742809295654297
0.0009479522705078125
0.0007772445678710938
0.0007188320159912109
0.0009403228759765625
0.0012319087982177734
0.0008032321929931641
0.0009219646453857422
0.0008840560913085938
0.0004901885986328125
0.0006589889526367188
0.0009899139404296875
0.0009033679962158203
0.0008122920989990234
0.001428842544555664
0.0009138584136962891
0.0010333061218261719
0.0010216236114501953
0.0014317035675048828
0.0016090869903564453
0.001392364501953125
0.0011665821075439453
0.0012729167938232422
0.0012896060943603516
0.0014443397521972656
0.001407623291015625
0.0010652542114257812
0.0010116100311279297
0.0011599063873291016
0.0004165172576904297
0.0005257129669189453
0.0010540485382080078
0.0008482933044433594
0.0013003349304199219
0.0013017654418945312
0.0009655952453613281
0.0006442070007324219
0.0007283687591552734
0.0017163753509521484
0.0012378692626953125
0.0006518363952636719
0.0011830329895019531
0.0011382102966308594
0.0009860992431640625
0.0009829998016357422
0.00090789794921875
0.001314401626586914
0.0010411739349365234
0.001993417739868164
0.0012764930725097656
0.0010159015655517578
0.0015003681182861328
0.002526521682739258
0.001123666763305664
0.0013263225555419922
0.0006937980651855469
0.0014581680297851562
0.0010709762573242188
0.001310110092163086
0.0007674694061279297
0.0012094974517822266
0.0012712478637695312
0.0011327266693115234
0.0010805130004882812
0.0012900829315185547
0.0008845329284667969
0.0010986328125
0.0013217926025390625
0.0011582374572753906
0.0007326602935791016
0.0006301403045654297
0.0011708736419677734
0.001199960708618164
0.0013358592987060547
0.0011403560638427734
0.0008840560913085938
0.0017588138580322266
0.0011448860168457031
0.0006852149963378906
0.0014028549194335938
0.00128936767578125
0.001215219497680664
0.0008046627044677734
0.0009484291076660156
0.002115011215209961
0.0015211105346679688
0.0010840892791748047
0.0010001659393310547
0.002515077590942383
0.002414703369140625
0.0023131370544433594
0.0011677742004394531
0.0014414787292480469
0.0019216537475585938
0.0014865398406982422
0.0013871192932128906
0.0009629726409912109
0.0007534027099609375
0.001567840576171875
0.0014183521270751953
0.0013108253479003906
0.0006988048553466797
0.0006690025329589844
0.0008394718170166016
0.0014405250549316406
0.0012712478637695312
0.0008511543273925781
0.0008318424224853516
0.001161813735961914
0.0009067058563232422
0.002034902572631836
0.0017223358154296875
0.001512765884399414
0.001264810562133789
0.0013120174407958984
0.0011296272277832031
0.0010313987731933594
0.0011355876922607422
0.0012769699096679688
0.001108407974243164
0.0010080337524414062
0.0010628700256347656
0.00052642822265625
0.0011968612670898438
0.0014433860778808594
0.001341104507446289
0.0016255378723144531
0.0017049312591552734
0.0008826255798339844
0.0009257793426513672
0.0008542537689208984
0.0011451244354248047
0.0011398792266845703
0.0011508464813232422
0.0014290809631347656
0.0013499259948730469
0.0012900829315185547
0.001556396484375
0.0032711029052734375
0.0031049251556396484
0.0029854774475097656
0.0011446475982666016
0.0020792484283447266
0.001649618148803711
0.0022711753845214844
0.0019550323486328125
0.0009367465972900391
