0.001188039779663086
0.0008320808410644531
0.0009012222290039062
0.0009365081787109375
0.0009429454803466797
0.0012056827545166016
0.0007839202880859375
0.0009732246398925781
0.0010213851928710938
0.0007469654083251953
0.0012772083282470703
0.0010268688201904297
0.0008177757263183594
0.0008456707000732422
0.0008900165557861328
0.0023012161254882812
0.0006375312805175781
0.0009908676147460938
0.0010409355163574219
0.0008838176727294922
0.0009124279022216797
0.0009865760803222656
0.0010638236999511719
0.0008776187896728516
0.0012822151184082031
0.0010728836059570312
0.001399993896484375
0.0005881786346435547
0.0010552406311035156
0.0012021064758300781
0.0011622905731201172
0.0007750988006591797
0.0011508464813232422
0.00107574462890625
0.0009515285491943359
0.0016167163848876953
0.0004551410675048828
0.0008947849273681641
0.0013959407806396484
0.0016894340515136719
0.001857757568359375
0.0015416145324707031
0.0013375282287597656
0.0014905929565429688
0.001461029052734375
0.0012881755828857422
0.0010907649993896484
0.000629425048828125
0.0011360645294189453
0.0013003349304199219
0.0007700920104980469
0.00028252601623535156
0.0004296302795410156
0.0009968280792236328
0.0014188289642333984
0.00147247314453125
0.0007588863372802734
0.0008537769317626953
0.0004894733428955078
0.0021202564239501953
0.0013995170593261719
0.0007698535919189453
0.001341104507446289
0.0013020038604736328
0.0011434555053710938
0.0011363029479980469
0.0006351470947265625
0.0007548332214355469
0.0008757114410400391
0.002463102340698242
0.0015149116516113281
0.0011844635009765625
0.0017266273498535156
0.002724885940551758
0.001277923583984375
0.0015757083892822266
0.0008177757263183594
0.0017116069793701172
0.0012383460998535156
0.0014691352844238281
0.0009105205535888672
0.0013592243194580078
0.0014712810516357422
0.0013914108276367188
0.0012421607971191406
0.0015387535095214844
0.0010101795196533203
0.0012679100036621094
0.0015294551849365234
0.001329183578491211
0.0008692741394042969
0.0007445812225341797
0.001341104507446289
0.0013687610626220703
0.001600503921508789
0.0015528202056884766
0.0010101795196533203
0.0007750988006591797
0.0012662410736083984
0.0016202926635742188
0.0016601085662841797
0.0015134811401367188
0.0014164447784423828
0.0009353160858154297
0.0011734962463378906
0.0023584365844726562
0.0016252994537353516
0.001237630844116211
0.0011715888977050781
0.002984285354614258
0.002857685089111328
0.002727508544921875
0.0013654232025146484
0.0016856193542480469
0.002089977264404297
0.0016999244689941406
0.0015654563903808594
0.0005862712860107422
0.0006279945373535156
0.0010073184967041016
0.0011637210845947266
0.0010864734649658203
0.0013952255249023438
0.0011091232299804688
0.0011260509490966797
0.0017085075378417969
0.0015459060668945312
0.0011146068572998047
0.0013554096221923828
0.001794576644897461
0.0015285015106201172
0.0018246173858642578
0.0018711090087890625
0.0017685890197753906
0.001430511474609375
0.001565694808959961
0.0013453960418701172
0.0008704662322998047
0.0005793571472167969
0.0009918212890625
0.000881195068359375
0.0007686614990234375
0.0007860660552978516
0.0018055438995361328
0.0013947486877441406
0.0016481876373291016
0.0015215873718261719
0.0009851455688476562
0.0021033287048339844
0.00196075439453125
0.0018584728240966797
0.0017516613006591797
0.0010275840759277344
0.0013282299041748047
0.0013492107391357422
0.0016815662384033203
0.0015637874603271484
0.001566171646118164
0.0018117427825927734
0.003749370574951172
0.003600597381591797
0.0034487247467041016
0.0013148784637451172
0.0024378299713134766
0.0019085407257080078
0.002597808837890625
0.0024356842041015625
0.0015010833740234375
