0.0009403228759765625
0.000629425048828125
0.001398324966430664
0.00167083740234375
0.0010633468627929688
0.0008263587951660156
0.0007565021514892578
0.001367330551147461
0.0006339550018310547
0.0008559226989746094
0.0007948875427246094
0.0006778240203857422
0.001462697982788086
0.0008473396301269531
0.0007898807525634766
0.0012459754943847656
0.0007512569427490234
0.0006268024444580078
0.0007097721099853516
0.0006859302520751953
0.0007123947143554688
0.0009579658508300781
0.0005846023559570312
0.0007393360137939453
0.0007338523864746094
0.001020193099975586
0.0009720325469970703
0.0007653236389160156
0.0006072521209716797
0.0006318092346191406
0.0006659030914306641
0.0017528533935546875
0.0005276203155517578
0.0007479190826416016
0.0007648468017578125
0.0006783008575439453
0.0006849765777587891
0.0007615089416503906
0.0008265972137451172
0.0006430149078369141
0.0011551380157470703
0.0007696151733398438
0.0010552406311035156
0.0009789466857910156
0.0005593299865722656
0.0015053749084472656
0.0009951591491699219
0.0005359649658203125
0.0008075237274169922
0.0007143020629882812
0.0006949901580810547
0.0012881755828857422
0.0006263256072998047
0.0006744861602783203
0.0008301734924316406
0.0011692047119140625
0.001177072525024414
0.0012395381927490234
0.0009405612945556641
0.0010309219360351562
0.0011181831359863281
0.0010645389556884766
0.0006301403045654297
0.0007526874542236328
0.0008664131164550781
0.0010170936584472656
0.0006556510925292969
0.00036644935607910156
0.0005776882171630859
0.0007243156433105469
0.001119852066040039
0.0011496543884277344
0.0012040138244628906
0.0010180473327636719
0.0008733272552490234
0.0014386177062988281
0.0010900497436523438
0.0005350112915039062
0.0010161399841308594
0.000942230224609375
0.0008184909820556641
0.0008475780487060547
0.0004811286926269531
0.0011641979217529297
0.0005841255187988281
0.0008590221405029297
0.0010769367218017578
0.0008139610290527344
0.001341104507446289
0.002335786819458008
0.0009388923645019531
0.0010297298431396484
0.0005650520324707031
0.0012040138244628906
0.0008783340454101562
0.001149892807006836
0.0006482601165771484
0.0010533332824707031
0.0010633468627929688
0.0009400844573974609
0.0009214878082275391
0.0010728836059570312
0.0007576942443847656
0.0009162425994873047
0.0010876655578613281
0.0009284019470214844
0.0006194114685058594
0.0005168914794921875
0.0009953975677490234
0.0009164810180664062
0.0011324882507324219
0.0009543895721435547
0.0007178783416748047
0.0014183521270751953
0.001007080078125
0.0009481906890869141
0.0011780261993408203
0.0010349750518798828
0.0009837150573730469
0.0006525516510009766
0.0008020401000976562
0.0018930435180664062
0.0013704299926757812
0.0009241104125976562
0.0008103847503662109
0.0020470619201660156
0.0020635128021240234
0.0019457340240478516
0.0009152889251708984
0.0011587142944335938
0.0016093254089355469
0.0012023448944091797
0.00107574462890625
0.0012786388397216797
0.0009913444519042969
0.0022323131561279297
0.002239227294921875
0.0021228790283203125
0.0012402534484863281
0.0009520053863525391
0.0009641647338867188
0.001257181167602539
0.0010638236999511719
0.0007104873657226562
0.0005900859832763672
0.0019948482513427734
0.00170135498046875
0.0016112327575683594
0.0014598369598388672
0.0012173652648925781
0.0010986328125
0.0011208057403564453
0.0008919239044189453
0.0006670951843261719
0.0008070468902587891
0.0017955303192138672
0.0016400814056396484
0.0015256404876708984
0.0013256072998046875
0.0010251998901367188
0.0009961128234863281
0.0012581348419189453
0.0011332035064697266
0.0013384819030761719
0.0013229846954345703
0.0015304088592529297
0.0014061927795410156
0.0012974739074707031
0.0007102489471435547
0.000957489013671875
0.0009524822235107422
0.0012128353118896484
0.0010979175567626953
0.0010955333709716797
0.0012471675872802734
0.0024940967559814453
0.002437591552734375
0.0023589134216308594
0.0009720325469970703
0.0016853809356689453
0.0013859272003173828
0.002045154571533203
0.0017235279083251953
0.001207113265991211
