0.8508200645446777
0.8555738925933838
0.8546841144561768
0.8395147323608398
0.8375799655914307
0.8118686676025391
0.011766672134399414
0.016147851943969727
0.01349186897277832
0.01566171646118164
0.011429309844970703
0.015102624893188477
0.0077745914459228516
0.023586273193359375
0.021274566650390625
0.015642404556274414
0.022697925567626953
0.019288301467895508
0.01843118667602539
0.019133806228637695
0.018273115158081055
0.02636122703552246
0.018058300018310547
0.01856708526611328
0.01826167106628418
0.029952049255371094
0.023067951202392578
0.022281885147094727
0.01247549057006836
0.02188563346862793
0.016755342483520508
0.023891687393188477
0.029590606689453125
0.0245363712310791
0.01883697509765625
0.027350425720214844
0.0265350341796875
0.022953510284423828
0.02947854995727539
0.024930238723754883
0.021762371063232422
0.015578746795654297
0.023410797119140625
0.0209808349609375
0.024013519287109375
0.023511886596679688
0.01791548728942871
0.019686460494995117
0.005423545837402344
0.007124423980712891
0.01959705352783203
0.021706342697143555
0.013990640640258789
0.021519899368286133
0.022112131118774414
0.01751708984375
0.025063037872314453
0.022644519805908203
0.007691383361816406
0.007610321044921875
0.004216194152832031
0.01557779312133789
0.014455318450927734
0.013903141021728516
0.02156376838684082
0.025231599807739258
0.023402690887451172
0.016541242599487305
0.0060727596282958984
0.008623600006103516
0.006211042404174805
0.004849672317504883
0.013572454452514648
0.012708902359008789
0.015352964401245117
0.01571035385131836
0.014735221862792969
0.015422821044921875
0.006215095520019531
0.008657217025756836
0.0052454471588134766
0.005705356597900391
0.016106605529785156
0.011493682861328125
0.01449275016784668
0.014726638793945312
0.011926651000976562
0.012582063674926758
0.002719879150390625
0.0060155391693115234
0.00499272346496582
0.004948139190673828
0.015847444534301758
0.016819238662719727
0.006833314895629883
0.012110710144042969
0.01697063446044922
0.017965078353881836
0.008681297302246094
0.0077228546142578125
0.0033876895904541016
0.0038509368896484375
0.008465290069580078
0.01595449447631836
0.018831968307495117
0.01631951332092285
0.016905784606933594
0.016464710235595703
0.005991935729980469
0.00597834587097168
0.005872964859008789
0.003317594528198242
0.004750251770019531
0.013511180877685547
0.011807918548583984
0.01459956169128418
0.009038209915161133
0.013134241104125977
0.006701231002807617
0.007828950881958008
0.004563331604003906
0.004222869873046875
0.004823446273803711
0.009479999542236328
0.01783132553100586
0.009311199188232422
0.011578559875488281
0.012070655822753906
0.005314826965332031
0.007293224334716797
