0.982811689376831
0.9310641288757324
0.02219843864440918
0.01699066162109375
0.021532773971557617
0.021812915802001953
0.012274980545043945
0.016005516052246094
0.012706279754638672
0.04730343818664551
0.03485989570617676
0.03125405311584473
0.023923397064208984
0.022332429885864258
0.0285952091217041
0.028424501419067383
0.026927471160888672
0.03795194625854492
0.03638291358947754
0.023196935653686523
0.014374494552612305
0.0166015625
0.022717952728271484
0.023233413696289062
0.0172121524810791
0.017545223236083984
0.037375688552856445
0.03937411308288574
0.036969661712646484
0.05730843544006348
0.03991842269897461
0.051752567291259766
0.04950976371765137
0.034325599670410156
0.038799285888671875
0.05251646041870117
0.05385899543762207
0.04351997375488281
0.04101848602294922
0.03774213790893555
0.018554210662841797
0.024293184280395508
0.028888463973999023
0.032618045806884766
0.01716327667236328
0.02521514892578125
0.03478264808654785
0.02709484100341797
0.027074098587036133
0.02301621437072754
0.03450608253479004
0.03458356857299805
0.03442239761352539
0.041439056396484375
0.022371292114257812
0.023651123046875
0.023567914962768555
0.02335047721862793
0.022783994674682617
0.028519630432128906
0.02810955047607422
0.021007061004638672
0.006927490234375
0.006934642791748047
0.004872322082519531
0.014968395233154297
0.019736766815185547
0.021053552627563477
0.021208763122558594
0.019962549209594727
0.019393444061279297
0.02518010139465332
0.006962299346923828
0.006958961486816406
0.004472970962524414
0.0030527114868164062
0.008959054946899414
0.01412653923034668
0.015601158142089844
0.015978574752807617
0.01976752281188965
0.01386117935180664
0.006569385528564453
0.006536245346069336
0.004155874252319336
0.008785486221313477
0.01809859275817871
0.014995098114013672
0.01110982894897461
0.019392728805541992
0.010873794555664062
0.017786741256713867
0.00729680061340332
0.0072689056396484375
0.004621982574462891
0.005274295806884766
0.004312753677368164
0.013275623321533203
0.01120138168334961
0.024086475372314453
0.017889738082885742
0.021352767944335938
0.006579160690307617
0.006338357925415039
0.00693058967590332
0.00442814826965332
0.007787466049194336
0.013266801834106445
0.014345884323120117
0.014183521270751953
0.014218330383300781
0.010513544082641602
0.006525754928588867
0.008450746536254883
0.005533456802368164
0.005346775054931641
0.0054721832275390625
0.011706113815307617
0.0074536800384521484
0.01416015625
0.013551950454711914
0.013405799865722656
0.006494045257568359
0.006473541259765625
0.0040323734283447266
0.005979061126708984
0.00623631477355957
0.0042133331298828125
0.010846853256225586
0.012566566467285156
0.01381540298461914
0.010077953338623047
0.006895542144775391
0.008691787719726562
0.005451202392578125
0.00612640380859375
0.006562948226928711
0.0051059722900390625
0.010074853897094727
0.014450550079345703
0.014401912689208984
0.014791727066040039
0.006909370422363281
0.006936550140380859
