0.9458072185516357
0.9447038173675537
0.9428091049194336
0.9473083019256592
0.011813163757324219
0.018660783767700195
0.019629716873168945
0.008894681930541992
0.01335287094116211
0.014290094375610352
0.02021169662475586
0.020268678665161133
0.021892309188842773
0.02184462547302246
0.01179814338684082
0.013295412063598633
0.01839280128479004
0.01562190055847168
0.015308141708374023
0.014087200164794922
0.010550498962402344
0.01817488670349121
0.02970600128173828
0.03923630714416504
0.014878273010253906
0.019760847091674805
0.017323970794677734
0.018346786499023438
0.020528316497802734
0.029349088668823242
0.016066789627075195
0.02755260467529297
0.02175283432006836
0.018222808837890625
0.026722431182861328
0.02371692657470703
0.023903369903564453
0.01772785186767578
0.028599023818969727
0.028744935989379883
0.028656482696533203
0.034342050552368164
0.029371261596679688
0.02380967140197754
0.023797035217285156
0.0249021053314209
0.031879425048828125
0.038576364517211914
0.04172658920288086
0.019252300262451172
0.018175601959228516
0.024190425872802734
0.02485966682434082
0.025043964385986328
0.025658845901489258
0.027300596237182617
0.0225985050201416
0.0057430267333984375
0.005831480026245117
0.009975194931030273
0.026538848876953125
0.025298118591308594
0.025022029876708984
0.024341821670532227
0.01945948600769043
0.019692182540893555
0.015907764434814453
0.006116151809692383
0.006082057952880859
0.006064414978027344
0.008672714233398438
0.0172879695892334
0.014055728912353516
0.020288705825805664
0.015105009078979492
0.014856815338134766
0.018162012100219727
0.006078481674194336
0.006490945816040039
0.004586458206176758
0.004743337631225586
0.015586376190185547
0.012769460678100586
0.015425920486450195
0.015752077102661133
0.02036595344543457
0.01462864875793457
0.006928443908691406
0.006872415542602539
0.004171133041381836
0.005249738693237305
0.02043747901916504
0.015357732772827148
0.01539158821105957
0.019307851791381836
0.018824338912963867
0.01386117935180664
0.006398200988769531
0.0061779022216796875
0.005790233612060547
0.0046117305755615234
0.01574850082397461
0.013843774795532227
0.010275602340698242
0.01178741455078125
0.020682096481323242
0.012886285781860352
0.009088277816772461
0.008931159973144531
0.0039141178131103516
0.004535198211669922
0.0029363632202148438
0.01284337043762207
0.013312339782714844
0.014345884323120117
0.012476921081542969
0.015924692153930664
0.007277488708496094
0.009424924850463867
0.0032105445861816406
0.00374603271484375
0.00514984130859375
0.011244773864746094
0.015831947326660156
0.012610673904418945
0.014507770538330078
0.014496088027954102
0.010732412338256836
0.007503986358642578
0.005581855773925781
0.005956172943115234
0.003587007522583008
0.004734516143798828
0.013459920883178711
0.013111352920532227
0.013040542602539062
0.013350963592529297
0.007954835891723633
0.007397651672363281
