0.9794883728027344
0.009286642074584961
0.013333797454833984
0.013428688049316406
0.020844221115112305
0.03761768341064453
0.027539968490600586
0.019312620162963867
0.01461338996887207
0.01608109474182129
0.020390033721923828
0.021132469177246094
0.01975250244140625
0.03472185134887695
0.032806396484375
0.06473422050476074
0.0606539249420166
0.056707143783569336
0.051581621170043945
0.038616180419921875
0.04047703742980957
0.030211210250854492
0.03650784492492676
0.06454086303710938
0.04486823081970215
0.03671717643737793
0.03498721122741699
0.03428196907043457
0.034412384033203125
0.035768747329711914
0.04065251350402832
0.03705024719238281
0.03641033172607422
0.05674099922180176
0.07033348083496094
0.07137584686279297
0.05813312530517578
0.046773433685302734
0.07140731811523438
0.05249190330505371
0.05481433868408203
0.06455636024475098
0.04874157905578613
0.036974430084228516
0.049542903900146484
0.03882002830505371
0.054772377014160156
0.0389246940612793
0.048503875732421875
0.03966712951660156
0.03491854667663574
0.04528236389160156
0.03964948654174805
0.03863668441772461
0.04915595054626465
0.04807615280151367
0.06298065185546875
0.03170657157897949
0.05497312545776367
0.04024171829223633
0.03421354293823242
0.030956506729125977
0.030924081802368164
0.007221221923828125
0.006776332855224609
0.005191802978515625
0.019815683364868164
0.02039337158203125
0.01737523078918457
0.021700143814086914
0.020967960357666016
0.018976688385009766
0.017963647842407227
0.007005929946899414
0.006551027297973633
0.005679607391357422
0.0033597946166992188
0.0054209232330322266
0.012070894241333008
0.012189149856567383
0.012903451919555664
0.015591621398925781
0.010741949081420898
0.008539676666259766
0.008481979370117188
0.008701562881469727
0.010849237442016602
0.008191108703613281
0.007401466369628906
0.007923603057861328
0.013831377029418945
0.016984939575195312
0.0178530216217041
0.006741046905517578
0.006762981414794922
0.006542682647705078
0.006205558776855469
0.004032611846923828
0.01559305191040039
0.015137434005737305
0.01602005958557129
0.016279935836791992
0.02147078514099121
0.006431102752685547
0.006795644760131836
0.004987478256225586
0.004305362701416016
0.0069332122802734375
0.010802507400512695
0.01464986801147461
0.015275001525878906
0.02142953872680664
0.021091461181640625
0.00676727294921875
0.007598876953125
0.009174585342407227
0.004691123962402344
0.004885196685791016
0.009100198745727539
0.011722326278686523
0.009447336196899414
0.015566349029541016
0.018837690353393555
0.0066680908203125
0.006662607192993164
0.008137941360473633
0.005491733551025391
0.004090070724487305
0.008661270141601562
0.006909370422363281
0.009871482849121094
0.012125492095947266
0.01205897331237793
0.004959821701049805
0.006973981857299805
0.004407405853271484
0.0067632198333740234
0.005530118942260742
0.007091045379638672
0.011503219604492188
0.012041091918945312
0.012405872344970703
0.012813329696655273
0.008379459381103516
0.008165836334228516
0.004180431365966797
255.1444389820099
257.85910844802856
257.5225133895874
257.3270642757416
257.2866358757019
257.2794499397278
257.2735641002655
257.2699067592621
255.1468858718872
