0.9084100723266602
0.907822847366333
0.8976049423217773
0.8962326049804688
0.8933846950531006
0.011951923370361328
0.011901140213012695
0.01855945587158203
0.011157035827636719
0.014850378036499023
0.006526947021484375
0.014671802520751953
0.012952566146850586
0.017755746841430664
0.017270326614379883
0.015978574752807617
0.01591181755065918
0.018316268920898438
0.023197174072265625
0.021001815795898438
0.022393465042114258
0.021828174591064453
0.019989728927612305
0.018801212310791016
0.011650562286376953
0.027944564819335938
0.02090764045715332
0.018798351287841797
0.01855015754699707
0.01766180992126465
0.022576570510864258
0.018358707427978516
0.0198519229888916
0.023230314254760742
0.022476673126220703
0.020763635635375977
0.019298076629638672
0.027490854263305664
0.023554563522338867
0.023624658584594727
0.02434229850769043
0.02545332908630371
0.020264387130737305
0.018695592880249023
0.037302255630493164
0.01919269561767578
0.01533055305480957
0.012558221817016602
0.02130126953125
0.020471811294555664
0.019571542739868164
0.022752761840820312
0.028537988662719727
0.005732536315917969
0.005346536636352539
0.01731705665588379
0.014672279357910156
0.01655864715576172
0.01614832878112793
0.021210193634033203
0.02246260643005371
0.019471406936645508
0.022356271743774414
0.007398366928100586
0.005248069763183594
0.007214784622192383
0.023850440979003906
0.01347208023071289
0.015891551971435547
0.015857219696044922
0.014733552932739258
0.018403291702270508
0.018460988998413086
0.005026578903198242
0.0072498321533203125
0.004854917526245117
0.0043752193450927734
0.011468887329101562
0.013484477996826172
0.012126445770263672
0.01159214973449707
0.011710643768310547
0.016503572463989258
0.008577346801757812
0.00888824462890625
0.0036497116088867188
0.004929542541503906
0.010535955429077148
0.011993408203125
0.0068378448486328125
0.011156558990478516
0.01635456085205078
0.020064115524291992
0.006441354751586914
0.0063550472259521484
0.005157470703125
0.004031181335449219
0.014004945755004883
0.017099380493164062
0.02173757553100586
0.015617132186889648
0.021822690963745117
0.014007329940795898
0.00943756103515625
0.007145404815673828
0.0045735836029052734
0.0038824081420898438
0.0074443817138671875
0.01776909828186035
0.018479108810424805
0.013225078582763672
0.016338109970092773
0.01723194122314453
0.006616115570068359
0.007738828659057617
0.005301237106323242
0.005291938781738281
0.005690336227416992
0.013077259063720703
0.009730100631713867
0.01548624038696289
0.014353275299072266
0.01731562614440918
0.007759571075439453
0.0072498321533203125
0.00604248046875
0.005147457122802734
0.00498509407043457
0.0052912235260009766
0.012401342391967773
0.0076754093170166016
0.013196945190429688
0.01582813262939453
0.005760669708251953
0.005551338195800781
