0.9692692756652832
0.9603290557861328
0.927227258682251
0.007154703140258789
0.006697416305541992
0.013492345809936523
0.013395309448242188
0.01466679573059082
0.016201019287109375
0.03291916847229004
0.012341976165771484
0.018611669540405273
0.025006532669067383
0.025391578674316406
0.025547266006469727
0.021733522415161133
0.021297216415405273
0.014414787292480469
0.017668962478637695
0.017758846282958984
0.029920101165771484
0.01951289176940918
0.017885446548461914
0.02410578727722168
0.02791571617126465
0.043325185775756836
0.0501713752746582
0.024910926818847656
0.04745197296142578
0.03665804862976074
0.03564286231994629
0.028096914291381836
0.02388310432434082
0.022696256637573242
0.02205657958984375
0.029675722122192383
0.030037641525268555
0.017670869827270508
0.029219627380371094
0.024547576904296875
0.023431062698364258
0.033727407455444336
0.022422313690185547
0.02222132682800293
0.031142473220825195
0.026448726654052734
0.033750295639038086
0.027291536331176758
0.03693866729736328
0.034696102142333984
0.023885250091552734
0.03708815574645996
0.020856857299804688
0.028466224670410156
0.024468183517456055
0.02491593360900879
0.024322032928466797
0.019512653350830078
0.024157047271728516
0.0332338809967041
0.006452798843383789
0.006470441818237305
0.004000425338745117
0.019657373428344727
0.01717972755432129
0.018860816955566406
0.018462419509887695
0.01727747917175293
0.024477720260620117
0.015841960906982422
0.006412029266357422
0.006377696990966797
0.005270957946777344
0.007277727127075195
0.021268367767333984
0.010470151901245117
0.015730619430541992
0.01576089859008789
0.020992279052734375
0.020574092864990234
0.006131172180175781
0.0077495574951171875
0.005239963531494141
0.007225990295410156
0.014838457107543945
0.018312692642211914
0.013959884643554688
0.018968820571899414
0.020030498504638672
0.014932870864868164
0.006592512130737305
0.008453845977783203
0.006242036819458008
0.006193637847900391
0.01622915267944336
0.010902881622314453
0.01484227180480957
0.016757965087890625
0.0199434757232666
0.017090320587158203
0.007201671600341797
0.007633686065673828
0.005917549133300781
0.005384206771850586
0.009808778762817383
0.024988412857055664
0.016118764877319336
0.016178369522094727
0.012760400772094727
0.015090227127075195
0.01044011116027832
0.00922846794128418
0.005389213562011719
0.005205869674682617
0.006206035614013672
0.015190362930297852
0.01211237907409668
0.015024185180664062
0.010626554489135742
0.010741472244262695
0.007060527801513672
0.007111549377441406
0.00790095329284668
0.005613803863525391
0.0058667659759521484
0.0076143741607666016
0.01479196548461914
0.011201858520507812
0.015897274017333984
0.012059211730957031
0.005879878997802734
0.010841846466064453
0.005669355392456055
0.005549192428588867
0.0066945552825927734
0.007305145263671875
0.007732391357421875
0.010878801345825195
0.01476287841796875
0.015638351440429688
0.00653386116027832
0.006218433380126953
