0.8378596305847168
0.8423993587493896
0.8390264511108398
0.8327429294586182
0.8283252716064453
0.8255667686462402
0.7986729145050049
0.018844127655029297
0.021271944046020508
0.020780086517333984
0.012062788009643555
0.015476703643798828
0.017793655395507812
0.010172367095947266
0.005479574203491211
0.0154571533203125
0.019004344940185547
0.018486738204956055
0.024428129196166992
0.02267169952392578
0.016799211502075195
0.016878843307495117
0.01983165740966797
0.016709089279174805
0.029288768768310547
0.025586366653442383
0.028869152069091797
0.02269268035888672
0.03197669982910156
0.02505016326904297
0.02722787857055664
0.022181272506713867
0.02145981788635254
0.02150750160217285
0.017915010452270508
0.022965431213378906
0.022042036056518555
0.023345470428466797
0.023383378982543945
0.024173736572265625
0.025861501693725586
0.03469085693359375
0.006911516189575195
0.008852243423461914
0.01932549476623535
0.014460086822509766
0.012691974639892578
0.023137569427490234
0.01946544647216797
0.01840043067932129
0.02546834945678711
0.015216350555419922
0.005432844161987305
0.005887269973754883
0.004103183746337891
0.013239145278930664
0.018332958221435547
0.015775680541992188
0.013541698455810547
0.018125534057617188
0.014395475387573242
0.019979000091552734
0.006856679916381836
0.0070650577545166016
0.002698183059692383
0.005861520767211914
0.016170978546142578
0.015625715255737305
0.016643762588500977
0.012050390243530273
0.011859416961669922
0.015772581100463867
0.006396293640136719
0.006062984466552734
0.004459857940673828
0.003983736038208008
0.013571500778198242
0.008131742477416992
0.010927438735961914
0.016007184982299805
0.011495351791381836
0.020421743392944336
0.007561206817626953
0.006122589111328125
0.00432896614074707
0.004861116409301758
0.01978015899658203
0.016691923141479492
0.012584209442138672
0.013968706130981445
0.010842561721801758
0.018488645553588867
0.005677700042724609
0.007012844085693359
0.0050776004791259766
0.004202842712402344
0.00947427749633789
0.012921333312988281
0.012998342514038086
0.0186765193939209
0.012545347213745117
0.016745567321777344
0.007214784622192383
0.0061342716217041016
0.004748106002807617
0.004034280776977539
0.0030057430267333984
0.015172958374023438
0.014539718627929688
0.016983985900878906
0.010160684585571289
0.01177358627319336
0.007907390594482422
0.005724668502807617
0.005135297775268555
0.005517244338989258
0.005182743072509766
0.014839649200439453
0.011314868927001953
0.010512828826904297
0.00821995735168457
0.013833045959472656
0.005255460739135742
0.007718324661254883
