0.7093310356140137
0.7135894298553467
0.7128806114196777
0.7112822532653809
0.7105457782745361
0.7037756443023682
0.6973931789398193
0.6911449432373047
0.6706397533416748
0.022432565689086914
0.027664899826049805
0.025890827178955078
0.021227359771728516
0.025777816772460938
0.02051234245300293
0.02259087562561035
0.017287015914916992
0.022550582885742188
0.005815744400024414
0.02562260627746582
0.020045042037963867
0.01355123519897461
0.013681173324584961
0.01908254623413086
0.02845025062561035
0.03278207778930664
0.00707244873046875
0.005539655685424805
0.00479435920715332
0.013739824295043945
0.01199483871459961
0.014364480972290039
0.014290809631347656
0.019793987274169922
0.02440333366394043
0.024016380310058594
0.0198972225189209
0.0067327022552490234
0.006691932678222656
0.005359172821044922
0.014281034469604492
0.022656679153442383
0.013656377792358398
0.01369166374206543
0.014295101165771484
0.01518702507019043
0.021184206008911133
0.004750728607177734
0.00626373291015625
0.0034055709838867188
0.01756000518798828
0.014134407043457031
0.012077569961547852
0.012157678604125977
0.010000944137573242
0.01607370376586914
0.01627969741821289
0.007553815841674805
0.00543975830078125
0.004068136215209961
0.002916097640991211
0.021797657012939453
0.009243011474609375
0.010915517807006836
0.0103759765625
0.013900995254516602
0.014649629592895508
0.0054225921630859375
0.007886886596679688
0.004741668701171875
0.006395816802978516
0.011934041976928711
0.014384984970092773
0.012094259262084961
0.01847529411315918
0.016480684280395508
0.01631450653076172
0.005604982376098633
0.007835626602172852
0.004468441009521484
0.004421234130859375
0.01492452621459961
0.008284568786621094
0.016281604766845703
0.016338586807250977
0.010514497756958008
0.011521339416503906
0.0046732425689697266
0.007622718811035156
0.0031599998474121094
0.0027666091918945312
0.0036301612854003906
0.013607263565063477
0.01043558120727539
0.01034235954284668
0.01075124740600586
0.010854721069335938
0.008608341217041016
0.005143642425537109
0.004678964614868164
0.003390789031982422
0.004266977310180664
0.011529684066772461
0.008338451385498047
0.011236429214477539
0.0060672760009765625
0.0062255859375
0.007134437561035156
0.006348848342895508
