0.7242178916931152
0.7163355350494385
0.7079212665557861
0.706718921661377
0.7033543586730957
0.700383186340332
0.6851751804351807
0.6756577491760254
0.6804158687591553
0.652825117111206
0.024331092834472656
0.024936437606811523
0.015481948852539062
0.01813960075378418
0.031237125396728516
0.030381441116333008
0.008657217025756836
0.005962848663330078
0.006986379623413086
0.007524251937866211
0.021035194396972656
0.016755104064941406
0.013390302658081055
0.015555143356323242
0.020615577697753906
0.017145633697509766
0.01748371124267578
0.0070226192474365234
0.004456281661987305
0.006365537643432617
0.0027854442596435547
0.015139579772949219
0.01642441749572754
0.011548519134521484
0.01776599884033203
0.017199993133544922
0.016754150390625
0.01555013656616211
0.0055048465728759766
0.005662441253662109
0.004734992980957031
0.018315553665161133
0.016313552856445312
0.014746427536010742
0.012767791748046875
0.011901378631591797
0.015711545944213867
0.012960433959960938
0.008579254150390625
0.00612187385559082
0.0027146339416503906
0.004244089126586914
0.01642775535583496
0.01704859733581543
0.008562803268432617
0.0133209228515625
0.012220621109008789
0.011055469512939453
0.0072438716888427734
0.005940914154052734
0.002458333969116211
0.002949953079223633
0.013255834579467773
0.01100301742553711
0.009881019592285156
0.009262800216674805
0.008562803268432617
0.009022712707519531
0.0055696964263916016
0.0049321651458740234
0.004178762435913086
0.003497600555419922
0.014046192169189453
0.010690927505493164
0.012678861618041992
0.011267900466918945
0.009316444396972656
0.004241466522216797
0.007821321487426758
0.0046863555908203125
0.004936695098876953
0.00452733039855957
0.003689289093017578
0.018603086471557617
0.010927200317382812
0.013507843017578125
0.012336015701293945
0.0059337615966796875
0.0067822933197021484
0.004232645034790039
0.004942417144775391
0.003421306610107422
0.003610372543334961
0.01403355598449707
0.0060236454010009766
0.01384282112121582
0.011126995086669922
0.006325960159301758
0.009140491485595703
0.006464958190917969
