0.7602829933166504
0.7544925212860107
0.7538726329803467
0.7409896850585938
0.7497906684875488
0.7371816635131836
0.7389891147613525
0.7100722789764404
0.01469874382019043
0.014745235443115234
0.023973464965820312
0.020192623138427734
0.016432762145996094
0.008213043212890625
0.02384471893310547
0.028557777404785156
0.0046002864837646484
0.022588253021240234
0.02231287956237793
0.024744510650634766
0.028516769409179688
0.021792173385620117
0.02234172821044922
0.027235031127929688
0.02364182472229004
0.02271890640258789
0.010451078414916992
0.019576072692871094
0.020868301391601562
0.03137993812561035
0.02291560173034668
0.023137807846069336
0.023281335830688477
0.020506858825683594
0.0208282470703125
0.011367321014404297
0.008109807968139648
0.022491455078125
0.011762857437133789
0.016742706298828125
0.017275094985961914
0.016823768615722656
0.020873546600341797
0.019131898880004883
0.019177913665771484
0.006532192230224609
0.00838017463684082
0.004138469696044922
0.017075061798095703
0.017507314682006836
0.013264894485473633
0.014220714569091797
0.018490314483642578
0.014478921890258789
0.013593912124633789
0.006417751312255859
0.006577491760253906
0.004924297332763672
0.007402658462524414
0.011131048202514648
0.011433601379394531
0.015604257583618164
0.015429019927978516
0.011662960052490234
0.014842748641967773
0.006116151809692383
0.007691383361816406
0.0047833919525146484
0.004125833511352539
0.01492452621459961
0.015688180923461914
0.016424179077148438
0.016616106033325195
0.016428232192993164
0.015537023544311523
0.006123542785644531
0.006340980529785156
0.003945589065551758
0.0025992393493652344
0.016025781631469727
0.012674570083618164
0.015039205551147461
0.013332843780517578
0.010799884796142578
0.01026606559753418
0.0033838748931884766
0.0053844451904296875
0.0046100616455078125
0.0036253929138183594
0.0159604549407959
0.018068313598632812
0.01749277114868164
0.01650238037109375
0.010498285293579102
0.012680530548095703
0.00579380989074707
0.006988048553466797
0.004240751266479492
0.0044307708740234375
0.004727840423583984
0.013225555419921875
0.014110326766967773
0.014529228210449219
0.01134181022644043
0.010416984558105469
0.007518768310546875
0.006298065185546875
0.005487918853759766
0.006129741668701172
0.0026807785034179688
0.013293027877807617
0.008649587631225586
0.009139060974121094
0.011183738708496094
0.01385045051574707
0.006075143814086914
0.007065773010253906
