0.0013816356658935547
0.0013308525085449219
0.0012345314025878906
0.0010097026824951172
0.001180410385131836
0.0011751651763916016
0.0015263557434082031
0.0014638900756835938
0.0013647079467773438
0.0012865066528320312
0.001028299331665039
0.001127004623413086
0.004197359085083008
0.002084970474243164
0.0014429092407226562
0.0012683868408203125
0.0011601448059082031
0.0014078617095947266
0.0015289783477783203
0.0010886192321777344
0.001211404800415039
0.0009768009185791016
0.0006673336029052734
0.0011298656463623047
0.0025937557220458984
0.0010471343994140625
0.0009546279907226562
0.0011587142944335938
0.0013561248779296875
0.0009634494781494141
0.0007245540618896484
0.0010483264923095703
0.0014147758483886719
0.0010728836059570312
0.0010333061218261719
0.0010209083557128906
0.0013408660888671875
0.0005197525024414062
0.0011987686157226562
0.0017397403717041016
0.0014426708221435547
0.0010039806365966797
0.0008897781372070312
0.0009753704071044922
0.0011568069458007812
0.0014553070068359375
0.0013217926025390625
0.000507354736328125
0.0006985664367675781
0.0019686222076416016
0.001338958740234375
0.0018873214721679688
0.0014507770538330078
0.0019237995147705078
0.001409292221069336
0.0012936592102050781
0.00055694580078125
0.0011951923370361328
0.0010263919830322266
0.0013592243194580078
0.0014944076538085938
0.001497507095336914
0.001519918441772461
0.0012309551239013672
0.0018346309661865234
0.0009522438049316406
0.0005097389221191406
0.0016627311706542969
0.0012607574462890625
0.0013477802276611328
0.0018537044525146484
0.0011401176452636719
0.0013070106506347656
0.0010132789611816406
0.0018763542175292969
0.0027551651000976562
0.0025110244750976562
0.002574443817138672
0.0014026165008544922
0.0012965202331542969
0.0012886524200439453
0.0012781620025634766
0.0012621879577636719
0.0013642311096191406
0.001417398452758789
0.004519939422607422
0.0040378570556640625
0.0012519359588623047
0.0012574195861816406
0.001306295394897461
0.0019388198852539062
0.0011348724365234375
0.0013399124145507812
0.0012290477752685547
0.0022466182708740234
0.0014281272888183594
0.0009338855743408203
0.0013699531555175781
0.001413106918334961
0.0029287338256835938
0.001809835433959961
0.001268625259399414
0.0015079975128173828
0.0012974739074707031
0.0017657279968261719
0.001613616943359375
0.001455068588256836
0.0016553401947021484
0.0017685890197753906
0.0013163089752197266
0.0012447834014892578
0.0009307861328125
0.0017287731170654297
0.0013408660888671875
0.001725912094116211
0.0014111995697021484
0.0014276504516601562
0.001178741455078125
0.0012378692626953125
0.0012388229370117188
0.0013768672943115234
0.0008013248443603516
0.0018811225891113281
0.0012774467468261719
0.0013070106506347656
0.002717733383178711
0.002403736114501953
0.001135110855102539
0.0013818740844726562
0.0012743473052978516
0.001146078109741211
0.0015532970428466797
0.0011298656463623047
0.0011699199676513672
0.0011973381042480469
0.0010561943054199219
0.0008883476257324219
0.001310110092163086
0.0013785362243652344
0.0011105537414550781
0.0009603500366210938
0.0008382797241210938
0.0010864734649658203
0.0010666847229003906
0.0014150142669677734
0.0015282630920410156
0.0010228157043457031
0.0019364356994628906
0.0012814998626708984
0.0013344287872314453
0.0016207695007324219
0.001573801040649414
0.0012390613555908203
0.0010972023010253906
0.0012121200561523438
0.0010328292846679688
0.0009741783142089844
0.0014367103576660156
0.0016338825225830078
0.0014400482177734375
0.0009753704071044922
0.000934600830078125
0.0010895729064941406
0.001043558120727539
0.0012683868408203125
0.0017151832580566406
0.0016140937805175781
0.0011196136474609375
0.001168966293334961
0.0010755062103271484
0.0012977123260498047
0.0011909008026123047
0.0010786056518554688
0.0012383460998535156
0.001748800277709961
0.00148773193359375
0.0013751983642578125
0.0010254383087158203
0.000982522964477539
0.0012187957763671875
0.001226663589477539
0.0011353492736816406
0.0010595321655273438
0.0014140605926513672
0.001407623291015625
0.001659393310546875
0.001554250717163086
0.0012328624725341797
0.0011932849884033203
0.0010747909545898438
0.001215219497680664
0.0011241436004638672
0.0010025501251220703
0.0011334419250488281
0.0011866092681884766
0.001155853271484375
