0.0018200874328613281
0.0017647743225097656
0.0012705326080322266
0.0015494823455810547
0.0016636848449707031
0.001294851303100586
0.0012881755828857422
0.001220703125
0.001607656478881836
0.0008521080017089844
0.0007572174072265625
0.0010280609130859375
0.0016598701477050781
0.001215219497680664
0.0010936260223388672
0.0011649131774902344
0.001409769058227539
0.001729726791381836
0.0010116100311279297
0.0003840923309326172
0.0008313655853271484
0.0025589466094970703
0.0016701221466064453
0.0023262500762939453
0.0018777847290039062
0.0022885799407958984
0.0017094612121582031
0.0005326271057128906
0.0008170604705810547
0.0014524459838867188
0.0011622905731201172
0.00177001953125
0.0018813610076904297
0.001890420913696289
0.0019545555114746094
0.0015478134155273438
0.0022454261779785156
0.0015726089477539062
0.0009632110595703125
0.002094745635986328
0.0015838146209716797
0.0017075538635253906
0.002346515655517578
0.001432657241821289
0.0016322135925292969
0.0012965202331542969
0.002299070358276367
0.0035004615783691406
0.0029747486114501953
0.003050565719604492
0.0017442703247070312
0.0016372203826904297
0.0016162395477294922
0.00160980224609375
0.0015881061553955078
0.0016875267028808594
0.0018041133880615234
0.004830360412597656
0.004364013671875
0.0015790462493896484
0.0015606880187988281
0.00164794921875
0.0023365020751953125
0.0014536380767822266
0.0016872882843017578
0.0015480518341064453
0.0027647018432617188
0.0017652511596679688
0.0012464523315429688
0.0017197132110595703
0.0017554759979248047
0.0035676956176757812
0.0022771358489990234
0.001623392105102539
0.0018587112426757812
0.0016415119171142578
0.0021543502807617188
0.001987934112548828
0.0017859935760498047
0.00212860107421875
0.0022935867309570312
0.001657724380493164
0.001580953598022461
0.0011692047119140625
0.002087116241455078
0.0016734600067138672
0.0023031234741210938
0.0016810894012451172
0.0015232563018798828
0.0014176368713378906
0.001505136489868164
0.0014901161193847656
0.0016889572143554688
0.0014107227325439453
0.0021626949310302734
0.0016984939575195312
0.0015630722045898438
0.00315093994140625
0.0007562637329101562
0.0013720989227294922
0.0016167163848876953
0.0015249252319335938
0.0013744831085205078
0.0018041133880615234
0.001386404037475586
0.0013823509216308594
0.0014922618865966797
0.0013155937194824219
0.0010771751403808594
0.0015895366668701172
0.0016858577728271484
0.0013623237609863281
0.0011544227600097656
0.0010058879852294922
0.0014383792877197266
0.0012788772583007812
0.001703500747680664
0.0018336772918701172
0.0012433528900146484
0.002382040023803711
0.0015468597412109375
0.0015969276428222656
0.002020120620727539
0.0019311904907226562
0.0014882087707519531
0.0013089179992675781
0.0014638900756835938
0.0012404918670654297
0.000720977783203125
0.0005545616149902344
0.0018854141235351562
0.001664876937866211
0.0011777877807617188
0.001116037368774414
0.0014042854309082031
0.0012552738189697266
0.0015277862548828125
0.0019991397857666016
0.0018968582153320312
0.0013556480407714844
0.0014004707336425781
0.001302957534790039
0.0015463829040527344
0.0014386177062988281
0.001285552978515625
0.0015101432800292969
0.002337217330932617
0.0017440319061279297
0.0016295909881591797
0.0012395381927490234
0.0011680126190185547
0.0014827251434326172
0.0014734268188476562
0.0014176368713378906
0.001277923583984375
0.0016956329345703125
0.0017049312591552734
0.0019893646240234375
0.0018782615661621094
0.0015544891357421875
0.0015208721160888672
0.0013103485107421875
0.0014574527740478516
0.0013651847839355469
0.0013616085052490234
0.0013272762298583984
0.0014319419860839844
0.0013964176177978516
