0.0006976127624511719
0.0003173351287841797
0.00042128562927246094
0.00041604042053222656
0.00033164024353027344
0.0003979206085205078
0.00033354759216308594
0.0005049705505371094
0.0004019737243652344
0.0003151893615722656
0.0004127025604248047
0.00036215782165527344
0.00034999847412109375
0.0004379749298095703
0.0009045600891113281
0.0004105567932128906
0.00035190582275390625
0.00031113624572753906
0.00044536590576171875
0.0004367828369140625
0.00042438507080078125
0.0003466606140136719
0.0003764629364013672
0.0003924369812011719
0.0004754066467285156
0.0005245208740234375
0.0004458427429199219
0.0009319782257080078
0.0004749298095703125
0.0004730224609375
0.0010750293731689453
0.0009307861328125
0.0004324913024902344
0.0006411075592041016
0.0004627704620361328
0.0004937648773193359
0.0005736351013183594
0.00051116943359375
0.0004303455352783203
0.0005855560302734375
0.000461578369140625
0.0007457733154296875
0.0005941390991210938
0.0005233287811279297
0.0004456043243408203
0.0004868507385253906
0.0005445480346679688
0.003149747848510742
0.0007996559143066406
0.0005002021789550781
0.0011615753173828125
0.0004947185516357422
0.00047898292541503906
0.0007445812225341797
0.0004622936248779297
0.0005142688751220703
0.0004055500030517578
0.0010759830474853516
0.0004696846008300781
0.0017704963684082031
0.00047588348388671875
0.00042629241943359375
0.00047659873962402344
0.0005970001220703125
0.0016224384307861328
0.0011632442474365234
0.0014243125915527344
0.0005724430084228516
0.0004737377166748047
0.00042724609375
0.0004322528839111328
0.0005586147308349609
0.0015473365783691406
0.0009653568267822266
0.0012710094451904297
0.0006422996520996094
0.0004334449768066406
0.000362396240234375
0.00046372413635253906
0.0004901885986328125
0.0006704330444335938
0.0017576217651367188
0.0009217262268066406
0.001081228256225586
0.000591278076171875
0.0004107952117919922
0.0006000995635986328
0.0004162788391113281
0.0008566379547119141
0.0005667209625244141
0.0015380382537841797
0.0009129047393798828
0.0005211830139160156
0.0016727447509765625
0.0007998943328857422
0.00046324729919433594
0.00047850608825683594
0.0006120204925537109
0.0003941059112548828
0.000904083251953125
0.0018153190612792969
0.0012786388397216797
0.00081634521484375
0.0004107952117919922
0.0004169940948486328
0.0006494522094726562
0.0003764629364013672
0.0003898143768310547
0.0003066062927246094
0.0006203651428222656
0.0008106231689453125
0.0014736652374267578
0.0005941390991210938
0.0004649162292480469
0.0004241466522216797
0.0004017353057861328
0.00040459632873535156
0.0003960132598876953
0.0004150867462158203
0.0004792213439941406
0.001954317092895508
0.003164052963256836
0.00039649009704589844
0.00037789344787597656
0.00039196014404296875
0.0005846023559570312
0.0003533363342285156
0.0004076957702636719
0.0003876686096191406
0.0004627704620361328
0.0004265308380126953
0.0002865791320800781
0.0003986358642578125
0.0004360675811767578
0.0011050701141357422
0.0005567073822021484
0.00039505958557128906
0.00048804283142089844
0.0004105567932128906
0.0005695819854736328
0.0006036758422851562
0.0006072521209716797
0.00047588348388671875
0.0005257129669189453
0.0003921985626220703
0.0003986358642578125
0.0002722740173339844
0.0008246898651123047
0.00039577484130859375
0.0007326602935791016
0.0004942417144775391
0.0016193389892578125
0.0005249977111816406
0.0005991458892822266
0.0005853176116943359
0.0005147457122802734
0.0015077590942382812
0.0005414485931396484
0.0004839897155761719
0.0005917549133300781
0.0007407665252685547
0.0026047229766845703
0.0005021095275878906
0.0005176067352294922
0.0005078315734863281
0.0005049705505371094
0.0008108615875244141
0.00048041343688964844
0.0005085468292236328
0.0005152225494384766
0.0004749298095703125
0.00039839744567871094
0.0005609989166259766
0.00064849853515625
0.0004699230194091797
0.00043702125549316406
0.0003998279571533203
0.0004773139953613281
0.00046825408935546875
0.0005841255187988281
0.0006971359252929688
0.0004496574401855469
0.0008234977722167969
0.0005450248718261719
0.0006062984466552734
0.0007340908050537109
0.0007092952728271484
0.0005655288696289062
0.0004591941833496094
0.0005292892456054688
0.0004608631134033203
0.001153707504272461
0.0017964839935302734
0.0008826255798339844
0.0008420944213867188
0.0004374980926513672
0.00046515464782714844
0.0004930496215820312
0.00046515464782714844
0.0005474090576171875
0.001088857650756836
0.0010249614715576172
0.0004875659942626953
0.0005204677581787109
0.0004684925079345703
0.0006237030029296875
0.0005464553833007812
0.0005018711090087891
0.0004978179931640625
0.0007877349853515625
0.0006132125854492188
0.0006232261657714844
0.00044727325439453125
0.0004444122314453125
0.0006580352783203125
0.0005724430084228516
0.0005102157592773438
0.0004458427429199219
0.0005400180816650391
0.0006096363067626953
0.0007252693176269531
0.0006473064422607422
0.0005664825439453125
0.0004813671112060547
0.00044918060302734375
0.00057220458984375
0.0005047321319580078
0.00044083595275878906
0.0005817413330078125
0.0004987716674804688
0.0006377696990966797
