0.0008828639984130859
0.0005767345428466797
0.0006377696990966797
0.0007398128509521484
0.0006208419799804688
0.0006535053253173828
0.0011644363403320312
0.0007266998291015625
0.0005807876586914062
0.0005285739898681641
0.0007207393646240234
0.0007414817810058594
0.0006928443908691406
0.00057220458984375
0.0006372928619384766
0.0006406307220458984
0.0008008480072021484
0.0008330345153808594
0.0007350444793701172
0.001222848892211914
0.0010418891906738281
0.0008022785186767578
0.002164602279663086
0.0020041465759277344
0.0007081031799316406
0.0008916854858398438
0.00079345703125
0.0008111000061035156
0.0009129047393798828
0.0008175373077392578
0.0006778240203857422
0.000858306884765625
0.0008139610290527344
0.0011310577392578125
0.0009624958038330078
0.0008790493011474609
0.0007410049438476562
0.0007236003875732422
0.0008041858673095703
0.003644227981567383
0.0011413097381591797
0.0008070468902587891
0.0006513595581054688
0.0007674694061279297
0.0008001327514648438
0.0011827945709228516
0.0007774829864501953
0.0008323192596435547
0.0006551742553710938
0.0005583763122558594
0.0007228851318359375
0.002165555953979492
0.0007305145263671875
0.0006549358367919922
0.0007829666137695312
0.0009250640869140625
0.0012297630310058594
0.0006232261657714844
0.0006647109985351562
0.0009417533874511719
0.0007343292236328125
0.0006794929504394531
0.0007126331329345703
0.0008802413940429688
0.001672506332397461
0.0013785362243652344
0.0016162395477294922
0.0010852813720703125
0.0006742477416992188
0.0005986690521240234
0.0006811618804931641
0.000782012939453125
0.0010542869567871094
0.0016427040100097656
0.0010950565338134766
0.0015909671783447266
0.001196146011352539
0.0008530616760253906
0.0011644363403320312
0.0009214878082275391
0.0013248920440673828
0.0009143352508544922
0.0008168220520019531
0.0007293224334716797
0.0008282661437988281
0.0014379024505615234
0.00048542022705078125
0.0009081363677978516
0.0009188652038574219
0.000993967056274414
0.0007517337799072266
0.0014123916625976562
0.0008101463317871094
0.001094818115234375
0.001033782958984375
0.0007755756378173828
0.0008285045623779297
0.0013077259063720703
0.0007026195526123047
0.0008327960968017578
0.0006024837493896484
0.001249551773071289
0.0016040802001953125
0.001917123794555664
0.0012848377227783203
0.0008521080017089844
0.0008044242858886719
0.0007622241973876953
0.0008115768432617188
0.000774383544921875
0.0008373260498046875
0.0008916854858398438
0.0037496089935302734
0.0034570693969726562
0.0007729530334472656
0.0007240772247314453
0.0007703304290771484
0.0011477470397949219
0.0006730556488037109
0.0008370876312255859
0.00074005126953125
0.001154184341430664
0.0008602142333984375
0.0005528926849365234
0.0007855892181396484
0.0008170604705810547
0.0017066001892089844
0.0011014938354492188
0.0007534027099609375
0.0009663105010986328
0.0007905960083007812
0.0010890960693359375
0.0011126995086669922
0.0009286403656005859
0.00101470947265625
0.000980377197265625
0.0008213520050048828
0.00077056884765625
0.0005273818969726562
0.0012142658233642578
0.0008139610290527344
0.0010902881622314453
0.0009365081787109375
0.0009012222290039062
0.0008068084716796875
0.0008780956268310547
0.0008914470672607422
0.0008382797241210938
0.0005950927734375
0.0014955997467041016
0.0007536411285400391
0.0009310245513916016
0.002330780029296875
0.0027506351470947266
0.0007932186126708984
0.000934600830078125
0.0008473396301269531
0.0007767677307128906
0.0011839866638183594
0.0007905960083007812
0.0007779598236083984
0.0008292198181152344
0.0007357597351074219
0.0006124973297119141
0.0008978843688964844
0.0009114742279052734
0.0007739067077636719
0.0006680488586425781
0.0005881786346435547
0.0007565021514892578
0.0007367134094238281
0.0009768009185791016
0.001068115234375
0.0006957054138183594
0.0013232231140136719
0.0008530616760253906
0.0009150505065917969
0.001130819320678711
0.0011119842529296875
0.000873565673828125
0.0007207393646240234
0.0008478164672851562
0.0007231235504150391
0.0008039474487304688
0.0011675357818603516
0.0011844635009765625
0.0011093616485595703
0.0006682872772216797
0.0006699562072753906
0.0007646083831787109
0.0007157325744628906
0.0008497238159179688
0.003725767135620117
0.003627777099609375
0.0007712841033935547
0.00080108642578125
0.0007469654083251953
0.0009212493896484375
0.0008149147033691406
0.0007622241973876953
0.0008330345153808594
0.0013039112091064453
0.0011096000671386719
0.0009989738464355469
0.00070953369140625
0.0006780624389648438
0.0009090900421142578
0.0008628368377685547
0.0007724761962890625
0.0007045269012451172
0.0008463859558105469
0.0009758472442626953
0.0010952949523925781
0.0010600090026855469
0.0008482933044433594
0.0007441043853759766
0.0007066726684570312
0.0008554458618164062
0.0007655620574951172
0.0006914138793945312
0.0008258819580078125
0.0007879734039306641
0.0008692741394042969
