0.0015821456909179688
0.001184225082397461
0.0010266304016113281
0.0012807846069335938
0.0015172958374023438
0.0016431808471679688
0.00124359130859375
0.0013380050659179688
0.0010836124420166016
0.00044918060302734375
0.0012905597686767578
0.002747774124145508
0.0011551380157470703
0.0010554790496826172
0.0012586116790771484
0.0014929771423339844
0.0008308887481689453
0.0008263587951660156
0.001184701919555664
0.0015337467193603516
0.0011827945709228516
0.0011510848999023438
0.001119852066040039
0.0014731884002685547
0.0011103153228759766
0.0006525516510009766
0.0006668567657470703
0.0015506744384765625
0.001110076904296875
0.0009860992431640625
0.001070261001586914
0.001291036605834961
0.0015950202941894531
0.0011701583862304688
0.0006921291351318359
0.0009570121765136719
0.0023424625396728516
0.0015022754669189453
0.0020623207092285156
0.0016062259674072266
0.002106189727783203
0.0015597343444824219
0.0011684894561767578
0.0006411075592041016
0.0013132095336914062
0.0013091564178466797
0.001573324203491211
0.0016870498657226562
0.001692056655883789
0.0017559528350830078
0.001390695571899414
0.0019855499267578125
0.0016922950744628906
0.0011823177337646484
0.0018656253814697266
0.0014238357543945312
0.0015366077423095703
0.0021038055419921875
0.001283884048461914
0.0014629364013671875
0.0011441707611083984
0.002058267593383789
0.0032434463500976562
0.0027053356170654297
0.002777576446533203
0.0015735626220703125
0.0014801025390625
0.0014498233795166016
0.0014438629150390625
0.0014202594757080078
0.0015251636505126953
0.0016283988952636719
0.0046710968017578125
0.0041887760162353516
0.00140380859375
0.0014111995697021484
0.0014882087707519531
0.0021386146545410156
0.0012924671173095703
0.0015070438385009766
0.0013890266418457031
0.0024895668029785156
0.0015990734100341797
0.0011115074157714844
0.0015289783477783203
0.0015866756439208984
0.0032792091369628906
0.0020487308502197266
0.0014522075653076172
0.0016660690307617188
0.0014731884002685547
0.0019693374633789062
0.001781463623046875
0.0016219615936279297
0.0018589496612548828
0.002039670944213867
0.0014941692352294922
0.0014200210571289062
0.0010488033294677734
0.00189971923828125
0.0015044212341308594
0.0020689964294433594
0.0015506744384765625
0.0013272762298583984
0.0012917518615722656
0.0013689994812011719
0.001367330551147461
0.0014886856079101562
0.0007059574127197266
0.0020334720611572266
0.001538991928100586
0.0014417171478271484
0.002979278564453125
0.002858877182006836
0.0012459754943847656
0.0014979839324951172
0.0014081001281738281
0.0012543201446533203
0.0016698837280273438
0.0012645721435546875
0.001275777816772461
0.00136566162109375
0.001209259033203125
0.000982522964477539
0.0014393329620361328
0.001485586166381836
0.0012383460998535156
0.0010554790496826172
0.0009233951568603516
0.0011909008026123047
0.0011723041534423828
0.0015680789947509766
0.001680135726928711
0.0011334419250488281
0.0022017955780029297
0.0013980865478515625
0.0014710426330566406
0.0018467903137207031
0.001745462417602539
0.0013537406921386719
0.001201629638671875
0.001344919204711914
0.0011355876922607422
0.000888824462890625
0.001298666000366211
0.0017592906951904297
0.0015566349029541016
0.0010762214660644531
0.0010266304016113281
0.0012631416320800781
0.0011494159698486328
0.0014047622680664062
0.0018548965454101562
0.0017557144165039062
0.0012288093566894531
0.0012845993041992188
0.0011944770812988281
0.0014214515686035156
0.001316070556640625
0.0011749267578125
0.0013670921325683594
0.0019180774688720703
0.0016133785247802734
0.001504659652709961
0.001123189926147461
0.0010747909545898438
0.0013301372528076172
0.001348733901977539
0.0012593269348144531
0.001161813735961914
0.0015399456024169922
0.0015649795532226562
0.0018253326416015625
0.00171661376953125
0.0013632774353027344
0.0013844966888427734
0.0012073516845703125
0.0013353824615478516
0.00124359130859375
0.0012257099151611328
0.001230478286743164
0.0013167858123779297
0.0012505054473876953
