0.0006999969482421875
0.0004782676696777344
0.0005381107330322266
0.0004584789276123047
0.0003635883331298828
0.0005414485931396484
0.0004813671112060547
0.0005357265472412109
0.0005347728729248047
0.00047898292541503906
0.0005574226379394531
0.0010559558868408203
0.0005965232849121094
0.0004744529724121094
0.0004191398620605469
0.0006082057952880859
0.0006096363067626953
0.0005688667297363281
0.0004661083221435547
0.0005085468292236328
0.0005240440368652344
0.0006580352783203125
0.000682830810546875
0.0005867481231689453
0.0010840892791748047
0.0007679462432861328
0.0006606578826904297
0.0012476444244384766
0.0010833740234375
0.0005693435668945312
0.0007798671722412109
0.0006525516510009766
0.0006608963012695312
0.000751495361328125
0.0006597042083740234
0.0005657672882080078
0.0007464885711669922
0.0006921291351318359
0.0009860992431640625
0.0007829666137695312
0.000705718994140625
0.0006186962127685547
0.0006153583526611328
0.0006906986236572266
0.0033843517303466797
0.0009875297546386719
0.0006768703460693359
0.0007817745208740234
0.0006439685821533203
0.0006465911865234375
0.0010142326354980469
0.0006098747253417969
0.0006959438323974609
0.0005452632904052734
0.0007619857788085938
0.0006101131439208984
0.001501321792602539
0.0006134510040283203
0.0005478858947753906
0.0006349086761474609
0.0007793903350830078
0.0011069774627685547
0.00041675567626953125
0.0007748603820800781
0.0007646083831787109
0.0006206035614013672
0.0005702972412109375
0.0005640983581542969
0.0007374286651611328
0.0012488365173339844
0.0008635520935058594
0.0011525154113769531
0.0008471012115478516
0.0005621910095214844
0.0004799365997314453
0.0005829334259033203
0.0006608963012695312
0.000865936279296875
0.0014710426330566406
0.0008077621459960938
0.0012035369873046875
0.0009331703186035156
0.0006167888641357422
0.0009043216705322266
0.0006825923919677734
0.0011217594146728516
0.0007717609405517578
0.0010378360748291016
0.0010914802551269531
0.0006811618804931641
0.0015552043914794922
0.0006625652313232422
0.0007033348083496094
0.0007178783416748047
0.0008051395416259766
0.0005886554718017578
0.001260995864868164
0.0012035369873046875
0.0006024837493896484
0.0005383491516113281
0.0006096363067626953
0.0006554126739501953
0.0009546279907226562
0.0005533695220947266
0.0006499290466308594
0.00046515464782714844
0.0009810924530029297
0.0012352466583251953
0.0016949176788330078
0.0009677410125732422
0.0006747245788574219
0.000640869140625
0.0005953311920166016
0.0006012916564941406
0.0005881786346435547
0.0006184577941894531
0.0007131099700927734
0.003407716751098633
0.0033152103424072266
0.00058746337890625
0.0005648136138916016
0.0006058216094970703
0.0008869171142578125
0.0005176067352294922
0.0006489753723144531
0.0005805492401123047
0.00081634521484375
0.0006816387176513672
0.00042510032653808594
0.0005948543548583984
0.0006444454193115234
0.0014376640319824219
0.0008437633514404297
0.0005779266357421875
0.0007302761077880859
0.0006163120269775391
0.00086212158203125
0.0009369850158691406
0.0007672309875488281
0.0007717609405517578
0.0007684230804443359
0.0006504058837890625
0.000591278076171875
0.00040602684020996094
0.001020669937133789
0.0005934238433837891
0.0009629726409912109
0.000766754150390625
0.0018832683563232422
0.0006766319274902344
0.0007593631744384766
0.0007722377777099609
0.000720977783203125
0.0008997917175292969
0.001129150390625
0.0006415843963623047
0.0008032321929931641
0.0009064674377441406
0.0038347244262695312
0.0006568431854248047
0.0007364749908447266
0.0007193088531494141
0.0006616115570068359
0.0010673999786376953
0.0006556510925292969
0.0006554126739501953
0.0007007122039794922
0.0006172657012939453
0.0005125999450683594
0.0007357597351074219
0.0007967948913574219
0.0006260871887207031
0.0005645751953125
0.000499725341796875
0.0006270408630371094
0.0006208419799804688
0.0008285045623779297
0.0009036064147949219
0.0005791187286376953
0.0010790824890136719
0.0007166862487792969
0.0007801055908203125
0.0009372234344482422
0.0009343624114990234
0.0007240772247314453
0.0006093978881835938
0.0007214546203613281
0.0006029605865478516
0.0010638236999511719
0.0016641616821289062
0.001049041748046875
0.000997781753540039
0.0005640983581542969
0.0005729198455810547
0.0006344318389892578
0.0006067752838134766
0.0007266998291015625
0.00127410888671875
0.0011763572692871094
0.0006358623504638672
0.0006763935089111328
0.00063323974609375
0.0007865428924560547
0.0006861686706542969
0.0006377696990966797
0.0006921291351318359
0.0011436939239501953
0.0008711814880371094
0.0008585453033447266
0.0005846023559570312
0.0005774497985839844
0.0008032321929931641
0.0007348060607910156
0.0006468296051025391
0.0005826950073242188
0.0007143020629882812
0.0008225440979003906
0.0009281635284423828
0.0008220672607421875
0.0006978511810302734
0.0006270408630371094
0.0005965232849121094
0.0007264614105224609
0.0006372928619384766
0.0005705356597900391
0.0007216930389404297
0.0006635189056396484
0.0007641315460205078
