0.001260995864868164
0.0010938644409179688
0.0009942054748535156
0.0014634132385253906
0.0013051033020019531
0.0010862350463867188
0.0015151500701904297
0.0013470649719238281
0.0009403228759765625
0.0011420249938964844
0.001371145248413086
0.001069784164428711
0.0011975765228271484
0.0010995864868164062
0.0008873939514160156
0.0010726451873779297
0.0010635852813720703
0.0013971328735351562
0.0012841224670410156
0.0011975765228271484
0.0010249614715576172
0.0009284019470214844
0.001024007797241211
0.0040280818939208984
0.0014111995697021484
0.0010671615600585938
0.0005178451538085938
0.0010421276092529297
0.0012140274047851562
0.0014023780822753906
0.0009891986846923828
0.0010859966278076172
0.0008730888366699219
0.000873565673828125
0.0009989738464355469
0.0024602413177490234
0.0009419918060302734
0.0008544921875
0.001035928726196289
0.0012009143829345703
0.001352071762084961
0.0005242824554443359
0.0004961490631103516
0.0012166500091552734
0.0009489059448242188
0.0009307861328125
0.0009207725524902344
0.0012116432189941406
0.0009911060333251953
0.00041747093200683594
0.0008671283721923828
0.0012996196746826172
0.0008778572082519531
0.0007991790771484375
0.0008656978607177734
0.0010406970977783203
0.0013251304626464844
0.0006585121154785156
0.001220703125
0.001323699951171875
0.001718759536743164
0.0011763572692871094
0.0016515254974365234
0.0012903213500976562
0.0017056465148925781
0.0012731552124023438
0.0006880760192871094
0.0003733634948730469
0.001077413558959961
0.0008246898651123047
0.0011799335479736328
0.0013010501861572266
0.0013003349304199219
0.0013568401336669922
0.0010559558868408203
0.0016977787017822266
0.0005984306335449219
0.0008749961853027344
0.0014681816101074219
0.0010802745819091797
0.0011813640594482422
0.0016489028930664062
0.000997304916381836
0.0011584758758544922
0.0008676052093505859
0.0017192363739013672
0.002304553985595703
0.0023195743560791016
0.0023415088653564453
0.0011990070343017578
0.0011408329010009766
0.0011332035064697266
0.0011222362518310547
0.0011105537414550781
0.0011754035949707031
0.0012476444244384766
0.004364728927612305
0.003873109817504883
0.0011036396026611328
0.0010747909545898438
0.0011510848999023438
0.0016393661499023438
0.0009744167327880859
0.0011813640594482422
0.0010509490966796875
0.001882791519165039
0.0012590885162353516
0.000804901123046875
0.0012156963348388672
0.0012192726135253906
0.002646207809448242
0.0015761852264404297
0.0010967254638671875
0.0013551712036132812
0.0011296272277832031
0.0015883445739746094
0.001443624496459961
0.0012323856353759766
0.0014526844024658203
0.0014736652374267578
0.0011601448059082031
0.0010864734649658203
0.0008146762847900391
0.0015676021575927734
0.0011584758758544922
0.0014851093292236328
0.0012061595916748047
0.0017688274383544922
0.001032114028930664
0.0011029243469238281
0.0011241436004638672
0.0012559890747070312
0.0009920597076416016
0.0017719268798828125
0.0011053085327148438
0.0011873245239257812
0.002583742141723633
0.002274751663208008
0.0010259151458740234
0.001241445541381836
0.001104593276977539
0.0010385513305664062
0.0014410018920898438
0.0010197162628173828
0.001047372817993164
0.001079559326171875
0.0009520053863525391
0.0007977485656738281
0.0011799335479736328
0.0012378692626953125
0.0010018348693847656
0.0008625984191894531
0.0007574558258056641
0.000982046127319336
0.0009450912475585938
0.0012767314910888672
0.001377105712890625
0.0009145736694335938
0.0017468929290771484
0.0011463165283203125
0.0012123584747314453
0.0014660358428955078
0.00142669677734375
0.0011286735534667969
0.0009691715240478516
0.0010967254638671875
0.0009253025054931641
0.0006384849548339844
0.0007328987121582031
0.001489877700805664
0.0013358592987060547
0.0008759498596191406
0.0008463859558105469
0.00098419189453125
0.0009233951568603516
0.0011467933654785156
0.001577138900756836
0.0014748573303222656
0.0010080337524414062
0.0010373592376708984
0.0009746551513671875
0.0011742115020751953
0.0010673999786376953
0.0009827613830566406
0.001089334487915039
0.0016093254089355469
0.0013628005981445312
0.0012500286102294922
0.0009202957153320312
0.0008711814880371094
0.0011212825775146484
0.0011060237884521484
0.0010149478912353516
0.000957489013671875
0.001268148422241211
0.0012691020965576172
0.001499176025390625
0.0013895034790039062
0.001131296157836914
0.0010104179382324219
0.0009224414825439453
0.0010952949523925781
0.0010035037994384766
0.0009055137634277344
0.0010209083557128906
0.0010726451873779297
0.0010623931884765625
