0.0022063255310058594
0.0018780231475830078
0.0013232231140136719
0.0014672279357910156
0.0027544498443603516
0.001828908920288086
0.0024890899658203125
0.0020666122436523438
0.0024657249450683594
0.001842498779296875
0.0014123916625976562
0.00046706199645996094
0.0015869140625
0.0007004737854003906
0.0020399093627929688
0.002071857452392578
0.002077341079711914
0.0021369457244873047
0.0016994476318359375
0.0025653839111328125
0.0014493465423583984
0.00078582763671875
0.002322673797607422
0.0017392635345458984
0.0018696784973144531
0.0026268959045410156
0.0015726089477539062
0.001810312271118164
0.0014262199401855469
0.0025072097778320312
0.0037436485290527344
0.0031387805938720703
0.0032873153686523438
0.001968860626220703
0.0017910003662109375
0.0017695426940917969
0.0017659664154052734
0.0017611980438232422
0.0018558502197265625
0.0019750595092773438
0.0050203800201416016
0.0045316219329833984
0.0017518997192382812
0.0017087459564208984
0.0017993450164794922
0.0025348663330078125
0.0016078948974609375
0.001863241195678711
0.0017018318176269531
0.0029473304748535156
0.0019292831420898438
0.001373291015625
0.0018968582153320312
0.001917123794555664
0.0038709640502929688
0.0025064945220947266
0.0017914772033691406
0.0020673274993896484
0.0018038749694824219
0.0023300647735595703
0.0021805763244628906
0.0019407272338867188
0.002294778823852539
0.0026111602783203125
0.0018076896667480469
0.0017359256744384766
0.0012967586517333984
0.002270936965942383
0.0018270015716552734
0.002447843551635742
0.0018429756164550781
0.0012323856353759766
0.0015380382537841797
0.0019156932830810547
0.001603841781616211
0.0018236637115478516
0.0012199878692626953
0.0022859573364257812
0.001814126968383789
0.0018253326416015625
0.003265857696533203
0.0025043487548828125
0.0014963150024414062
0.0017323493957519531
0.0016713142395019531
0.0016324520111083984
0.002027750015258789
0.001506805419921875
0.0015304088592529297
0.0016117095947265625
0.0014164447784423828
0.0011773109436035156
0.0017399787902832031
0.0018057823181152344
0.0014698505401611328
0.0012531280517578125
0.0010879039764404297
0.0015690326690673828
0.0013976097106933594
0.0018417835235595703
0.001983165740966797
0.0013539791107177734
0.00255584716796875
0.0016651153564453125
0.0017216205596923828
0.0022063255310058594
0.002095460891723633
0.0016176700592041016
0.0014128684997558594
0.0016226768493652344
0.0013425350189208984
0.0003714561462402344
0.001550436019897461
0.0020227432250976562
0.0017974376678466797
0.0012743473052978516
0.0012040138244628906
0.00157928466796875
0.001360177993774414
0.00164794921875
0.002135753631591797
0.002033233642578125
0.0014808177947998047
0.001514434814453125
0.0014066696166992188
0.001669168472290039
0.0015628337860107422
0.0014503002166748047
0.0017437934875488281
0.0024733543395996094
0.0018684864044189453
0.0017545223236083984
0.0015366077423095703
0.0012633800506591797
0.0016300678253173828
0.0016825199127197266
0.001674652099609375
0.0013930797576904297
0.0018002986907958984
0.0018422603607177734
0.0021486282348632812
0.002042531967163086
0.0017032623291015625
0.0016317367553710938
0.0014121532440185547
0.0015780925750732422
0.0014874935150146484
0.0014829635620117188
0.001425027847290039
0.001542806625366211
0.001493692398071289
