0.0009770393371582031
0.0006778240203857422
0.0006327629089355469
0.0008246898651123047
0.0008649826049804688
0.0008246898651123047
0.0006690025329589844
0.0007545948028564453
0.0007495880126953125
0.0009326934814453125
0.0009622573852539062
0.00086212158203125
0.0013515949249267578
0.0011818408966064453
0.0009379386901855469
0.0013828277587890625
0.0012164115905761719
0.0008325576782226562
0.0009968280792236328
0.0012195110321044922
0.0009446144104003906
0.001064300537109375
0.0009658336639404297
0.0007843971252441406
0.0009591579437255859
0.0009558200836181641
0.0012655258178710938
0.001135110855102539
0.001033782958984375
0.0008547306060791016
0.0008265972137451172
0.0009181499481201172
0.0038619041442871094
0.0012788772583007812
0.0009326934814453125
0.0009071826934814453
0.0008831024169921875
0.0010645389556884766
0.0012943744659423828
0.0008759498596191406
0.0009615421295166016
0.0007581710815429688
0.0003509521484375
0.0008883476257324219
0.002309083938598633
0.0008380413055419922
0.0007569789886474609
0.0009202957153320312
0.0010688304901123047
0.0006127357482910156
0.0009336471557617188
0.001306295394897461
0.0010843276977539062
0.000843048095703125
0.0008156299591064453
0.0008211135864257812
0.0010797977447509766
0.0007283687591552734
0.00054931640625
0.00048804283142089844
0.001195669174194336
0.0007781982421875
0.0007085800170898438
0.0007741451263427734
0.0009095668792724609
0.0011947154998779297
0.0008552074432373047
0.0006005764007568359
0.0005393028259277344
0.0014455318450927734
0.0010154247283935547
0.00141143798828125
0.0011255741119384766
0.0015079975128173828
0.0011217594146728516
0.0016574859619140625
0.0010030269622802734
0.0009636878967285156
0.0005445480346679688
0.0009949207305908203
0.0011096000671386719
0.0011107921600341797
0.001180410385131836
0.0009069442749023438
0.0015492439270019531
0.0010809898376464844
0.0004105567932128906
0.0012683868408203125
0.0009338855743408203
0.0009925365447998047
0.001508474349975586
0.0008544921875
0.0010068416595458984
0.0007359981536865234
0.0015075206756591797
0.0019636154174804688
0.002118349075317383
0.0015795230865478516
0.0010323524475097656
0.0009660720825195312
0.0009222030639648438
0.0009701251983642578
0.0009553432464599609
0.0010120868682861328
0.00106048583984375
0.004172563552856445
0.0036759376525878906
0.0009484291076660156
0.0008745193481445312
0.0009677410125732422
0.0014007091522216797
0.0008220672607421875
0.0010232925415039062
0.0008966922760009766
0.0014963150024414062
0.0010287761688232422
0.00067901611328125
0.001020193099975586
0.0010440349578857422
0.002209186553955078
0.0013413429260253906
0.0009262561798095703
0.0012018680572509766
0.0009572505950927734
0.0013000965118408203
0.0012786388397216797
0.0010805130004882812
0.0012536048889160156
0.0011806488037109375
0.0009808540344238281
0.0009300708770751953
0.0006449222564697266
0.0014052391052246094
0.0009984970092773438
0.0012083053588867188
0.0010492801666259766
0.0010342597961425781
0.0009295940399169922
0.0009963512420654297
0.0009996891021728516
0.0009434223175048828
0.001600503921508789
0.0016279220581054688
0.0008585453033447266
0.001050710678100586
0.002476215362548828
0.0006270408630371094
0.000919342041015625
0.0010597705841064453
0.0009655952453613281
0.0009305477142333984
0.0013213157653808594
0.0009124279022216797
0.0009377002716064453
0.0009474754333496094
0.0008494853973388672
0.0007052421569824219
0.0010502338409423828
0.0010638236999511719
0.0008819103240966797
0.0007653236389160156
0.0006754398345947266
0.0008769035339355469
0.0008437633514404297
0.001116037368774414
0.0012247562408447266
0.0008070468902587891
0.0015521049499511719
0.0010292530059814453
0.0010690689086914062
0.0012989044189453125
0.0012633800506591797
0.0010113716125488281
0.0008265972137451172
0.0009627342224121094
0.0008237361907958984
0.0004706382751464844
0.0010523796081542969
0.0013611316680908203
0.0012195110321044922
0.0007772445678710938
0.0007617473602294922
0.0008809566497802734
0.0008199214935302734
0.0009963512420654297
0.0014202594757080078
0.0013346672058105469
0.0008974075317382812
0.0009148120880126953
0.0008547306060791016
0.0010480880737304688
0.000942230224609375
0.0008831024169921875
0.0009620189666748047
0.0014450550079345703
0.001238107681274414
0.0011239051818847656
0.0008227825164794922
0.000774383544921875
0.0010089874267578125
0.0009860992431640625
0.0008924007415771484
0.0008168220520019531
0.0011301040649414062
0.0011134147644042969
0.0013401508331298828
0.0012292861938476562
0.0009899139404296875
0.0008547306060791016
0.0008089542388916016
0.0009768009185791016
0.0008826255798339844
0.0008060932159423828
0.0009264945983886719
0.0009448528289794922
0.0009672641754150391
