0.0019774436950683594
0.002420663833618164
0.0013282299041748047
0.0006945133209228516
0.0025229454040527344
0.001897573471069336
0.002057313919067383
0.0028235912322998047
0.0017101764678955078
0.0019593238830566406
0.001558542251586914
0.002799510955810547
0.003995180130004883
0.0032973289489746094
0.0034949779510498047
0.0021491050720214844
0.001973867416381836
0.0019278526306152344
0.0019237995147705078
0.0019152164459228516
0.002017498016357422
0.002173185348510742
0.005181074142456055
0.004699230194091797
0.0019040107727050781
0.0018568038940429688
0.0020339488983154297
0.00273895263671875
0.0017616748809814453
0.002022981643676758
0.0018527507781982422
0.003189563751220703
0.0020940303802490234
0.001505136489868164
0.0020499229431152344
0.002079010009765625
0.004199504852294922
0.00273895263671875
0.0019648075103759766
0.002263307571411133
0.001966238021850586
0.002531290054321289
0.002608776092529297
0.002099275588989258
0.0024423599243164062
0.002811908721923828
0.001985788345336914
0.0018923282623291016
0.0014209747314453125
0.0024361610412597656
0.001977682113647461
0.0025887489318847656
0.0019719600677490234
0.0011353492736816406
0.001645803451538086
0.002116680145263672
0.0017325878143310547
0.0019898414611816406
0.0013167858123779297
0.0024459362030029297
0.0019216537475585938
0.001978158950805664
0.003429412841796875
0.0008625984191894531
0.0016145706176757812
0.0018453598022460938
0.0018045902252197266
0.0017399787902832031
0.001924753189086914
0.001613616943359375
0.0016353130340576172
0.0017478466033935547
0.0015196800231933594
0.0012707710266113281
0.001870870590209961
0.001909494400024414
0.0015881061553955078
0.0013513565063476562
0.0011687278747558594
0.0016808509826660156
0.0015025138854980469
0.0019922256469726562
0.00213623046875
0.001463174819946289
0.002711057662963867
0.0017809867858886719
0.0018630027770996094
0.0023779869079589844
0.002248525619506836
0.0017330646514892578
0.0015168190002441406
0.0017647743225097656
0.0014412403106689453
0.0005576610565185547
0.0009124279022216797
0.002151966094970703
0.0019142627716064453
0.0013737678527832031
0.0012922286987304688
0.0017213821411132812
0.0014619827270507812
0.0017828941345214844
0.0022754669189453125
0.0021734237670898438
0.001607656478881836
0.0016274452209472656
0.0015244483947753906
0.0017969608306884766
0.0016903877258300781
0.0015702247619628906
0.001855611801147461
0.0026137828826904297
0.001992464065551758
0.0018792152404785156
0.0016405582427978516
0.0013568401336669922
0.0018086433410644531
0.0019252300262451172
0.0020275115966796875
0.001491546630859375
0.0019042491912841797
0.0019974708557128906
0.002312183380126953
0.0022017955780029297
0.0018200874328613281
0.001743316650390625
0.0015261173248291016
0.0017006397247314453
0.0016088485717773438
0.0015883445739746094
0.0015192031860351562
0.0016720294952392578
0.0015864372253417969
