0.002074718475341797
0.002331256866455078
0.0021333694458007812
0.0022461414337158203
0.002844095230102539
0.0017006397247314453
0.0019860267639160156
0.001950979232788086
0.001508951187133789
0.0019736289978027344
0.001644134521484375
0.0018460750579833984
0.003075838088989258
0.002577543258666992
0.002700328826904297
0.0022630691528320312
0.0032958984375
0.001850128173828125
0.0020525455474853516
0.002650022506713867
0.0024864673614501953
0.0017383098602294922
0.0018239021301269531
0.0019652843475341797
0.0016963481903076172
0.0025382041931152344
0.001867055892944336
0.0016813278198242188
0.0017893314361572266
0.0017218589782714844
0.0017299652099609375
0.0017130374908447266
0.0017104148864746094
0.0023834705352783203
0.0017566680908203125
0.0017287731170654297
0.0017991065979003906
0.0022644996643066406
0.0020177364349365234
0.0014491081237792969
0.0016913414001464844
0.0014777183532714844
0.0030341148376464844
0.002431631088256836
0.0022382736206054688
0.002080202102661133
0.0020868778228759766
0.0015561580657958984
0.0026183128356933594
0.0028734207153320312
0.0016968250274658203
0.003312826156616211
0.0016982555389404297
0.002524852752685547
0.0022428035736083984
0.0022842884063720703
0.0014760494232177734
0.002694845199584961
0.003407001495361328
0.0031554698944091797
0.0017032623291015625
0.0015926361083984375
0.0020024776458740234
0.0027098655700683594
0.0032529830932617188
0.002982616424560547
0.0016636848449707031
0.0020580291748046875
0.0019059181213378906
0.0016674995422363281
0.002176523208618164
0.002111673355102539
0.002399444580078125
0.0017485618591308594
0.003054380416870117
0.0016794204711914062
0.0024182796478271484
0.0020067691802978516
0.0017893314361572266
0.0018553733825683594
0.0017592906951904297
0.0017995834350585938
0.0015933513641357422
0.0018155574798583984
0.0015766620635986328
0.0015513896942138672
0.0019843578338623047
0.003442049026489258
0.003359556198120117
0.003421306610107422
0.0026786327362060547
0.0022530555725097656
0.0014934539794921875
0.0022139549255371094
0.0017766952514648438
0.0033681392669677734
0.0026197433471679688
0.0020384788513183594
0.0019388198852539062
0.0015211105346679688
0.0017740726470947266
0.001992464065551758
0.0015647411346435547
0.0021219253540039062
0.0017123222351074219
0.0017652511596679688
0.002774477005004883
0.0026187896728515625
0.00215911865234375
0.002245187759399414
0.0017483234405517578
0.001495361328125
0.001936197280883789
0.0021088123321533203
0.0029261112213134766
0.002267599105834961
0.0018889904022216797
0.0022993087768554688
0.002869844436645508
0.0018525123596191406
0.003122568130493164
0.0020897388458251953
0.003088235855102539
0.0015850067138671875
0.0018947124481201172
0.002583742141723633
0.0028734207153320312
0.0017924308776855469
0.0015511512756347656
0.0019714832305908203
0.0018296241760253906
0.0023260116577148438
0.002256631851196289
0.0016448497772216797
