0.0009367465972900391
0.0006458759307861328
0.0006947517395019531
0.0007576942443847656
0.0010728836059570312
0.0011262893676757812
0.0014908313751220703
0.0014469623565673828
0.0010945796966552734
0.0016527175903320312
0.0010199546813964844
0.0011670589447021484
0.0011258125305175781
0.0008544921875
0.0012021064758300781
0.0008757114410400391
0.0011494159698486328
0.0019779205322265625
0.0014197826385498047
0.0016756057739257812
0.0012440681457519531
0.0019049644470214844
0.0011320114135742188
0.0012388229370117188
0.001405477523803711
0.0013718605041503906
0.0011665821075439453
0.0011107921600341797
0.0011374950408935547
0.0009360313415527344
0.0030596256256103516
0.001150369644165039
0.0011730194091796875
0.0009257793426513672
0.0009732246398925781
0.0009713172912597656
0.0009415149688720703
0.0009741783142089844
0.0014874935150146484
0.0010364055633544922
0.0010266304016113281
0.001032114028930664
0.001238107681274414
0.0013473033905029297
0.0008053779602050781
0.0009560585021972656
0.001977682113647461
0.001954317092895508
0.001401662826538086
0.0014498233795166016
0.0013549327850341797
0.0009386539459228516
0.001971006393432617
0.00156402587890625
0.0015511512756347656
0.0009737014770507812
0.002030611038208008
0.0009706020355224609
0.0030434131622314453
0.0014243125915527344
0.0012011528015136719
0.0019845962524414062
0.001508951187133789
0.0020661354064941406
0.001989603042602539
0.0009479522705078125
0.001041412353515625
0.0011353492736816406
0.0015549659729003906
0.0018682479858398438
0.0020589828491210938
0.0008769035339355469
0.0013623237609863281
0.0008666515350341797
0.0025615692138671875
0.0015151500701904297
0.001500844955444336
0.001241922378540039
0.0009741783142089844
0.0019392967224121094
0.0009882450103759766
0.0013909339904785156
0.0010898113250732422
0.0009839534759521484
0.001129150390625
0.0010960102081298828
0.0010614395141601562
0.0009839534759521484
0.001070261001586914
0.0009405612945556641
0.0008742809295654297
0.0012362003326416016
0.0020852088928222656
0.0019366741180419922
0.002094268798828125
0.0019545555114746094
0.0012083053588867188
0.0007994174957275391
0.00118255615234375
0.0009877681732177734
0.0019426345825195312
0.0015189647674560547
0.0013265609741210938
0.0011861324310302734
0.0009183883666992188
0.0010831356048583984
0.0010976791381835938
0.0009436607360839844
0.0012042522430419922
0.0009710788726806641
0.00104522705078125
0.0016925334930419922
0.0014176368713378906
0.001251220703125
0.00153350830078125
0.0010209083557128906
0.00086212158203125
0.0012161731719970703
0.0013699531555175781
0.0016727447509765625
0.0014319419860839844
0.0012311935424804688
0.0014195442199707031
0.0020356178283691406
0.0010135173797607422
0.0019025802612304688
0.0025572776794433594
0.0015041828155517578
0.0008838176727294922
0.0024111270904541016
0.001598358154296875
0.0019538402557373047
0.0011096000671386719
0.0010039806365966797
0.0011665821075439453
0.0023005008697509766
0.0012617111206054688
0.0014028549194335938
0.0021114349365234375
