0.0017275810241699219
0.0016586780548095703
0.0028815269470214844
0.0020034313201904297
0.001953125
0.0025026798248291016
0.0015685558319091797
0.001851797103881836
0.0018100738525390625
0.0013468265533447266
0.0018448829650878906
0.0015101432800292969
0.0017154216766357422
0.002869129180908203
0.002231597900390625
0.002549886703491211
0.001806020736694336
0.0031006336212158203
0.001699209213256836
0.001901388168334961
0.002446413040161133
0.002202272415161133
0.0015969276428222656
0.001684427261352539
0.0017850399017333984
0.0015635490417480469
0.0022466182708740234
0.00173187255859375
0.0015578269958496094
0.0015714168548583984
0.0015807151794433594
0.0015954971313476562
0.0015823841094970703
0.0015778541564941406
0.0021407604217529297
0.0016169548034667969
0.0015959739685058594
0.002720355987548828
0.0020623207092285156
0.0018837451934814453
0.0019345283508300781
0.0015532970428466797
0.0013461112976074219
0.0028252601623535156
0.0022885799407958984
0.002091646194458008
0.0019423961639404297
0.0015716552734375
0.001420736312866211
0.002388477325439453
0.002502918243408203
0.0015535354614257812
0.0031147003173828125
0.0015597343444824219
0.0023102760314941406
0.002086639404296875
0.0021467208862304688
0.0013430118560791016
0.002487659454345703
0.0031731128692626953
0.003017902374267578
0.0015680789947509766
0.0014672279357910156
0.0018310546875
0.0025222301483154297
0.0030574798583984375
0.002781391143798828
0.0015299320220947266
0.001920938491821289
0.0011301040649414062
0.0039424896240234375
0.0020589828491210938
0.001995086669921875
0.002191781997680664
0.0015959739685058594
0.002838134765625
0.0015475749969482422
0.002221345901489258
0.0018677711486816406
0.0016331672668457031
0.00171661376953125
0.0016446113586425781
0.0016591548919677734
0.0014753341674804688
0.0016760826110839844
0.0014595985412597656
0.0014340877532958984
0.0018417835235595703
0.003141164779663086
0.0030438899993896484
0.003216981887817383
0.002550840377807617
0.0020399093627929688
0.0013604164123535156
0.0019881725311279297
0.0015511512756347656
0.0030679702758789062
0.0023539066314697266
0.0018215179443359375
0.0017614364624023438
0.0013873577117919922
0.0016536712646484375
0.001847982406616211
0.001444101333618164
0.0019502639770507812
0.0015721321105957031
0.0016269683837890625
0.0025780200958251953
0.0024023056030273438
0.0019500255584716797
0.002077817916870117
0.0016086101531982422
0.001959085464477539
0.0017931461334228516
0.0019485950469970703
0.0025186538696289062
0.0021004676818847656
0.0017387866973876953
0.0021545886993408203
0.002671957015991211
0.0016632080078125
0.0029168128967285156
0.001956462860107422
0.002351999282836914
0.0014486312866210938
0.00174713134765625
0.002381563186645508
0.002736806869506836
0.0016624927520751953
0.0014026165008544922
0.0018286705017089844
0.0016782283782958984
0.0021572113037109375
0.0020706653594970703
0.0014963150024414062
