0.001255035400390625
0.001455545425415039
0.0023353099822998047
0.002131938934326172
0.0018601417541503906
0.0016467571258544922
0.0023026466369628906
0.0014443397521972656
0.0016942024230957031
0.0016298294067382812
0.0012054443359375
0.0017170906066894531
0.0013668537139892578
0.0015711784362792969
0.0025756359100341797
0.0020351409912109375
0.0024063587188720703
0.0016562938690185547
0.002895832061767578
0.00154876708984375
0.0017673969268798828
0.0022499561309814453
0.0020079612731933594
0.0014579296112060547
0.0015323162078857422
0.001634359359741211
0.0014328956604003906
0.0009083747863769531
0.0015842914581298828
0.0014190673828125
0.0014317035675048828
0.0014414787292480469
0.0014595985412597656
0.0014500617980957031
0.0014290809631347656
0.001895904541015625
0.0014691352844238281
0.001463174819946289
0.0016400814056396484
0.001833200454711914
0.0017685890197753906
0.0013189315795898438
0.0014128684997558594
0.0012116432189941406
0.0025658607482910156
0.0019876956939697266
0.0019474029541015625
0.0018045902252197266
0.0014379024505615234
0.001264810562133789
0.0021877288818359375
0.002378702163696289
0.0014145374298095703
0.002919912338256836
0.001402139663696289
0.002126455307006836
0.001934051513671875
0.002007007598876953
0.0012104511260986328
0.002254486083984375
0.002969980239868164
0.0028820037841796875
0.001436471939086914
0.0013396739959716797
0.0016438961029052734
0.002286672592163086
0.002856731414794922
0.0024476051330566406
0.0013837814331054688
0.0017707347869873047
0.0009980201721191406
0.0036292076110839844
0.0019452571868896484
0.0018794536590576172
0.0018513202667236328
0.00146484375
0.0025649070739746094
0.0014195442199707031
0.0020248889923095703
0.0015790462493896484
0.0014951229095458984
0.0015804767608642578
0.0015218257904052734
0.0015184879302978516
0.0013420581817626953
0.0015566349029541016
0.0013446807861328125
0.001316070556640625
0.001699686050415039
0.0029070377349853516
0.0028400421142578125
0.0030167102813720703
0.002371549606323242
0.0018460750579833984
0.0012080669403076172
0.0017957687377929688
0.0014195442199707031
0.0028676986694335938
0.002159595489501953
0.0016884803771972656
0.00160980224609375
0.001255035400390625
0.001535654067993164
0.0017044544219970703
0.001308441162109375
0.0017919540405273438
0.0014276504516601562
0.001493692398071289
0.0024225711822509766
0.002070188522338867
0.0018107891082763672
0.0019097328186035156
0.0014710426330566406
0.0013492107391357422
0.00162506103515625
0.001810312271118164
0.0023217201232910156
0.0019304752349853516
0.002349853515625
0.0019927024841308594
0.002469301223754883
0.0015270709991455078
0.002717733383178711
0.0018248558044433594
0.002124786376953125
0.0013256072998046875
0.0015270709991455078
0.0022156238555908203
0.0025959014892578125
0.0015149116516113281
0.0012722015380859375
0.001628875732421875
0.001415252685546875
0.001982450485229492
0.0018281936645507812
0.0013661384582519531
