0.0010848045349121094
0.0009834766387939453
0.0013387203216552734
0.0014934539794921875
0.0018999576568603516
0.0017323493957519531
0.0014390945434570312
0.00209808349609375
0.0013117790222167969
0.001505136489868164
0.0014023780822753906
0.0010066032409667969
0.0014872550964355469
0.0012314319610595703
0.0014162063598632812
0.0024361610412597656
0.0018322467803955078
0.0022597312927246094
0.00152587890625
0.0024623870849609375
0.0014142990112304688
0.0015673637390136719
0.002016305923461914
0.0018067359924316406
0.002195596694946289
0.0013949871063232422
0.0014765262603759766
0.0012974739074707031
0.0020492076873779297
0.0014262199401855469
0.002088785171508789
0.0012900829315185547
0.0013000965118408203
0.0013227462768554688
0.0012974739074707031
0.0012955665588378906
0.0017745494842529297
0.0013375282287597656
0.0013270378112792969
0.0014493465423583984
0.001630544662475586
0.0016508102416992188
0.0011837482452392578
0.001272439956665039
0.0010547637939453125
0.0024433135986328125
0.001798868179321289
0.001802206039428711
0.0016646385192871094
0.0012836456298828125
0.0011298656463623047
0.0019855499267578125
0.0022423267364501953
0.0012731552124023438
0.002683877944946289
0.0012652873992919922
0.001939535140991211
0.0017788410186767578
0.001535177230834961
0.0010564327239990234
0.0020325183868408203
0.002763032913208008
0.0027008056640625
0.0012965202331542969
0.0011799335479736328
0.0014739036560058594
0.0020818710327148438
0.0024652481079101562
0.002324342727661133
0.0012254714965820312
0.0016357898712158203
0.0015330314636230469
0.0032682418823242188
0.0018270015716552734
0.001741647720336914
0.0016529560089111328
0.0013308525085449219
0.002422809600830078
0.0012869834899902344
0.0017943382263183594
0.0023903846740722656
0.0013535022735595703
0.0014302730560302734
0.0013549327850341797
0.0013551712036132812
0.0012247562408447266
0.0014319419860839844
0.0012285709381103516
0.0011942386627197266
0.0015342235565185547
0.002697467803955078
0.0025217533111572266
0.0027861595153808594
0.0022454261779785156
0.0016150474548339844
0.001074075698852539
0.0015959739685058594
0.0012848377227783203
0.0026586055755615234
0.0019233226776123047
0.0015687942504882812
0.0014622211456298828
0.0011186599731445312
0.0014145374298095703
0.0015306472778320312
0.001188039779663086
0.0015006065368652344
0.0012869834899902344
0.0013580322265625
0.0019762516021728516
0.0018961429595947266
0.0016639232635498047
0.0027577877044677734
0.0013306140899658203
0.0011785030364990234
0.0024480819702148438
0.0016679763793945312
0.0021178722381591797
0.002817392349243164
0.0015332698822021484
0.0018465518951416016
0.0010671615600585938
0.0013823509216308594
0.00251007080078125
0.0016684532165527344
0.001922607421875
0.0011975765228271484
0.0013613700866699219
0.002043008804321289
0.0024280548095703125
0.0013837814331054688
0.0021338462829589844
0.0014848709106445312
0.0012428760528564453
0.001697540283203125
0.0016889572143554688
0.0012335777282714844
