0.0027267932891845703
0.0025899410247802734
0.00328826904296875
0.0019795894622802734
0.0021648406982421875
0.0022153854370117188
0.0017862319946289062
0.0022449493408203125
0.0019230842590332031
0.002111673355102539
0.0034704208374023438
0.002985239028930664
0.0030117034912109375
0.002109527587890625
0.0034940242767333984
0.0021190643310546875
0.0023746490478515625
0.0032587051391601562
0.002836465835571289
0.0020177364349365234
0.0020906925201416016
0.0022666454315185547
0.0019745826721191406
0.0028839111328125
0.002134084701538086
0.001951456069946289
0.0020880699157714844
0.002027750015258789
0.0020105838775634766
0.001975536346435547
0.0019664764404296875
0.002764463424682617
0.002046823501586914
0.0020134449005126953
0.0022089481353759766
0.0027332305908203125
0.0022482872009277344
0.0017900466918945312
0.001994609832763672
0.0017392635345458984
0.0034246444702148438
0.002669811248779297
0.002728700637817383
0.0024042129516601562
0.0018360614776611328
0.001825094223022461
0.003145456314086914
0.002748250961303711
0.001996278762817383
0.0039556026458740234
0.0020513534545898438
0.0029175281524658203
0.002591848373413086
0.0026111602783203125
0.0017418861389160156
0.0030944347381591797
0.0038089752197265625
0.0034406185150146484
0.002045154571533203
0.0018453598022460938
0.0023293495178222656
0.0030303001403808594
0.0036640167236328125
0.0034062862396240234
0.001922607421875
0.0023419857025146484
0.0014042854309082031
0.0047795772552490234
0.0024352073669433594
0.002444028854370117
0.0027954578399658203
0.0020194053649902344
0.0034110546112060547
0.001962423324584961
0.002671957015991211
0.002253293991088867
0.002062559127807617
0.0022077560424804688
0.0019998550415039062
0.0020933151245117188
0.0018239021301269531
0.0020546913146972656
0.0018165111541748047
0.0018143653869628906
0.002282857894897461
0.0038535594940185547
0.0037603378295898438
0.0038483142852783203
0.003145456314086914
0.0026471614837646484
0.0017616748809814453
0.0026137828826904297
0.0020599365234375
0.0036847591400146484
0.002910137176513672
0.0024416446685791016
0.0022521018981933594
0.0017995834350585938
0.0020592212677001953
0.00237274169921875
0.0017957687377929688
0.0024068355560302734
0.0020477771759033203
0.002051115036010742
0.003057241439819336
0.002908468246459961
0.0024483203887939453
0.0026192665100097656
0.0020456314086914062
0.0017938613891601562
0.0022144317626953125
0.00238800048828125
0.003232717514038086
0.0026395320892333984
0.0021789073944091797
0.0025773048400878906
0.003263711929321289
0.002156972885131836
0.0035347938537597656
0.0023899078369140625
0.0028672218322753906
0.0018596649169921875
0.00225830078125
0.002927064895629883
0.003142118453979492
0.0020475387573242188
0.001975536346435547
0.002131223678588867
0.002144336700439453
0.0026769638061523438
0.0025811195373535156
0.001949310302734375
