0.0005309581756591797
0.00035309791564941406
0.0004513263702392578
0.00039124488830566406
0.0004191398620605469
0.00042510032653808594
0.0008022785186767578
0.0007028579711914062
0.0010027885437011719
0.0009164810180664062
0.0007212162017822266
0.0011577606201171875
0.0006840229034423828
0.0007631778717041016
0.0007078647613525391
0.002068042755126953
0.0007808208465576172
0.0005643367767333984
0.00083160400390625
0.0012660026550292969
0.00091552734375
0.0011444091796875
0.0009274482727050781
0.0012562274932861328
0.0007891654968261719
0.0008184909820556641
0.00090789794921875
0.0009028911590576172
0.0007181167602539062
0.0006496906280517578
0.0007240772247314453
0.0006010532379150391
0.001378774642944336
0.0008080005645751953
0.0008459091186523438
0.0005829334259033203
0.0006270408630371094
0.0006361007690429688
0.0005970001220703125
0.0006241798400878906
0.0009903907775878906
0.0007028579711914062
0.0006229877471923828
0.002460002899169922
0.0008299350738525391
0.0008504390716552734
0.002064943313598633
0.0006220340728759766
0.0005915164947509766
0.0012521743774414062
0.0008988380432128906
0.0009539127349853516
0.001012563705444336
0.0006089210510253906
0.0006263256072998047
0.00103759765625
0.0008969306945800781
0.0006592273712158203
0.0013666152954101562
0.0006098747253417969
0.0011086463928222656
0.0008940696716308594
0.0008718967437744141
0.0005955696105957031
0.0009746551513671875
0.0013580322265625
0.0013206005096435547
0.0006175041198730469
0.0006287097930908203
0.0007183551788330078
0.0009148120880126953
0.0012233257293701172
0.0013551712036132812
0.0005395412445068359
0.001010894775390625
0.0016579627990722656
0.0022287368774414062
0.0010404586791992188
0.0012226104736328125
0.0007166862487792969
0.0006175041198730469
0.0012781620025634766
0.0006325244903564453
0.0009241104125976562
0.0007042884826660156
0.0005955696105957031
0.0008037090301513672
0.0008039474487304688
0.0006740093231201172
0.0006654262542724609
0.0005869865417480469
0.0006122589111328125
0.0005750656127929688
0.0024499893188476562
0.001371145248413086
0.001230001449584961
0.0014188289642333984
0.0012385845184326172
0.0007436275482177734
0.0018968582153320312
0.0007340908050537109
0.0006530284881591797
0.0012664794921875
0.001041412353515625
0.0010211467742919922
0.0008442401885986328
0.0005960464477539062
0.0006170272827148438
0.0006794929504394531
0.0005917549133300781
0.0008013248443603516
0.0006062984466552734
0.0007050037384033203
0.0013434886932373047
0.0008852481842041016
0.0008063316345214844
0.0009613037109375
0.0006642341613769531
0.0021047592163085938
0.0007688999176025391
0.0008373260498046875
0.0010819435119628906
0.0009860992431640625
0.0007686614990234375
0.00095367431640625
0.0015625953674316406
0.0006589889526367188
0.0012412071228027344
0.000942230224609375
0.0009706020355224609
0.0005548000335693359
0.0007684230804443359
0.0011157989501953125
0.001280069351196289
0.0007081031799316406
0.0006418228149414062
0.0007252693176269531
0.0006799697875976562
0.0008363723754882812
0.0010333061218261719
0.0006463527679443359
