0.00049591064453125
0.0005910396575927734
0.0005309581756591797
0.0005767345428466797
0.0005905628204345703
0.0009520053863525391
0.0009500980377197266
0.0012774467468261719
0.0012278556823730469
0.0009260177612304688
0.0014367103576660156
0.0008769035339355469
0.000993967056274414
0.0009257793426513672
0.000640869140625
0.0010578632354736328
0.0007309913635253906
0.001012563705444336
0.0016853809356689453
0.001176595687866211
0.0014226436614990234
0.0011074542999267578
0.0016169548034667969
0.0009889602661132812
0.0010383129119873047
0.001172780990600586
0.0011632442474365234
0.0009274482727050781
0.0008728504180908203
0.0009458065032958984
0.0007901191711425781
0.001605987548828125
0.0010027885437011719
0.001043081283569336
0.0007622241973876953
0.0008230209350585938
0.0008273124694824219
0.0007789134979248047
0.0008339881896972656
0.0012485980987548828
0.00089263916015625
0.0008189678192138672
0.0008161067962646484
0.001068115234375
0.0011093616485595703
0.0006196498870849609
0.0008099079132080078
0.0007765293121337891
0.0016608238220214844
0.0011599063873291016
0.0012357234954833984
0.0012061595916748047
0.0007936954498291016
0.0008370876312255859
0.0013151168823242188
0.0012598037719726562
0.0008392333984375
0.0017380714416503906
0.0008203983306884766
0.001505136489868164
0.0011513233184814453
0.0010592937469482422
0.0007796287536621094
0.001291513442993164
0.0017285346984863281
0.0016977787017822266
0.0008025169372558594
0.0008192062377929688
0.0009653568267822266
0.0013020038604736328
0.0015816688537597656
0.0018720626831054688
0.0007266998291015625
0.001218557357788086
0.0006628036499023438
0.0042722225189208984
0.0013060569763183594
0.0013773441314697266
0.001026153564453125
0.0008070468902587891
0.0016481876373291016
0.000823974609375
0.0011851787567138672
0.0009298324584960938
0.0008091926574707031
0.0009899139404296875
0.000978231430053711
0.0008709430694580078
0.0008523464202880859
0.0007562637329101562
0.0008015632629394531
0.0007483959197998047
0.0010237693786621094
0.001786947250366211
0.001600027084350586
0.0017952919006347656
0.0016164779663085938
0.0009975433349609375
0.0006186962127685547
0.0009529590606689453
0.0008416175842285156
0.0016481876373291016
0.0013136863708496094
0.0012009143829345703
0.0010242462158203125
0.0007772445678710938
0.0009253025054931641
0.000919342041015625
0.0008177757263183594
0.000997304916381836
0.0008196830749511719
0.0009043216705322266
0.0015442371368408203
0.0011963844299316406
0.0010464191436767578
0.0012412071228027344
0.0008707046508789062
0.0006589889526367188
0.0010385513305664062
0.0011374950408935547
0.0014567375183105469
0.0012247562408447266
0.0010743141174316406
0.0012390613555908203
0.0017940998077392578
0.0008642673492431641
0.0016162395477294922
0.001222848892211914
0.0012845993041992188
0.0007338523864746094
0.0010116100311279297
0.0014133453369140625
0.0016605854034423828
0.0009181499481201172
0.0008409023284912109
0.0010097026824951172
0.0008916854858398438
0.0010790824890136719
0.0012543201446533203
0.0008819103240966797
