0.002544403076171875
0.0022611618041992188
0.0024182796478271484
0.003083944320678711
0.0018305778503417969
0.0023260116577148438
0.0020842552185058594
0.0016477108001708984
0.0021190643310546875
0.0017747879028320312
0.0019800662994384766
0.0032699108123779297
0.0027861595153808594
0.0028679370880126953
0.0019481182098388672
0.0037317276000976562
0.001984834671020508
0.0022382736206054688
0.0030481815338134766
0.0026199817657470703
0.0018796920776367188
0.0019578933715820312
0.0021109580993652344
0.0018429756164550781
0.0027008056640625
0.002001047134399414
0.0018262863159179688
0.0019481182098388672
0.0018813610076904297
0.0018613338470458984
0.0018451213836669922
0.0018389225006103516
0.0025789737701416016
0.001911163330078125
0.001861572265625
0.0020079612731933594
0.002462625503540039
0.0021321773529052734
0.0016548633575439453
0.0018351078033447266
0.0016086101531982422
0.0032303333282470703
0.0025501251220703125
0.0024271011352539062
0.002233266830444336
0.0017042160034179688
0.0016922950744628906
0.0029435157775878906
0.002625703811645508
0.0018343925476074219
0.003683328628540039
0.0019147396087646484
0.00270843505859375
0.002460479736328125
0.0024497509002685547
0.0016100406646728516
0.002894163131713867
0.003610372543334961
0.0033059120178222656
0.0018906593322753906
0.0017189979553222656
0.0021665096282958984
0.002870798110961914
0.0034699440002441406
0.0031807422637939453
0.0017957687377929688
0.0022068023681640625
0.0012748241424560547
0.004544496536254883
0.002294301986694336
0.002228975296020508
0.002598285675048828
0.0018782615661621094
0.0032663345336914062
0.0018126964569091797
0.0025551319122314453
0.0021333694458007812
0.0019249916076660156
0.002065420150756836
0.0018715858459472656
0.0019502639770507812
0.0017080307006835938
0.0019359588623046875
0.0017044544219970703
0.0016679763793945312
0.0021398067474365234
0.0036492347717285156
0.0035631656646728516
0.0036504268646240234
0.0029315948486328125
0.002449512481689453
0.0016329288482666016
0.002407073974609375
0.0019288063049316406
0.0035445690155029297
0.002744436264038086
0.0022449493408203125
0.002092123031616211
0.0016677379608154297
0.0019261837005615234
0.002135038375854492
0.0016791820526123047
0.0022649765014648438
0.0018954277038574219
0.0018990039825439453
0.0029163360595703125
0.002767324447631836
0.002306222915649414
0.0024871826171875
0.0018837451934814453
0.0016415119171142578
0.0020759105682373047
0.0022482872009277344
0.0030961036682128906
0.00244903564453125
0.0020339488983154297
0.0024383068084716797
0.003034353256225586
0.0020093917846679688
0.003374338150024414
0.0022554397583007812
0.0025551319122314453
0.0017421245574951172
0.0020635128021240234
0.002725839614868164
0.0030069351196289062
0.0019183158874511719
0.0016820430755615234
0.0023660659790039062
0.0019741058349609375
0.0025305747985839844
0.002416849136352539
0.0017750263214111328
