0.0009708404541015625
0.0008089542388916016
0.0008716583251953125
0.0012218952178955078
0.0012972354888916016
0.0016944408416748047
0.0016016960144042969
0.0012378692626953125
0.0018913745880126953
0.0011546611785888672
0.0013370513916015625
0.0012676715850830078
0.0019345283508300781
0.0013551712036132812
0.0010077953338623047
0.0012831687927246094
0.0022575855255126953
0.0016262531280517578
0.002099752426147461
0.0013766288757324219
0.002184629440307617
0.001279592514038086
0.001405954360961914
0.0017333030700683594
0.0015740394592285156
0.0013146400451660156
0.0012552738189697266
0.0013163089752197266
0.0011513233184814453
0.0018072128295898438
0.0012907981872558594
0.001294851303100586
0.0011446475982666016
0.0011560916900634766
0.0011606216430664062
0.0011568069458007812
0.0011584758758544922
0.00165557861328125
0.00119781494140625
0.0011684894561767578
0.0012781620025634766
0.0014300346374511719
0.0015306472778320312
0.0010418891906738281
0.001108407974243164
0.0009200572967529297
0.0022270679473876953
0.0016045570373535156
0.0016546249389648438
0.0014977455139160156
0.0010707378387451172
0.0009915828704833984
0.00177764892578125
0.0018820762634277344
0.00110626220703125
0.002318143844604492
0.0011243820190429688
0.0017426013946533203
0.0016171932220458984
0.001375436782836914
0.0009207725524902344
0.0017194747924804688
0.0025446414947509766
0.0023162364959716797
0.0011355876922607422
0.002157926559448242
0.0013053417205810547
0.0018625259399414062
0.0021920204162597656
0.002184152603149414
0.0010111331939697266
0.0014998912811279297
0.001783609390258789
0.0029501914978027344
0.0016865730285644531
0.001623392105102539
0.0014488697052001953
0.0011909008026123047
0.0022754669189453125
0.0011258125305175781
0.0015940666198730469
0.0012965202331542969
0.00119781494140625
0.0012922286987304688
0.0012149810791015625
0.001209259033203125
0.001104116439819336
0.0012025833129882812
0.001107931137084961
0.0010333061218261719
0.0013885498046875
0.0023920536041259766
0.0022215843200683594
0.0024232864379882812
0.002102375030517578
0.0014128684997558594
0.0009434223175048828
0.0013952255249023438
0.0011472702026367188
0.002229928970336914
0.0017232894897460938
0.0014472007751464844
0.001325845718383789
0.0019390583038330078
0.001207113265991211
0.0012683868408203125
0.0010654926300048828
0.0013544559478759766
0.0011425018310546875
0.0011947154998779297
0.0018372535705566406
0.001628875732421875
0.0014264583587646484
0.0017371177673339844
0.0011630058288574219
0.0010137557983398438
0.0013890266418457031
0.00152587890625
0.0019135475158691406
0.0016400814056396484
0.0013837814331054688
0.0016970634460449219
0.002299070358276367
0.0012369155883789062
0.0022640228271484375
0.0015254020690917969
0.0017163753509521484
0.0010085105895996094
0.0011873245239257812
0.0017719268798828125
0.0022783279418945312
0.0012485980987548828
0.0011386871337890625
0.001337289810180664
0.0010418891906738281
0.0015189647674560547
0.0015459060668945312
0.0010933876037597656
