0.007060050964355469
0.010039091110229492
0.008976221084594727
0.00914454460144043
0.007633686065673828
0.007181882858276367
0.004380226135253906
0.007568836212158203
0.005999326705932617
0.006668567657470703
0.0069255828857421875
0.007568359375
0.007843971252441406
0.004885196685791016
0.006701946258544922
0.0067920684814453125
0.008183956146240234
0.0076558589935302734
0.00719904899597168
0.00595402717590332
0.006738424301147461
0.00801229476928711
0.0072383880615234375
0.010970115661621094
0.009242057800292969
0.0064809322357177734
0.0048024654388427734
0.005114316940307617
0.008245229721069336
0.00828242301940918
0.004805803298950195
0.004436969757080078
0.010029792785644531
0.007157802581787109
0.004929304122924805
0.00943756103515625
0.042290687561035156
0.006700038909912109
0.0063152313232421875
0.005248546600341797
0.047118186950683594
0.008412361145019531
0.041950225830078125
0.03818202018737793
0.005264997482299805
0.004970550537109375
0.044193267822265625
0.004723548889160156
0.006791114807128906
0.0028748512268066406
0.04113292694091797
0.004132747650146484
0.04210257530212402
0.011611700057983398
0.0039403438568115234
0.0051424503326416016
0.005954742431640625
0.04390358924865723
0.005731821060180664
0.005560874938964844
0.00836801528930664
0.0034856796264648438
0.04105639457702637
0.0041675567626953125
0.009994268417358398
0.041886329650878906
0.00538325309753418
0.005540132522583008
0.041945457458496094
0.039305925369262695
0.04125070571899414
0.04204869270324707
0.04108595848083496
0.005366802215576172
0.00400543212890625
0.04676222801208496
0.08832406997680664
0.04349970817565918
0.05169367790222168
0.006963014602661133
0.008797407150268555
0.04479622840881348
0.058393239974975586
0.04711461067199707
0.050119638442993164
0.05353045463562012
0.04641366004943848
0.008687257766723633
0.042284488677978516
0.008911848068237305
0.04108858108520508
0.05616188049316406
0.042913198471069336
0.04755520820617676
0.0048482418060302734
0.006951332092285156
0.04265618324279785
0.007067203521728516
0.09355354309082031
0.006083011627197266
0.04397296905517578
0.09851408004760742
0.008580446243286133
0.047636985778808594
0.048810720443725586
0.04356718063354492
0.04655289649963379
0.04508829116821289
0.04656028747558594
0.04513120651245117
0.04380440711975098
0.04291987419128418
0.04291272163391113
0.04041600227355957
0.03937530517578125
0.05059504508972168
0.002902507781982422
0.044219255447387695
0.044446706771850586
0.04412674903869629
0.04127812385559082
0.008129358291625977
0.0443577766418457
0.04699087142944336
0.048822641372680664
0.007816076278686523
0.046903371810913086
0.04593014717102051
0.006714582443237305
0.004479169845581055
0.008920431137084961
0.04591727256774902
0.041695594787597656
0.015396356582641602
0.08719849586486816
0.008760690689086914
0.09969806671142578
0.007990837097167969
0.048519134521484375
0.04254794120788574
0.04580402374267578
0.006958723068237305
0.04401350021362305
0.041628360748291016
0.006600379943847656
0.04224991798400879
0.041449785232543945
0.011593818664550781
0.10042738914489746
0.006433725357055664
0.0064814090728759766
0.04826998710632324
0.008284568786621094
0.007954597473144531
0.04331517219543457
0.0040035247802734375
0.042432546615600586
0.011675596237182617
0.047135114669799805
0.008793115615844727
0.01145172119140625
0.043439388275146484
0.04248785972595215
0.010636329650878906
0.007417917251586914
0.005177736282348633
0.04703545570373535
0.04122734069824219
0.008565664291381836
0.04415297508239746
0.040059804916381836
0.011144161224365234
0.04312252998352051
0.010095357894897461
0.046537160873413086
0.04214787483215332
0.045304059982299805
0.006361961364746094
0.009949445724487305
0.04223799705505371
0.047086477279663086
0.008617401123046875
0.04566788673400879
0.042226314544677734
0.008808374404907227
0.005913972854614258
0.0074312686920166016
0.006945610046386719
0.009871959686279297
0.008864641189575195
0.00932455062866211
0.051784515380859375
0.048734426498413086
0.04598426818847656
0.008634328842163086
0.041631460189819336
0.04169750213623047
0.04252457618713379
0.04532814025878906
0.006330013275146484
0.009023427963256836
0.04305315017700195
0.01230311393737793
0.0049669742584228516
0.044754981994628906
0.046853065490722656
0.05125308036804199
0.04990339279174805
0.04831576347351074
0.04433298110961914
0.047797441482543945
0.04574441909790039
0.049127817153930664
0.04769253730773926
0.04048895835876465
0.04563784599304199
0.08700156211853027
0.05740833282470703
0.04260134696960449
0.05621600151062012
0.010082244873046875
0.042714595794677734
0.010417938232421875
0.011206626892089844
0.0063838958740234375
0.006734132766723633
0.04360604286193848
0.04009890556335449
0.041330814361572266
0.008825302124023438
0.008153438568115234
0.04383420944213867
0.041841745376586914
0.011981964111328125
0.04120683670043945
0.05981254577636719
0.04535555839538574
0.009966135025024414
0.048833370208740234
0.043105125427246094
0.040972232818603516
0.004020214080810547
0.00943446159362793
0.0457000732421875
0.010552167892456055
0.008389711380004883
0.010036468505859375
0.0037674903869628906
0.008455991744995117
0.04135441780090332
0.04463028907775879
0.006800413131713867
0.04181385040283203
0.010471105575561523
0.041029930114746094
0.0075435638427734375
0.0475916862487793
0.04173922538757324
0.04125571250915527
0.005930900573730469
0.007408618927001953
0.044356584548950195
0.038283348083496094
0.007289886474609375
0.0056056976318359375
0.004294157028198242
0.04363846778869629
0.04205203056335449
0.005367279052734375
0.009753942489624023
0.038805246353149414
0.039670705795288086
0.04970073699951172
0.0076906681060791016
0.04124569892883301
0.04358959197998047
0.04346799850463867
0.038230180740356445
0.04367423057556152
0.04603290557861328
0.00853109359741211
0.007253170013427734
0.04411196708679199
0.007786989212036133
0.041563987731933594
0.010085105895996094
0.05169081687927246
0.04412245750427246
0.006365537643432617
0.04520058631896973
0.0462188720703125
0.09630465507507324
0.04273867607116699
0.04741096496582031
0.04862642288208008
0.0489962100982666
0.048864126205444336
0.04774355888366699
0.04411959648132324
0.04567289352416992
0.044962406158447266
0.007100105285644531
0.04856061935424805
0.04681873321533203
0.007961750030517578
0.04040169715881348
0.040602684020996094
0.041329383850097656
0.04166698455810547
0.03968000411987305
0.0505063533782959
0.04011893272399902
0.04234933853149414
0.04872703552246094
0.043990135192871094
0.01131892204284668
0.04054832458496094
0.10194849967956543
0.08660888671875
0.0446925163269043
0.04557919502258301
0.04488396644592285
0.040523529052734375
0.0416867733001709
0.0395207405090332
0.04671168327331543
0.048598527908325195
0.04920458793640137
0.013640403747558594
0.006302595138549805
0.0428464412689209
0.008304834365844727
0.010976791381835938
0.04402351379394531
0.040419816970825195
0.041632890701293945
0.012903213500976562
0.04086017608642578
0.046068429946899414
0.005165576934814453
0.04251813888549805
0.04271245002746582
0.004915952682495117
0.00972127914428711
0.008343219757080078
0.009343862533569336
0.01211404800415039
0.05553483963012695
0.011038780212402344
0.04302024841308594
0.04726290702819824
0.05124855041503906
0.043700456619262695
0.04841303825378418
0.04678678512573242
0.010500192642211914
0.048139095306396484
0.007890939712524414
0.009596824645996094
0.006357908248901367
0.04756927490234375
0.008253335952758789
0.006520748138427734
0.0425412654876709
0.04845547676086426
0.048137664794921875
0.04574704170227051
0.00966787338256836
0.011013031005859375
0.04586172103881836
0.007376194000244141
0.04221963882446289
0.008027076721191406
0.0074503421783447266
0.045958757400512695
0.050573110580444336
0.05199408531188965
0.04616904258728027
0.04778432846069336
0.042298316955566406
0.012103557586669922
0.1469898223876953
0.04282116889953613
0.0465390682220459
0.04332566261291504
0.043811798095703125
0.046640872955322266
0.03982949256896973
0.04131436347961426
0.05044388771057129
0.04627513885498047
0.0073049068450927734
0.044830322265625
0.005887508392333984
0.007931947708129883
0.010711669921875
0.04355049133300781
0.04633903503417969
0.04281806945800781
0.045452117919921875
0.008314132690429688
0.041422367095947266
0.04078316688537598
0.04331827163696289
0.0051038265228271484
0.043415069580078125
0.005656242370605469
0.004738807678222656
0.007618427276611328
0.04372596740722656
0.0072362422943115234
0.005998134613037109
0.005260467529296875
0.04270648956298828
0.04790663719177246
0.0058286190032958984
0.009461402893066406
0.004375934600830078
0.004814863204956055
0.007086992263793945
0.007668733596801758
0.04460310935974121
0.04130196571350098
0.03786420822143555
0.009271860122680664
0.03805685043334961
0.004884004592895508
0.005056858062744141
0.004111289978027344
0.0044231414794921875
0.0437166690826416
0.03871750831604004
0.0049707889556884766
0.0395960807800293
0.04226803779602051
0.04588651657104492
0.003999233245849609
0.00855398178100586
0.0046961307525634766
0.008512258529663086
0.0414729118347168
0.04119682312011719
0.04007601737976074
0.03981757164001465
0.004466533660888672
0.002217531204223633
0.006119251251220703
0.04389786720275879
0.03937101364135742
0.04194140434265137
0.0029191970825195312
0.006099700927734375
0.003988981246948242
0.005467414855957031
0.006681680679321289
0.003947257995605469
0.00621795654296875
0.00579071044921875
0.003859281539916992
0.040288686752319336
0.006505489349365234
0.04436016082763672
0.0057528018951416016
0.003914594650268555
0.039646148681640625
0.0069277286529541016
0.005350589752197266
0.006174325942993164
0.005961894989013672
0.008133411407470703
0.007673025131225586
0.0054874420166015625
0.004209280014038086
0.011797666549682617
0.00645136833190918
0.008275508880615234
0.039420366287231445
0.04012632369995117
0.039215087890625
0.00484466552734375
0.004827022552490234
0.0059130191802978516
0.003587484359741211
0.04219770431518555
0.0469515323638916
0.05030465126037598
0.0474395751953125
0.04877901077270508
0.03974413871765137
0.045113325119018555
0.0061566829681396484
0.006668567657470703
0.0431520938873291
0.007441282272338867
0.006112813949584961
0.04320883750915527
0.05074143409729004
0.006636381149291992
0.05734539031982422
0.04134726524353027
0.041992902755737305
0.044597625732421875
0.049093008041381836
0.009259223937988281
0.044774532318115234
0.04150080680847168
0.009392023086547852
0.039418935775756836
0.046219587326049805
0.04618716239929199
0.04496335983276367
0.012827634811401367
0.041578054428100586
0.04265260696411133
0.043836116790771484
0.005378007888793945
0.04839372634887695
0.045563459396362305
0.011595010757446289
0.04527401924133301
0.004975795745849609
0.008192062377929688
0.044293880462646484
0.009754180908203125
0.011767148971557617
0.04801630973815918
0.011800527572631836
0.04433321952819824
0.08797717094421387
0.0946798324584961
0.04114675521850586
0.010520458221435547
0.04479718208312988
0.041451454162597656
0.010354042053222656
0.046783447265625
0.04858970642089844
0.050537109375
0.04852795600891113
0.00929880142211914
0.04358243942260742
0.005190610885620117
0.00933384895324707
0.0075092315673828125
0.04634237289428711
0.04365205764770508
0.011288881301879883
0.012819528579711914
0.010033130645751953
0.014618396759033203
0.01242685317993164
0.014026641845703125
0.014212369918823242
0.009877204895019531
0.016492128372192383
0.012923240661621094
0.010177373886108398
0.011327981948852539
0.009172677993774414
0.009712934494018555
0.05035972595214844
0.04364943504333496
0.051438093185424805
0.0050127506256103516
0.04729104042053223
0.04911947250366211
0.047881364822387695
0.05161690711975098
0.05123186111450195
0.08972811698913574
0.035378217697143555
0.011029243469238281
0.014961481094360352
0.011704683303833008
0.026144742965698242
0.01103520393371582
0.010078668594360352
0.03422045707702637
0.012322187423706055
0.014923095703125
0.022032499313354492
0.005420207977294922
0.012847661972045898
0.02050638198852539
0.005579233169555664
0.01749706268310547
0.012052297592163086
0.011525869369506836
0.009411334991455078
0.007112979888916016
0.009823799133300781
0.010982513427734375
0.005350828170776367
0.012826919555664062
0.011219024658203125
0.03029465675354004
0.02429342269897461
0.03009343147277832
0.02829742431640625
0.01625680923461914
0.011056900024414062
0.027750730514526367
0.005826473236083984
0.032814979553222656
0.025910377502441406
0.008434772491455078
0.007077455520629883
0.04773068428039551
0.04397320747375488
0.04935002326965332
0.0888969898223877
0.010866165161132812
0.008800983428955078
0.051889657974243164
0.04321885108947754
0.009958744049072266
0.05268573760986328
0.03944253921508789
0.04474282264709473
0.051802635192871094
0.009582281112670898
0.14863896369934082
0.04519009590148926
0.008993148803710938
0.13470196723937988
0.005750894546508789
0.04944586753845215
0.050061702728271484
0.007569551467895508
0.04362773895263672
0.050302743911743164
0.055518150329589844
0.05577540397644043
0.08874630928039551
0.05152130126953125
0.056336402893066406
0.05724692344665527
0.050348520278930664
0.010687589645385742
0.05013918876647949
0.0422673225402832
0.048252105712890625
0.008760213851928711
0.08930683135986328
0.04468584060668945
0.04817390441894531
0.008052587509155273
0.04463458061218262
0.04551362991333008
0.008458137512207031
0.2520902156829834
0.0532381534576416
0.04809236526489258
0.049231529235839844
0.011762380599975586
0.04507160186767578
0.04653143882751465
0.054021596908569336
0.01111745834350586
0.007684946060180664
0.03943371772766113
0.10077285766601562
0.05070185661315918
0.04014849662780762
0.013916015625
0.043527841567993164
0.04901480674743652
0.05166029930114746
0.03962087631225586
0.044448137283325195
0.04377031326293945
0.05061697959899902
0.04492068290710449
0.0456087589263916
0.04921150207519531
0.04677104949951172
0.04884529113769531
0.04175162315368652
0.04866456985473633
0.04418778419494629
0.09017419815063477
0.0438380241394043
0.0065631866455078125
0.04240274429321289
0.04308271408081055
0.04846382141113281
0.011800527572631836
0.0465245246887207
0.04903984069824219
0.04744076728820801
0.04562854766845703
0.04825186729431152
0.04538917541503906
0.04893970489501953
0.08932709693908691
0.054978370666503906
0.04633831977844238
0.01204061508178711
0.009811162948608398
0.04987359046936035
0.04241633415222168
0.010559797286987305
0.04627823829650879
0.005085945129394531
0.010442018508911133
0.04227018356323242
0.0075757503509521484
0.007960796356201172
0.04270505905151367
0.05055522918701172
0.00927591323852539
0.006560564041137695
0.0458064079284668
0.004923820495605469
0.04081535339355469
0.04414844512939453
0.04804587364196777
0.004422187805175781
0.004329204559326172
0.006549835205078125
0.005568981170654297
0.04756045341491699
0.044625043869018555
0.009551763534545898
0.008016586303710938
0.009647846221923828
0.0441434383392334
0.03845715522766113
0.004643440246582031
0.005318164825439453
0.00861215591430664
0.0422968864440918
0.04555964469909668
0.045339345932006836
0.04512977600097656
0.04679083824157715
0.04368853569030762
0.046180009841918945
0.04409313201904297
0.04480409622192383
0.03941082954406738
0.04030132293701172
0.0072934627532958984
0.0032808780670166016
0.00618290901184082
0.04876232147216797
0.008813619613647461
0.045302391052246094
0.00626683235168457
0.007233381271362305
0.009670257568359375
0.04789924621582031
0.04696798324584961
0.041588783264160156
0.04270029067993164
0.0421445369720459
0.04335951805114746
0.04059886932373047
0.04206204414367676
0.08577394485473633
0.008500099182128906
0.006549358367919922
0.046730995178222656
0.00982213020324707
0.008289098739624023
0.04188942909240723
0.009015560150146484
0.005545616149902344
0.010718584060668945
0.009651660919189453
0.008283615112304688
0.04384207725524902
0.006690502166748047
0.01109170913696289
0.04521632194519043
0.04632163047790527
0.012025833129882812
0.0058634281158447266
0.0461573600769043
0.013591527938842773
0.042294979095458984
0.007251739501953125
0.04275226593017578
0.005101919174194336
0.044629573822021484
0.04121971130371094
0.04266476631164551
0.04917573928833008
0.04101991653442383
0.04137992858886719
0.043187618255615234
0.03942584991455078
0.042559146881103516
0.043044090270996094
0.043540000915527344
0.04598426818847656
0.04507136344909668
0.04177141189575195
0.006166696548461914
0.008634090423583984
0.008430242538452148
0.01047515869140625
0.03948211669921875
0.009871959686279297
0.007276296615600586
0.013314485549926758
0.005539655685424805
0.010573625564575195
0.010063409805297852
0.01407170295715332
0.005535125732421875
0.004300832748413086
0.004065513610839844
0.007708072662353516
0.005968332290649414
0.0065724849700927734
0.006377220153808594
0.013031244277954102
0.007025957107543945
0.007035970687866211
0.00691533088684082
0.004349470138549805
0.009449481964111328
0.004930019378662109
0.005593061447143555
0.008217811584472656
0.005309104919433594
0.010036706924438477
0.006136655807495117
0.009011030197143555
0.007427215576171875
0.004739046096801758
0.010838508605957031
0.0055980682373046875
0.004590034484863281
0.007828950881958008
0.010200977325439453
0.004484653472900391
0.0061719417572021484
0.00739598274230957
0.00672149658203125
0.013247966766357422
0.00519108772277832
0.004942178726196289
0.0056879520416259766
0.004088401794433594
0.0031557083129882812
0.00418543815612793
0.00565338134765625
0.007172822952270508
0.010650634765625
0.003477334976196289
0.006071329116821289
0.010872602462768555
0.013068199157714844
0.0077517032623291016
0.007671356201171875
0.006519794464111328
0.006802558898925781
0.011452436447143555
0.006428718566894531
0.0037603378295898438
0.006987333297729492
0.008485555648803711
0.00567317008972168
0.007752895355224609
0.008280277252197266
0.011195659637451172
0.005134105682373047
0.010048151016235352
0.0068950653076171875
0.0071489810943603516
0.0029113292694091797
0.003173828125
0.0051097869873046875
0.006815195083618164
0.004382133483886719
0.00599980354309082
0.0045239925384521484
0.006479024887084961
0.0062525272369384766
0.005853414535522461
0.005769252777099609
0.008913278579711914
0.005393505096435547
0.009932518005371094
0.006040811538696289
0.004330158233642578
0.0052890777587890625
0.014861583709716797
0.004581451416015625
0.010158061981201172
0.006657838821411133
0.005545377731323242
0.00477290153503418
0.005574703216552734
0.0059070587158203125
0.004841804504394531
0.004941701889038086
0.008419275283813477
0.006365060806274414
0.005957603454589844
0.0072019100189208984
0.003705739974975586
0.005199909210205078
0.003753662109375
0.009969949722290039
0.005704164505004883
0.005401134490966797
0.005662441253662109
0.0027718544006347656
0.003822803497314453
0.0036787986755371094
0.004662036895751953
0.004754543304443359
0.006447315216064453
0.0050907135009765625
0.005761146545410156
0.009856462478637695
0.004831552505493164
0.00475764274597168
0.007499217987060547
0.004391193389892578
0.005420684814453125
0.004799604415893555
0.004622936248779297
0.029913902282714844
0.00884389877319336
0.008116722106933594
0.007651090621948242
0.007527828216552734
0.006968259811401367
0.009382247924804688
0.006455183029174805
0.006716489791870117
0.007704973220825195
0.005477190017700195
0.004845380783081055
0.00465846061706543
0.011658906936645508
0.008352041244506836
0.010974645614624023
0.007578849792480469
0.00988149642944336
0.0169525146484375
0.010041236877441406
0.009700298309326172
0.005290985107421875
0.0067365169525146484
0.008100032806396484
0.007104635238647461
