0.0069255828857421875
0.005724191665649414
0.005728244781494141
0.006130218505859375
0.0057525634765625
0.005807399749755859
0.006613969802856445
0.0065975189208984375
0.00642085075378418
0.007452726364135742
0.009151935577392578
0.008873224258422852
0.006733417510986328
0.006602048873901367
0.0069599151611328125
0.007384061813354492
0.007703065872192383
0.007487773895263672
0.005883455276489258
0.005614042282104492
0.006746530532836914
0.005986213684082031
0.006157398223876953
0.00863337516784668
0.01702713966369629
0.018407583236694336
0.0181732177734375
0.01834249496459961
0.005316495895385742
0.005559682846069336
0.013421058654785156
0.015257120132446289
0.015207529067993164
0.015136957168579102
0.01470184326171875
0.015261411666870117
0.014950752258300781
0.014772176742553711
0.0057375431060791016
0.005557537078857422
0.005566596984863281
0.006315946578979492
0.006182193756103516
0.0060651302337646484
0.009578227996826172
0.010454177856445312
0.00992131233215332
0.010179758071899414
0.006231546401977539
0.006075143814086914
0.006900310516357422
0.007155418395996094
0.00706934928894043
0.006870269775390625
0.04128742218017578
0.04093432426452637
0.04076266288757324
0.04061079025268555
0.011785030364990234
0.0071980953216552734
0.01630425453186035
0.016505718231201172
0.016444683074951172
0.0165102481842041
0.016520023345947266
0.012542009353637695
0.015451669692993164
0.015396356582641602
0.0059740543365478516
0.01057577133178711
0.008886098861694336
0.009148120880126953
0.00775146484375
0.007732391357421875
0.013201713562011719
0.013811349868774414
0.008788824081420898
0.008678674697875977
0.005379199981689453
0.004992246627807617
0.007831335067749023
0.007856369018554688
0.0067539215087890625
0.006563901901245117
0.013664722442626953
0.008047103881835938
0.010726451873779297
0.010824441909790039
0.006064653396606445
0.006247520446777344
0.024134397506713867
0.024433612823486328
0.021476030349731445
0.021390199661254883
0.013993501663208008
0.009870052337646484
0.008504152297973633
0.008277416229248047
0.03981375694274902
0.03992152214050293
0.005945682525634766
0.005901336669921875
0.011353254318237305
0.011414051055908203
0.008604288101196289
0.011948823928833008
0.008080005645751953
0.007876157760620117
0.0057947635650634766
0.0057659149169921875
0.006310939788818359
0.00621342658996582
0.007428884506225586
0.0070879459381103516
0.00832819938659668
0.010439872741699219
0.007132053375244141
0.016770124435424805
0.00956583023071289
0.009715080261230469
0.006226062774658203
0.0061473846435546875
0.00646662712097168
0.0062329769134521484
0.032518625259399414
0.030838489532470703
0.033045291900634766
0.03249812126159668
0.008408546447753906
0.008010149002075195
0.006284475326538086
0.006251096725463867
0.007075309753417969
0.006872415542602539
0.008106708526611328
0.0056149959564208984
