0.006407260894775391
0.0058612823486328125
0.006325960159301758
0.006203651428222656
0.006607532501220703
0.007630109786987305
0.006924867630004883
0.006829738616943359
0.006445169448852539
0.007465839385986328
0.008409500122070312
0.008137941360473633
0.006598472595214844
0.006518363952636719
0.006615638732910156
0.007699251174926758
0.008020877838134766
0.007806539535522461
0.006025552749633789
0.005709409713745117
0.007102251052856445
0.006325960159301758
0.00649261474609375
0.006931304931640625
0.018143177032470703
0.019654512405395508
0.019407987594604492
0.019573211669921875
0.0058879852294921875
0.0060656070709228516
0.014291524887084961
0.015467405319213867
0.015471696853637695
0.015471696853637695
0.015709400177001953
0.015594482421875
0.015273094177246094
0.0150909423828125
0.006619453430175781
0.0064313411712646484
0.005566596984863281
0.0063092708587646484
0.006174802780151367
0.006058692932128906
0.008827924728393555
0.010043859481811523
0.0095062255859375
0.009770870208740234
0.006008625030517578
0.0058591365814208984
0.007132291793823242
0.0075435638427734375
0.007479667663574219
0.007287025451660156
0.040720224380493164
0.040006160736083984
0.040059804916381836
0.03994607925415039
0.011072158813476562
0.007442951202392578
0.0181887149810791
0.01822066307067871
0.01811504364013672
0.01815319061279297
0.016919851303100586
0.012942075729370117
0.014956474304199219
0.014965295791625977
0.005655527114868164
0.0059814453125
0.009450674057006836
0.009718894958496094
0.008202552795410156
0.008161544799804688
0.013478755950927734
0.014130115509033203
0.009070158004760742
0.008829593658447266
0.005581378936767578
0.005235433578491211
0.007420778274536133
0.008524894714355469
0.006677150726318359
0.006476640701293945
0.014145612716674805
0.008123397827148438
0.01066279411315918
0.010759830474853516
0.006140947341918945
0.005964517593383789
0.0241086483001709
0.024402141571044922
0.02093052864074707
0.020901203155517578
0.013389348983764648
0.010048866271972656
0.008542776107788086
0.008283853530883789
0.03983640670776367
0.0399470329284668
0.005728483200073242
0.005740165710449219
0.012164831161499023
0.012160301208496094
0.008383750915527344
0.01181483268737793
0.0077838897705078125
0.0076296329498291016
0.0060236454010009766
0.005989789962768555
0.006699323654174805
0.0066072940826416016
0.007616758346557617
0.007199287414550781
0.008153200149536133
0.010663509368896484
0.007284641265869141
0.017078876495361328
0.00898599624633789
0.009141683578491211
0.005968809127807617
0.005950212478637695
0.005782365798950195
0.006549835205078125
0.03313803672790527
0.030663490295410156
0.03339099884033203
0.03283500671386719
0.008238792419433594
0.007847785949707031
0.007196187973022461
0.007071495056152344
0.0068776607513427734
0.006798744201660156
0.007809162139892578
0.005530595779418945
