0.007578372955322266
0.00551295280456543
0.005990505218505859
0.0060329437255859375
0.0060346126556396484
0.006861686706542969
0.006094694137573242
0.005998373031616211
0.005861520767211914
0.0072498321533203125
0.00821375846862793
0.007942914962768555
0.006274700164794922
0.006430625915527344
0.00632166862487793
0.007602214813232422
0.008438825607299805
0.008230924606323242
0.006366729736328125
0.006031036376953125
0.0076901912689208984
0.0069026947021484375
0.007078409194946289
0.009001731872558594
0.01792621612548828
0.01986980438232422
0.019622087478637695
0.019785165786743164
0.005748748779296875
0.006056308746337891
0.01410055160522461
0.014364957809448242
0.01446390151977539
0.014428138732910156
0.015353679656982422
0.01577019691467285
0.01546025276184082
0.015317916870117188
0.006735563278198242
0.006619691848754883
0.005771160125732422
0.006170034408569336
0.006036520004272461
0.005920886993408203
0.00842905044555664
0.00954580307006836
0.008963584899902344
0.009230613708496094
0.005281925201416016
0.005158662796020508
0.0068454742431640625
0.007107973098754883
0.00702667236328125
0.006831645965576172
0.04012656211853027
0.03969931602478027
0.039530277252197266
0.03937053680419922
0.010490894317626953
0.006613731384277344
0.017314434051513672
0.017379045486450195
0.01744389533996582
0.017513513565063477
0.016600608825683594
0.013248443603515625
0.015674114227294922
0.015612602233886719
0.005964756011962891
0.01080012321472168
0.009650707244873047
0.009911537170410156
0.0077972412109375
0.007744550704956055
0.012814760208129883
0.013023853302001953
0.008042573928833008
0.008571386337280273
0.005619049072265625
0.004946708679199219
0.007902145385742188
0.008304357528686523
0.006829738616943359
0.00694727897644043
0.014621973037719727
0.007769107818603516
0.009636640548706055
0.009812355041503906
0.006818056106567383
0.006638526916503906
0.023708343505859375
0.024016141891479492
0.02131938934326172
0.02123260498046875
0.012735366821289062
0.010017633438110352
0.009154558181762695
0.008858919143676758
0.040526390075683594
0.040635108947753906
0.005728483200073242
0.00574040412902832
0.011983633041381836
0.011981487274169922
0.0081329345703125
0.01145029067993164
0.008311748504638672
0.008116006851196289
0.006500720977783203
0.00646662712097168
0.006754159927368164
0.00665736198425293
0.007893562316894531
0.007173776626586914
0.008096456527709961
0.010382890701293945
0.007420063018798828
0.017632722854614258
0.009561777114868164
0.009716987609863281
0.006799221038818359
0.006833553314208984
0.0070340633392333984
0.00674128532409668
0.033503055572509766
0.03106069564819336
0.03344464302062988
0.03289341926574707
0.008565425872802734
0.008231878280639648
0.007616758346557617
0.007535696029663086
0.0077631473541259766
0.007116556167602539
0.00904989242553711
0.006230831146240234
