0.007410526275634766
0.005652666091918945
0.006068706512451172
0.00588536262512207
0.006073474884033203
0.0060503482818603516
0.0063931941986083984
0.0063076019287109375
0.005988121032714844
0.006888151168823242
0.007944822311401367
0.007745504379272461
0.006596088409423828
0.00642848014831543
0.0070514678955078125
0.006918907165527344
0.007294893264770508
0.007094621658325195
0.005885124206542969
0.00555729866027832
0.007173299789428711
0.0065631866455078125
0.006764888763427734
0.008934497833251953
0.01917719841003418
0.019133806228637695
0.018877506256103516
0.01904296875
0.00548243522644043
0.005746364593505859
0.013727903366088867
0.014809608459472656
0.014792203903198242
0.014815330505371094
0.014744043350219727
0.015159845352172852
0.0148468017578125
0.014667987823486328
0.00571751594543457
0.005583047866821289
0.00603485107421875
0.005875825881958008
0.005743741989135742
0.0056345462799072266
0.008439064025878906
0.009641170501708984
0.009048938751220703
0.009357213973999023
0.0057392120361328125
0.005588054656982422
0.005407571792602539
0.005702972412109375
0.00562286376953125
0.005425691604614258
0.03964734077453613
0.0390169620513916
0.03893113136291504
0.038784027099609375
0.009909391403198242
0.0064563751220703125
0.016938209533691406
0.017004728317260742
0.016923189163208008
0.0169830322265625
0.015794992446899414
0.01219797134399414
0.015243291854858398
0.015185356140136719
0.005514383316040039
0.00994420051574707
0.008707284927368164
0.010067939758300781
0.00864100456237793
0.008549690246582031
0.013922691345214844
0.014362096786499023
0.00940561294555664
0.009172677993774414
0.0060575008392333984
0.005560159683227539
0.008089303970336914
0.008044004440307617
0.006148576736450195
0.005980730056762695
0.013413667678833008
0.007878541946411133
0.010536909103393555
0.010639190673828125
0.00556182861328125
0.005445003509521484
0.024442195892333984
0.024715185165405273
0.02093052864074707
0.02090144157409668
0.013561725616455078
0.009481430053710938
0.008766412734985352
0.008474588394165039
0.0394902229309082
0.03970170021057129
0.0062525272369384766
0.006365060806274414
0.012298822402954102
0.012336969375610352
0.00812077522277832
0.011857986450195312
0.008284330368041992
0.008083343505859375
0.005831241607666016
0.005803346633911133
0.006949186325073242
0.006977558135986328
0.008081912994384766
0.00726008415222168
0.008723735809326172
0.010849952697753906
0.0073354244232177734
0.017179012298583984
0.009243488311767578
0.009392261505126953
0.006610870361328125
0.006528377532958984
0.006713151931762695
0.006422996520996094
0.03229165077209473
0.031273841857910156
0.03304100036621094
0.0325469970703125
0.008416891098022461
0.008018255233764648
0.006814241409301758
0.007024288177490234
0.00683283805847168
0.006879329681396484
0.008085250854492188
0.005633115768432617
