0.007148265838623047
0.005882978439331055
0.006288290023803711
0.006052732467651367
0.006798505783081055
0.006788969039916992
0.0060083866119384766
0.005910158157348633
0.006128787994384766
0.00706171989440918
0.008212089538574219
0.007938385009765625
0.006448984146118164
0.0063326358795166016
0.006523847579956055
0.006476640701293945
0.00688624382019043
0.006681919097900391
0.006025791168212891
0.005689382553100586
0.0069599151611328125
0.006173610687255859
0.006337404251098633
0.008810043334960938
0.017332792282104492
0.017272472381591797
0.01709580421447754
0.017268657684326172
0.0053064823150634766
0.0056304931640625
0.013488054275512695
0.01450037956237793
0.014515161514282227
0.014480113983154297
0.014089107513427734
0.014105558395385742
0.013796567916870117
0.014774084091186523
0.006391048431396484
0.006213188171386719
0.005909919738769531
0.005626201629638672
0.0055043697357177734
0.00547027587890625
0.009166717529296875
0.009474754333496094
0.008876323699951172
0.009137630462646484
0.005496025085449219
0.005341291427612305
0.005385160446166992
0.005702495574951172
0.005623817443847656
0.005427837371826172
0.04032421112060547
0.0393984317779541
0.03927898406982422
0.03912544250488281
0.010246992111206055
0.00680232048034668
0.017287015914916992
0.01741480827331543
0.017351627349853516
0.01741337776184082
0.015694379806518555
0.011871099472045898
0.015864849090576172
0.015805959701538086
0.006112098693847656
0.01015329360961914
0.008876800537109375
0.00914144515991211
0.008024930953979492
0.007939338684082031
0.012430906295776367
0.014567136764526367
0.009504318237304688
0.009263277053833008
0.005452394485473633
0.005159616470336914
0.008260250091552734
0.008208274841308594
0.005578279495239258
0.005558013916015625
0.014407157897949219
0.008281469345092773
0.010471343994140625
0.010568618774414062
0.0067596435546875
0.0065762996673583984
0.023783206939697266
0.02406764030456543
0.0213165283203125
0.021226167678833008
0.013102531433105469
0.010511398315429688
0.008772611618041992
0.008478641510009766
0.03949284553527832
0.039694786071777344
0.006598711013793945
0.006656169891357422
0.011923551559448242
0.011921167373657227
0.007757663726806641
0.012076139450073242
0.008195877075195312
0.007990598678588867
0.006281137466430664
0.00624847412109375
0.006503105163574219
0.0063991546630859375
0.0077571868896484375
0.007294178009033203
0.008520364761352539
0.010913610458374023
0.007368803024291992
0.017328739166259766
0.008653879165649414
0.008870601654052734
0.006624460220336914
0.0065419673919677734
0.006885528564453125
0.006587028503417969
0.03228425979614258
0.030434846878051758
0.03263521194458008
0.03214621543884277
0.008052825927734375
0.0076558589935302734
0.00657343864440918
0.007145881652832031
0.006957054138183594
0.006804943084716797
0.007798671722412109
0.005402803421020508
