0.0068509578704833984
0.005713939666748047
0.006214618682861328
0.005952358245849609
0.00579524040222168
0.0071392059326171875
0.006369829177856445
0.0062711238861083984
0.006033182144165039
0.00670313835144043
0.008398056030273438
0.0087127685546875
0.0062410831451416016
0.006597995758056641
0.0077724456787109375
0.00763392448425293
0.008066892623901367
0.007859230041503906
0.006237983703613281
0.005928993225097656
0.0065572261810302734
0.0059430599212646484
0.006119728088378906
0.009105205535888672
0.01685023307800293
0.016967058181762695
0.016719341278076172
0.01688861846923828
0.005929470062255859
0.005459785461425781
0.014274835586547852
0.015440702438354492
0.015400171279907227
0.015474081039428711
0.014121770858764648
0.014153480529785156
0.01384878158569336
0.014233589172363281
0.005429983139038086
0.0053026676177978516
0.006040096282958984
0.0058765411376953125
0.005745410919189453
0.005631685256958008
0.008656501770019531
0.010554313659667969
0.009961605072021484
0.010221004486083984
0.005983829498291016
0.00583338737487793
0.005776405334472656
0.006038188934326172
0.0059549808502197266
0.005757808685302734
0.039960622787475586
0.03937411308288574
0.03927159309387207
0.03911757469177246
0.010238170623779297
0.006346702575683594
0.016494274139404297
0.01660895347595215
0.016541719436645508
0.01660752296447754
0.015991687774658203
0.012033700942993164
0.015479326248168945
0.015424728393554688
0.005658864974975586
0.010469913482666016
0.009071111679077148
0.009334087371826172
0.008212566375732422
0.008124589920043945
0.012978553771972656
0.014221906661987305
0.009163141250610352
0.008922815322875977
0.005765199661254883
0.005274295806884766
0.008420705795288086
0.008428096771240234
0.006335020065307617
0.0061550140380859375
0.014080286026000977
0.00795125961303711
0.010091543197631836
0.01035451889038086
0.006454944610595703
0.006276369094848633
0.022958755493164062
0.02332019805908203
0.021470308303833008
0.021383047103881836
0.013834714889526367
0.010424375534057617
0.009003162384033203
0.008718013763427734
0.04024934768676758
0.04035687446594238
0.006250143051147461
0.006361246109008789
0.012108325958251953
0.012105703353881836
0.008306264877319336
0.01211404800415039
0.008406400680541992
0.008203744888305664
0.006317853927612305
0.0062863826751708984
0.005964994430541992
0.00595545768737793
0.008087158203125
0.0074732303619384766
0.0091400146484375
0.011976003646850586
0.007566928863525391
0.017519474029541016
0.00923609733581543
0.009386539459228516
0.0062296390533447266
0.006154537200927734
0.006596803665161133
0.006313323974609375
0.03289055824279785
0.030804157257080078
0.03326892852783203
0.032715797424316406
0.008209943771362305
0.007811546325683594
0.006955623626708984
0.006852626800537109
0.0066661834716796875
0.006722450256347656
0.0075953006744384766
0.005545139312744141
