0.006462574005126953
0.005802154541015625
0.0061833858489990234
0.00572967529296875
0.00711822509765625
0.007079362869262695
0.00629734992980957
0.006196737289428711
0.005750894546508789
0.006638288497924805
0.008961200714111328
0.00869441032409668
0.006865024566650391
0.006685495376586914
0.007101535797119141
0.007885456085205078
0.008199691772460938
0.007983922958374023
0.00622248649597168
0.006131410598754883
0.007459878921508789
0.006683826446533203
0.006856441497802734
0.008810997009277344
0.017174482345581055
0.019001483917236328
0.018770694732666016
0.01938176155090332
0.005615711212158203
0.005766153335571289
0.01372671127319336
0.014753341674804688
0.014737844467163086
0.014690876007080078
0.015206575393676758
0.015506982803344727
0.015192985534667969
0.015321969985961914
0.006027698516845703
0.005850315093994141
0.005907297134399414
0.005629777908325195
0.005518436431884766
0.005469083786010742
0.009154081344604492
0.010288238525390625
0.00969386100769043
0.009950399398803711
0.006234645843505859
0.006083250045776367
0.00604557991027832
0.006295442581176758
0.0062296390533447266
0.00606226921081543
0.04017162322998047
0.0390775203704834
0.038949012756347656
0.0388028621673584
0.00993204116821289
0.006684780120849609
0.016842365264892578
0.016969919204711914
0.016895771026611328
0.016956567764282227
0.016059160232543945
0.01213216781616211
0.015015602111816406
0.014986991882324219
0.005332231521606445
0.01014089584350586
0.009842157363891602
0.010219812393188477
0.008447885513305664
0.008358001708984375
0.012404680252075195
0.014796733856201172
0.00973653793334961
0.009493589401245117
0.005873203277587891
0.005103349685668945
0.008026361465454102
0.007983207702636719
0.006190061569213867
0.006002187728881836
0.013901710510253906
0.007704734802246094
0.009676933288574219
0.009811878204345703
0.00584864616394043
0.005673646926879883
0.024541378021240234
0.024820566177368164
0.02167487144470215
0.021585941314697266
0.013596296310424805
0.010591745376586914
0.009202241897583008
0.008907079696655273
0.04003715515136719
0.04014396667480469
0.006100893020629883
0.0060536861419677734
0.011353254318237305
0.011414289474487305
0.007517576217651367
0.011987924575805664
0.008157491683959961
0.00795888900756836
0.006044864654541016
0.006013393402099609
0.006902217864990234
0.0068035125732421875
0.0074117183685302734
0.0073451995849609375
0.008550643920898438
0.011432647705078125
0.007503986358642578
0.017810344696044922
0.00978994369506836
0.009935617446899414
0.006813764572143555
0.006822109222412109
0.007054328918457031
0.0067596435546875
0.033740997314453125
0.03169846534729004
0.033217668533325195
0.03266549110412598
0.008791208267211914
0.008398056030273438
0.007633209228515625
0.007912158966064453
0.007724761962890625
0.00707554817199707
0.008727312088012695
0.0059206485748291016
