0.0004875659942626953
0.0009832382202148438
0.00047588348388671875
0.0005135536193847656
0.0004913806915283203
0.0018243789672851562
0.0010073184967041016
0.00047779083251953125
0.00047969818115234375
0.0006532669067382812
0.0007867813110351562
0.0006024837493896484
0.0007660388946533203
0.0008349418640136719
0.0010349750518798828
0.0009415149688720703
0.0006000995635986328
0.0006313323974609375
0.0007333755493164062
0.0006055831909179688
0.0007677078247070312
0.001445770263671875
0.0006973743438720703
0.0008606910705566406
0.0007624626159667969
0.0008246898651123047
0.0008084774017333984
0.00103759765625
0.0013973712921142578
0.0012965202331542969
0.0006144046783447266
0.0005059242248535156
0.0008399486541748047
0.0010662078857421875
0.0010564327239990234
0.0017697811126708984
0.0006313323974609375
0.0006229877471923828
0.0015079975128173828
0.0013532638549804688
0.0012409687042236328
0.0005013942718505859
0.0006325244903564453
0.0007135868072509766
0.0006053447723388672
0.0012326240539550781
0.0007576942443847656
0.0007872581481933594
0.0007472038269042969
0.0006413459777832031
0.0011928081512451172
0.0006215572357177734
0.0006382465362548828
0.0009186267852783203
0.0008025169372558594
0.0005466938018798828
0.0004987716674804688
0.0006504058837890625
0.0007266998291015625
0.0006153583526611328
0.0009396076202392578
0.0005896091461181641
0.0010528564453125
0.0007975101470947266
0.0007052421569824219
0.0007307529449462891
0.0005886554718017578
0.000850677490234375
0.0009918212890625
0.0009458065032958984
0.0010037422180175781
0.0005698204040527344
0.0006744861602783203
0.0008003711700439453
0.0006670951843261719
0.0005843639373779297
0.0005738735198974609
0.0008113384246826172
0.0013401508331298828
0.001209259033203125
0.0006003379821777344
0.0006015300750732422
0.0013697147369384766
0.0013108253479003906
0.0011692047119140625
0.0009295940399169922
