0.0012578964233398438
0.0007338523864746094
0.0006785392761230469
0.0007572174072265625
0.0006232261657714844
0.0009713172912597656
0.0009150505065917969
0.0007677078247070312
0.0008308887481689453
0.0011911392211914062
0.0012257099151611328
0.001116037368774414
0.0007205009460449219
0.0007231235504150391
0.0007781982421875
0.0007321834564208984
0.0006277561187744141
0.0007088184356689453
0.0007276535034179688
0.0009267330169677734
0.0008156299591064453
0.0008230209350585938
0.0014553070068359375
0.0008022785186767578
0.0011081695556640625
0.0010182857513427734
0.0007510185241699219
0.0007250308990478516
0.0010025501251220703
0.0015964508056640625
0.0014064311981201172
0.0009143352508544922
0.0008571147918701172
0.0006778240203857422
0.0009698867797851562
0.0009098052978515625
0.0009710788726806641
0.0010428428649902344
0.0006775856018066406
0.0015606880187988281
0.0014786720275878906
0.0007367134094238281
0.0008883476257324219
0.0010349750518798828
0.0009324550628662109
0.0008671283721923828
0.0009400844573974609
0.0006759166717529297
0.0009405612945556641
0.0013594627380371094
0.001318216323852539
0.0007417201995849609
0.0007798671722412109
0.0009279251098632812
0.0010902881622314453
0.0037000179290771484
0.0011851787567138672
0.0006964206695556641
0.0007264614105224609
0.0013303756713867188
0.0011107921600341797
0.0004329681396484375
0.0006954669952392578
0.0011298656463623047
0.0013303756713867188
0.0012733936309814453
0.0009152889251708984
0.0006449222564697266
0.0007808208465576172
0.0013742446899414062
0.0012357234954833984
0.0005736351013183594
0.001283407211303711
0.0011186599731445312
0.0012691020965576172
0.0012531280517578125
0.0007789134979248047
0.0007970333099365234
0.0010883808135986328
0.0010814666748046875
0.0009894371032714844
0.0007593631744384766
0.0007784366607666016
0.0012981891632080078
0.0012021064758300781
0.0009009838104248047
0.0005714893341064453
0.0010137557983398438
0.0013585090637207031
0.0010945796966552734
0.0009980201721191406
0.0006663799285888672
0.0007846355438232422
0.0012404918670654297
0.0010945796966552734
0.0009930133819580078
0.0006110668182373047
0.0013124942779541016
0.0011794567108154297
0.0016207695007324219
0.0014874935150146484
0.0012531280517578125
0.0008833408355712891
0.0008754730224609375
0.0012192726135253906
0.0010237693786621094
0.0008115768432617188
0.0007982254028320312
0.0010821819305419922
0.00106048583984375
0.0009756088256835938
0.00112152099609375
0.0008862018585205078
0.0008652210235595703
0.0010826587677001953
0.0010013580322265625
0.0007345676422119141
0.0004661083221435547
0.0008113384246826172
0.0011868476867675781
0.0011053085327148438
0.0005631446838378906
0.0008237361907958984
0.0009946823120117188
0.002343416213989258
0.002198457717895508
0.0007088184356689453
0.001123666763305664
0.0009267330169677734
0.0014607906341552734
0.0013184547424316406
0.0007715225219726562
0.00121307373046875
