0.00116729736328125
0.0005846023559570312
0.0005815029144287109
0.0007870197296142578
0.0009219646453857422
0.0007498264312744141
0.0008871555328369141
0.001173257827758789
0.0012426376342773438
0.0011141300201416016
0.0007183551788330078
0.0007567405700683594
0.0008895397186279297
0.000759124755859375
0.0009338855743408203
0.001577138900756836
0.0008466243743896484
0.001096963882446289
0.0009968280792236328
0.0009911060333251953
0.0009827613830566406
0.0012481212615966797
0.001674652099609375
0.0015726089477539062
0.0007343292236328125
0.0006113052368164062
0.0010178089141845703
0.0008409023284912109
0.0006732940673828125
0.0009665489196777344
0.0011670589447021484
0.0007493495941162109
0.0018031597137451172
0.0017380714416503906
0.0013966560363769531
0.000606536865234375
0.0007574558258056641
0.0008680820465087891
0.0007562637329101562
0.001344919204711914
0.0008537769317626953
0.0009639263153076172
0.0009036064147949219
0.0007929801940917969
0.0013096332550048828
0.0007197856903076172
0.0007717609405517578
0.001111745834350586
0.000997304916381836
0.0006597042083740234
0.0006039142608642578
0.0007750988006591797
0.0008790493011474609
0.0007674694061279297
0.0010585784912109375
0.0006926059722900391
0.0012402534484863281
0.0010097026824951172
0.0008726119995117188
0.0008420944213867188
0.0006911754608154297
0.0009756088256835938
0.0012772083282470703
0.0011553764343261719
0.0011327266693115234
0.0007228851318359375
0.0007929801940917969
0.0009596347808837891
0.0008246898651123047
0.0007767677307128906
0.0007069110870361328
0.0009636878967285156
0.0015587806701660156
0.0014450550079345703
0.0007185935974121094
0.0009582042694091797
0.0010006427764892578
0.0008366107940673828
0.0006990432739257812
0.0005688667297363281
