0.0011539459228515625
0.0014071464538574219
0.00130462646484375
0.0013844966888427734
0.0013701915740966797
0.0016973018646240234
0.0007176399230957031
0.0007076263427734375
0.0010180473327636719
0.0008115768432617188
0.0013763904571533203
0.000652313232421875
0.0008697509765625
0.002068758010864258
0.001489400863647461
0.0010051727294921875
0.002157449722290039
0.001995563507080078
0.0016434192657470703
0.0008511543273925781
0.0010020732879638672
0.0011279582977294922
0.0010151863098144531
0.0015764236450195312
0.00046253204345703125
0.001268625259399414
0.0012879371643066406
0.0011768341064453125
0.0015490055084228516
0.00037288665771484375
0.001043558120727539
0.001434326171875
0.0013148784637451172
0.0008907318115234375
0.0008029937744140625
0.0011131763458251953
0.0011446475982666016
0.0010294914245605469
0.0014452934265136719
0.0004405975341796875
0.0017213821411132812
0.001293182373046875
0.0011544227600097656
0.0010747909545898438
0.0008797645568847656
0.0012359619140625
0.0016183853149414062
0.0014925003051757812
0.001398324966430664
0.0009293556213378906
0.0011153221130371094
0.0012314319610595703
0.0010933876037597656
0.001024484634399414
0.0009431838989257812
0.0013303756713867188
0.0019800662994384766
0.0018589496612548828
0.0011093616485595703
0.0008227825164794922
0.001245260238647461
0.0006403923034667969
0.0005471706390380859
0.0008146762847900391
