0.002938985824584961
0.0008623600006103516
0.0006809234619140625
0.0005867481231689453
0.0004942417144775391
0.0006277561187744141
0.0005512237548828125
0.0006060600280761719
0.0005068778991699219
0.00083160400390625
0.0007672309875488281
0.000621795654296875
0.0009763240814208984
0.0010650157928466797
0.0009887218475341797
0.0009431838989257812
0.0005772113800048828
0.0005962848663330078
0.0006561279296875
0.0005998611450195312
0.0005199909210205078
0.0005862712860107422
0.0006012916564941406
0.0007600784301757812
0.0006341934204101562
0.0006029605865478516
0.0012438297271728516
0.0006699562072753906
0.0008878707885742188
0.0008161067962646484
0.0006377696990966797
0.0005977153778076172
0.00087738037109375
0.0012140274047851562
0.0011076927185058594
0.00075531005859375
0.0007321834564208984
0.00055694580078125
0.0007543563842773438
0.0006532669067382812
0.0007219314575195312
0.00092315673828125
0.0005567073822021484
0.001251220703125
0.001222848892211914
0.0006256103515625
0.0007517337799072266
0.0008518695831298828
0.0007627010345458984
0.0006866455078125
0.0008332729339599609
0.0005536079406738281
0.0007741451263427734
0.001161336898803711
0.0010368824005126953
0.0005636215209960938
0.0005879402160644531
0.0007855892181396484
0.0009565353393554688
0.003560304641723633
0.0010623931884765625
0.0005781650543212891
0.0005986690521240234
0.0011241436004638672
0.0008931159973144531
0.0008769035339355469
0.0005810260772705078
0.0010061264038085938
0.001004934310913086
0.0008177757263183594
0.0005996227264404297
0.0005376338958740234
0.0006551742553710938
0.0011975765228271484
0.001046895980834961
0.00041413307189941406
0.0011568069458007812
0.0009894371032714844
0.0010540485382080078
0.0009210109710693359
0.0006439685821533203
0.0006601810455322266
0.0009336471557617188
0.0008838176727294922
0.0007717609405517578
0.0006198883056640625
0.0006451606750488281
0.0010802745819091797
0.0009713172912597656
0.0006844997406005859
0.0008819103240966797
0.0008549690246582031
0.0011327266693115234
0.0008451938629150391
0.0007283687591552734
0.0005481243133544922
0.0006344318389892578
0.0010793209075927734
0.0008766651153564453
0.0008063316345214844
0.0005078315734863281
0.0011966228485107422
0.0009412765502929688
0.0013835430145263672
0.0012354850769042969
0.0011303424835205078
0.0007598400115966797
0.0007240772247314453
0.0010466575622558594
0.0008370876312255859
0.0007071495056152344
0.0005984306335449219
0.0009558200836181641
0.00084686279296875
0.0007579326629638672
0.0013649463653564453
0.0007176399230957031
0.0007393360137939453
0.0008716583251953125
0.0007724761962890625
0.0008451938629150391
0.0006926059722900391
0.0006816387176513672
0.0009086132049560547
0.0009226799011230469
0.0008718967437744141
0.0007085800170898438
0.0007348060607910156
0.0021033287048339844
0.0019421577453613281
0.0009508132934570312
0.0009746551513671875
0.0007855892181396484
0.0012574195861816406
0.0010211467742919922
0.0006706714630126953
0.0009915828704833984
