0.0016243457794189453
0.0014064311981201172
0.00136566162109375
0.0009081363677978516
0.0008423328399658203
0.0009219646453857422
0.0011706352233886719
0.0007326602935791016
0.0009455680847167969
0.0008499622344970703
0.0011148452758789062
0.0010170936584472656
0.0009694099426269531
0.001577615737915039
0.0009298324584960938
0.0012798309326171875
0.001199483871459961
0.0008597373962402344
0.0008435249328613281
0.001161336898803711
0.0017948150634765625
0.0015680789947509766
0.0010385513305664062
0.0009815692901611328
0.0007927417755126953
0.0011696815490722656
0.0010652542114257812
0.001138925552368164
0.001161336898803711
0.0007927417755126953
0.0017852783203125
0.0016324520111083984
0.0011343955993652344
0.001018524169921875
0.00115966796875
0.0010941028594970703
0.0012888908386230469
0.0010447502136230469
0.0007882118225097656
0.0011403560638427734
0.0016245841979980469
0.001482248306274414
0.0008609294891357422
0.0009500980377197266
0.001062631607055664
0.0012786388397216797
0.003963947296142578
0.0013365745544433594
0.0008113384246826172
0.0008461475372314453
0.0015134811401367188
0.0012612342834472656
0.0005738735198974609
0.0008056163787841797
0.0012478828430175781
0.0016810894012451172
0.0014982223510742188
0.0008144378662109375
0.0007491111755371094
0.0011014938354492188
0.0015416145324707031
0.0013852119445800781
0.0006809234619140625
0.0014052391052246094
0.0012516975402832031
0.001589059829711914
0.0014581680297851562
0.0009074211120605469
0.0009312629699707031
0.001237630844116211
0.0012764930725097656
0.001165151596069336
0.0008945465087890625
0.0010242462158203125
0.0015027523040771484
0.0013942718505859375
0.0011692047119140625
0.0010120868682861328
0.0011522769927978516
0.0015745162963867188
0.0012786388397216797
0.0011589527130126953
0.0007772445678710938
0.001165628433227539
0.001392364501953125
0.0012555122375488281
0.0011370182037353516
0.0007131099700927734
0.001459360122680664
0.0013651847839355469
0.0018570423126220703
0.0017001628875732422
0.0014164447784423828
0.0010051727294921875
0.002317667007446289
0.0013873577117919922
0.001188039779663086
0.0009684562683105469
0.00091552734375
0.0012068748474121094
0.0012552738189697266
0.0011501312255859375
0.0005965232849121094
0.0010247230529785156
0.0009860992431640625
0.0012874603271484375
0.0011816024780273438
0.0004279613494873047
0.002359628677368164
0.0009360313415527344
0.0013554096221923828
0.0013453960418701172
0.0007715225219726562
0.0009307861328125
0.001146078109741211
0.002532958984375
0.0023660659790039062
0.0005500316619873047
0.0012676715850830078
0.0010607242584228516
0.0017573833465576172
0.0015285015106201172
0.0005648136138916016
0.0014791488647460938
