0.0003902912139892578
0.0004642009735107422
0.0005319118499755859
0.0005719661712646484
0.00047707557678222656
0.0004260540008544922
0.0003387928009033203
0.0004887580871582031
0.0003960132598876953
0.00038242340087890625
0.00035572052001953125
0.0006771087646484375
0.0005686283111572266
0.0004677772521972656
0.0010862350463867188
0.0008900165557861328
0.0007479190826416016
0.0006973743438720703
0.0004203319549560547
0.0004172325134277344
0.0005004405975341797
0.0008296966552734375
0.0003762245178222656
0.00043702125549316406
0.0004317760467529297
0.0005753040313720703
0.0004792213439941406
0.0004673004150390625
0.0010046958923339844
0.0004775524139404297
0.0007026195526123047
0.0006268024444580078
0.0005030632019042969
0.0004279613494873047
0.0007030963897705078
0.0008518695831298828
0.000751495361328125
0.0004420280456542969
0.0005726814270019531
0.00039458274841308594
0.0005581378936767578
0.0004994869232177734
0.0004570484161376953
0.0007693767547607422
0.0003998279571533203
0.0010535717010498047
0.0009341239929199219
0.0004608631134033203
0.0005047321319580078
0.0006086826324462891
0.0005764961242675781
0.0005290508270263672
0.0005729198455810547
0.0004093647003173828
0.0005400180816650391
0.0009000301361083984
0.0008437633514404297
0.0004150867462158203
0.0004374980926513672
0.0005781650543212891
0.0007874965667724609
0.003851175308227539
0.0008153915405273438
0.00042247772216796875
0.0004162788391113281
0.0008838176727294922
0.0007038116455078125
0.0009834766387939453
0.00042939186096191406
0.0007460117340087891
0.0007991790771484375
0.0006628036499023438
0.0007102489471435547
0.00039839744567871094
0.00047469139099121094
0.0008804798126220703
0.000881195068359375
0.0009329319000244141
0.0009515285491943359
0.0007987022399902344
0.0008051395416259766
0.0007252693176269531
0.0004775524139404297
0.0004801750183105469
0.0007083415985107422
0.00066375732421875
0.0005908012390136719
0.0004458427429199219
0.0004792213439941406
0.0007715225219726562
0.0018680095672607422
0.0015459060668945312
0.0011382102966308594
0.0005834102630615234
0.0008051395416259766
0.000637054443359375
0.0005631446838378906
0.00040340423583984375
0.0004131793975830078
0.0006647109985351562
0.0006392002105712891
0.0005681514739990234
0.0003769397735595703
0.0010402202606201172
0.0006744861602783203
0.0009732246398925781
0.001004934310913086
0.0009765625
0.0005996227264404297
0.0004782676696777344
0.00072479248046875
0.0006728172302246094
0.00047779083251953125
0.0004372596740722656
0.0007662773132324219
0.0006003379821777344
0.0005283355712890625
0.0012331008911132812
0.0005464553833007812
0.0005509853363037109
0.0006361007690429688
0.0005795955657958984
0.0009531974792480469
0.0009510517120361328
0.00045228004455566406
0.0005803108215332031
0.0005497932434082031
0.0006682872772216797
0.0004763603210449219
0.0004451274871826172
0.0018768310546875
0.0017650127410888672
0.00083160400390625
0.0007758140563964844
0.0005762577056884766
0.0009593963623046875
0.0007822513580322266
0.0008687973022460938
0.0008273124694824219
