0.001104593276977539
0.0009860992431640625
0.00130462646484375
0.0012240409851074219
0.0010824203491210938
0.0016963481903076172
0.0012450218200683594
0.0018880367279052734
0.0018663406372070312
0.0009644031524658203
0.001007080078125
0.0012941360473632812
0.001947164535522461
0.0017168521881103516
0.0014028549194335938
0.0011048316955566406
0.0009233951568603516
0.0013196468353271484
0.0012142658233642578
0.0012500286102294922
0.0012774467468261719
0.0009429454803466797
0.0019431114196777344
0.002059459686279297
0.0014998912811279297
0.0012080669403076172
0.001302957534790039
0.0015513896942138672
0.0014767646789550781
0.0011682510375976562
0.0009005069732666016
0.0013110637664794922
0.0017824172973632812
0.0016391277313232422
0.0009744167327880859
0.0010793209075927734
0.0012149810791015625
0.0014388561248779297
0.002744436264038086
0.0014524459838867188
0.0009248256683349609
0.0009918212890625
0.0016567707061767578
0.0014030933380126953
0.0007226467132568359
0.0009188652038574219
0.0013804435729980469
0.0018377304077148438
0.0016477108001708984
0.0003921985626220703
0.0008552074432373047
0.0013413429260253906
0.001688241958618164
0.001528024673461914
0.0007853507995605469
0.0015282630920410156
0.0014111995697021484
0.0017855167388916016
0.0016529560089111328
0.0010745525360107422
0.0010695457458496094
0.001405477523803711
0.0014467239379882812
0.0013315677642822266
0.0012433528900146484
0.0009019374847412109
0.0017359256744384766
0.0016624927520751953
0.001338958740234375
0.0007214546203613281
0.0012888908386230469
0.0018124580383300781
0.0014345645904541016
0.0014886856079101562
0.0010161399841308594
0.0013506412506103516
0.0016422271728515625
0.0013990402221679688
0.0012788772583007812
0.0008153915405273438
0.0016942024230957031
0.0015664100646972656
0.0020580291748046875
0.001905679702758789
0.0015316009521484375
0.0011587142944335938
0.0020973682403564453
0.0015664100646972656
0.0013823509216308594
0.00109100341796875
0.0012576580047607422
0.0014562606811523438
0.0014255046844482422
0.0013227462768554688
0.0009543895721435547
0.0011382102966308594
0.0011196136474609375
0.0014643669128417969
0.0013589859008789062
0.0005977153778076172
0.0008158683776855469
0.0011870861053466797
0.0015909671783447266
0.0014834403991699219
0.00038123130798339844
0.0011031627655029297
0.0012853145599365234
0.0026960372924804688
0.002526998519897461
0.0011401176452636719
0.0014486312866210938
0.0012125968933105469
0.0019567012786865234
0.0017099380493164062
0.0004115104675292969
0.0016677379608154297
