0.0010004043579101562
0.0014240741729736328
0.0013897418975830078
0.00083160400390625
0.0008759498596191406
0.0010249614715576172
0.0008940696716308594
0.0011129379272460938
0.001703500747680664
0.0009853839874267578
0.001253366470336914
0.0011510848999023438
0.0011794567108154297
0.0012280941009521484
0.0015132427215576172
0.0010693073272705078
0.0009920597076416016
0.0008623600006103516
0.0007140636444091797
0.0011878013610839844
0.0013592243194580078
0.0007719993591308594
0.001920938491821289
0.0013306140899658203
0.0008704662322998047
0.0024259090423583984
0.0022683143615722656
0.00153350830078125
0.0007505416870117188
0.0008730888366699219
0.0009982585906982422
0.0008871555328369141
0.001470804214477539
0.0006339550018310547
0.0011320114135742188
0.0011103153228759766
0.0010340213775634766
0.0014386177062988281
0.0005207061767578125
0.0008990764617919922
0.001264333724975586
0.0011425018310546875
0.0007851123809814453
0.0007047653198242188
0.0009636878967285156
0.0010137557983398438
0.0009007453918457031
0.0011892318725585938
0.0009090900421142578
0.0015177726745605469
0.0011546611785888672
0.0010137557983398438
0.0009667873382568359
0.0007855892181396484
0.0011005401611328125
0.0014514923095703125
0.0013244152069091797
0.0012667179107666016
0.0008285045623779297
0.0009839534759521484
0.001096963882446289
0.0009596347808837891
0.0009136199951171875
0.0008270740509033203
0.0011630058288574219
0.0017731189727783203
0.0016548633575439453
0.0008587837219238281
0.0007021427154541016
0.0011188983917236328
0.0009846687316894531
0.0008437633514404297
0.0007040500640869141
