0.0007007122039794922
0.000331878662109375
0.0003418922424316406
0.0007784366607666016
0.00031375885009765625
0.0003676414489746094
0.00036716461181640625
0.0016889572143554688
0.0006511211395263672
0.000339508056640625
0.0003528594970703125
0.0005075931549072266
0.0006232261657714844
0.00046133995056152344
0.0006058216094970703
0.0006742477416992188
0.0008025169372558594
0.0007290840148925781
0.0004036426544189453
0.0004608631134033203
0.0005528926849365234
0.0004611015319824219
0.0005614757537841797
0.0012831687927246094
0.0004906654357910156
0.0006597042083740234
0.0005931854248046875
0.0005614757537841797
0.0005471706390380859
0.0007379055023193359
0.001880645751953125
0.0017724037170410156
0.0004143714904785156
0.0003724098205566406
0.0005936622619628906
0.0015146732330322266
0.0009682178497314453
0.0013756752014160156
0.0009849071502685547
0.00044798851013183594
0.0010020732879638672
0.0009665489196777344
0.0010344982147216797
0.0003695487976074219
0.0004558563232421875
0.0005414485931396484
0.0004668235778808594
0.000978231430053711
0.0010399818420410156
0.0005171298980712891
0.0005400180816650391
0.000499725341796875
0.0009951591491699219
0.0009160041809082031
0.00045108795166015625
0.00069427490234375
0.0006089210510253906
0.0003979206085205078
0.0003685951232910156
0.00045990943908691406
0.0005486011505126953
0.0004761219024658203
0.0007596015930175781
0.0007915496826171875
0.0006313323974609375
0.0006091594696044922
0.0005128383636474609
0.0005655288696289062
0.0004558563232421875
0.0006346702575683594
0.0007576942443847656
0.0006794929504394531
0.0006358623504638672
0.00043272972106933594
0.0004899501800537109
0.0006182193756103516
0.000522613525390625
0.00043201446533203125
0.0003783702850341797
0.0005881786346435547
0.0010917186737060547
0.001016855239868164
0.0004379749298095703
0.0004699230194091797
0.000823974609375
0.0011639595031738281
0.0010290145874023438
0.0004134178161621094
