0.9772861003875732
0.9702627658843994
0.9682817459106445
0.9519789218902588
0.9485206604003906
0.9218184947967529
0.8917629718780518
0.8900930881500244
0.8798508644104004
0.0239102840423584
0.023778438568115234
0.023470163345336914
0.021744489669799805
0.030133724212646484
0.023651838302612305
0.023738861083984375
0.023713350296020508
0.02339005470275879
0.02301812171936035
0.05297565460205078
0.036374807357788086
0.03568410873413086
0.03494620323181152
0.034575700759887695
0.017078638076782227
0.01619696617126465
0.0168454647064209
0.016648530960083008
0.01393890380859375
0.02911829948425293
0.035284996032714844
0.01825094223022461
0.015929698944091797
0.015996217727661133
0.006063699722290039
0.015173196792602539
0.013736963272094727
0.0217897891998291
0.015323162078857422
0.006182193756103516
0.021704673767089844
0.017925739288330078
0.01686716079711914
0.022470474243164062
0.020730018615722656
0.008242607116699219
0.006312370300292969
0.006524324417114258
0.004485607147216797
0.004317045211791992
0.003965139389038086
0.017790555953979492
0.008935928344726562
0.016319990158081055
0.01681971549987793
0.014129877090454102
0.012254714965820312
0.007193326950073242
0.012405633926391602
0.004509687423706055
0.0044879913330078125
0.013457536697387695
0.014361143112182617
0.01492619514465332
0.013347864151000977
0.004517555236816406
0.007886648178100586
0.011085748672485352
0.008056163787841797
0.004624128341674805
0.005704641342163086
0.011659622192382812
0.012149333953857422
0.010354280471801758
0.010544538497924805
0.004463911056518555
0.009639978408813477
0.010985136032104492
0.010374784469604492
0.004716634750366211
0.00678563117980957
0.011155128479003906
0.012746572494506836
0.014940261840820312
0.010761022567749023
0.0045816898345947266
0.00457000732421875
0.005314350128173828
0.00511932373046875
0.0034897327423095703
0.005377292633056641
0.008566617965698242
0.011280059814453125
0.010648250579833984
0.014952659606933594
0.00668644905090332
0.0037453174591064453
0.010326623916625977
0.00961613655090332
0.003920316696166992
0.012073993682861328
0.00931549072265625
0.010013341903686523
0.017461299896240234
0.009100914001464844
0.00603795051574707
0.008301973342895508
0.010994911193847656
0.005196809768676758
0.004463672637939453
0.0055539608001708984
0.013065576553344727
0.015494346618652344
0.010043859481811523
0.007467031478881836
0.005483865737915039
0.0038738250732421875
0.006999969482421875
0.0033321380615234375
0.003542661666870117
0.004669666290283203
0.01582646369934082
0.020302772521972656
0.010254383087158203
0.009163379669189453
0.005439281463623047
0.004619121551513672
0.006437778472900391
0.010652303695678711
0.004498958587646484
0.006153106689453125
0.0057337284088134766
0.006152629852294922
0.007574558258056641
0.007906675338745117
0.0075452327728271484
0.005022287368774414
