2.0061283111572266
1.9776036739349365
1.97054123878479
1.9616479873657227
1.9427769184112549
1.9556269645690918
1.0031976699829102
0.9719228744506836
0.0430140495300293
0.0349583625793457
0.026647329330444336
0.029993057250976562
0.024637937545776367
0.03348803520202637
0.051841020584106445
0.04129910469055176
0.04022407531738281
0.03548741340637207
0.03265953063964844
0.030822038650512695
0.04925870895385742
0.030301809310913086
0.036893367767333984
0.033742427825927734
0.03145956993103027
0.028872013092041016
0.02658820152282715
0.045075416564941406
0.057291507720947266
0.05553174018859863
0.05268549919128418
0.048653364181518555
0.0561065673828125
0.052666425704956055
0.05061149597167969
0.04580807685852051
0.0384979248046875
0.007820367813110352
0.02120685577392578
0.03771233558654785
0.0310819149017334
0.040673255920410156
0.03500771522521973
0.017709970474243164
0.03094029426574707
0.017084360122680664
0.041219234466552734
0.004725456237792969
0.03687119483947754
0.03260946273803711
0.03401613235473633
0.03334450721740723
0.027759552001953125
0.005655527114868164
0.009796857833862305
0.013283491134643555
0.012660741806030273
0.003996372222900391
0.004691123962402344
0.013835430145263672
0.01768946647644043
0.018914461135864258
0.024153709411621094
0.0070421695709228516
0.011019706726074219
0.015490531921386719
0.010747909545898438
0.0032422542572021484
0.004333019256591797
0.008987903594970703
0.01020359992980957
0.012197732925415039
0.016557931900024414
0.0041849613189697266
0.007449626922607422
0.009773015975952148
0.00966024398803711
0.009624719619750977
0.0076656341552734375
0.006777763366699219
0.007228851318359375
0.010601282119750977
0.01177358627319336
0.004231691360473633
0.004937171936035156
0.005603313446044922
0.011118173599243164
0.004553079605102539
0.008170604705810547
0.007638216018676758
0.008156538009643555
0.008497953414916992
0.010808944702148438
0.008099079132080078
0.004022836685180664
0.008661031723022461
0.007598876953125
0.006287813186645508
0.008802175521850586
0.008723258972167969
0.00925755500793457
0.009917974472045898
0.010727882385253906
0.0049593448638916016
0.0044057369232177734
0.0070421695709228516
0.007447481155395508
0.0038106441497802734
0.004495382308959961
0.00868844985961914
0.008416891098022461
0.00979161262512207
0.01904153823852539
0.0056345462799072266
0.008609771728515625
0.004073619842529297
0.010167360305786133
0.006319999694824219
0.01881718635559082
0.004860401153564453
0.008629560470581055
0.013988494873046875
0.012217998504638672
0.005053520202636719
0.006655216217041016
0.005443096160888672
0.009068489074707031
0.005192279815673828
0.0049517154693603516
0.014147758483886719
0.016256332397460938
0.03162813186645508
0.031461238861083984
0.003768444061279297
0.008495807647705078
0.004857301712036133
0.007256507873535156
0.004841804504394531
0.006554841995239258
0.003403902053833008
0.013981342315673828
0.012119770050048828
0.01074838638305664
0.004454612731933594
0.007079362869262695
0.004094600677490234
181.0163586139679
185.00920367240906
184.11473965644836
183.98242664337158
183.8922519683838
183.87916135787964
183.86412644386292
183.85913944244385
181.0276358127594
