0.0014896392822265625
0.001100778579711914
0.001544952392578125
0.0004794597625732422
0.0018067359924316406
0.0011510848999023438
0.0014564990997314453
0.0013580322265625
0.0013093948364257812
0.0027341842651367188
0.0025081634521484375
0.002155303955078125
0.0020515918731689453
0.0024614334106445312
0.0021038055419921875
0.002728700637817383
0.0031316280364990234
0.0029802322387695312
0.002217531204223633
0.0029113292694091797
0.0021719932556152344
0.0017948150634765625
0.0016803741455078125
0.0015878677368164062
0.0023458003997802734
0.001813650131225586
0.002121448516845703
0.0020096302032470703
0.0032372474670410156
0.003027677536010742
0.0026895999908447266
0.0030286312103271484
0.0028502941131591797
0.0025207996368408203
0.0016384124755859375
0.0030705928802490234
0.003821849822998047
0.003394603729248047
0.002645730972290039
0.0013892650604248047
0.0014586448669433594
0.0036351680755615234
0.003386974334716797
0.0023484230041503906
0.0024199485778808594
0.001439809799194336
0.0017180442810058594
0.0015187263488769531
0.001590728759765625
0.002841472625732422
0.002305746078491211
0.002054929733276367
0.001961231231689453
0.00223541259765625
0.004283905029296875
0.0030193328857421875
0.0034399032592773438
0.003240346908569336
0.0024840831756591797
0.0015959739685058594
0.0029010772705078125
0.0038366317749023438
0.003597259521484375
0.002298116683959961
0.0014352798461914062
0.0010330677032470703
0.0020165443420410156
0.0019042491912841797
0.0013561248779296875
0.0013468265533447266
0.0010535717010498047
0.0012733936309814453
0.0011048316955566406
0.0008101463317871094
0.0015392303466796875
0.0012269020080566406
0.001130819320678711
0.000989675521850586
0.0013079643249511719
0.0021996498107910156
0.0013120174407958984
0.000957489013671875
0.0008440017700195312
0.0013370513916015625
0.0016243457794189453
0.0022814273834228516
0.00390625
0.0035524368286132812
0.002099752426147461
0.0025496482849121094
0.0021512508392333984
0.0030422210693359375
0.002878427505493164
0.002273082733154297
0.0018987655639648438
0.001981973648071289
0.0025818347930908203
0.0024292469024658203
0.0005102157592773438
0.0018649101257324219
0.0017251968383789062
0.0017285346984863281
0.001611948013305664
0.00154876708984375
0.0029189586639404297
0.001508474349975586
0.0019652843475341797
0.0018572807312011719
0.0015392303466796875
0.002404451370239258
0.002227783203125
0.0030508041381835938
0.0028998851776123047
0.0017838478088378906
0.0016186237335205078
0.002676248550415039
0.0016078948974609375
0.0013287067413330078
0.002341747283935547
0.0018422603607177734
0.0022678375244140625
0.003114938735961914
0.0029664039611816406
0.0019714832305908203
0.0022115707397460938
0.003361940383911133
0.0026247501373291016
0.003730297088623047
0.0018570423126220703
0.0016808509826660156
0.002312183380126953
0.003066539764404297
0.0028886795043945312
0.002284526824951172
0.0014104843139648438
0.0022530555725097656
0.0022292137145996094
0.0021004676818847656
0.0016252994537353516
0.0017554759979248047
0.00304412841796875
0.0012929439544677734
0.0011873245239257812
0.0015735626220703125
0.0020596981048583984
0.0012619495391845703
0.000995635986328125
0.0008227825164794922
0.0017323493957519531
0.0015294551849365234
0.0030107498168945312
0.0012073516845703125
0.0011146068572998047
0.0007042884826660156
0.0014300346374511719
0.0015609264373779297
