0.003968238830566406
0.0028142929077148438
0.0025320053100585938
0.0024170875549316406
0.0021080970764160156
0.0030083656311035156
0.002309560775756836
0.0027594566345214844
0.0026450157165527344
0.003998994827270508
0.0039365291595458984
0.0007066726684570312
0.0034608840942382812
0.003290414810180664
0.003363370895385742
0.002039670944213867
0.001172780990600586
0.004365205764770508
0.003936767578125
0.003474712371826172
0.0017964839935302734
0.0008912086486816406
0.004570722579956055
0.004296541213989258
0.003131866455078125
0.0031304359436035156
0.0005970001220703125
0.002879619598388672
0.0026814937591552734
0.0021924972534179688
0.003452301025390625
0.002867460250854492
0.0027561187744140625
0.0028047561645507812
0.0031027793884277344
0.0016531944274902344
0.003658294677734375
0.004350900650024414
0.0041484832763671875
0.0032510757446289062
0.002015352249145508
0.0034732818603515625
0.0047473907470703125
0.004505634307861328
0.003087282180786133
0.0018677711486816406
0.0009000301361083984
0.0010223388671875
0.0009698867797851562
0.002036571502685547
0.0016946792602539062
0.0005629062652587891
0.0008771419525146484
0.0007121562957763672
0.0004444122314453125
0.0018961429595947266
0.0006725788116455078
0.0028400421142578125
0.0026323795318603516
0.001756429672241211
0.002692699432373047
0.001199960708618164
0.002197742462158203
0.002082347869873047
0.0018019676208496094
0.0020284652709960938
0.0008797645568847656
0.00464940071105957
0.0042972564697265625
0.0029363632202148438
0.0031280517578125
0.002699613571166992
0.0038940906524658203
0.003753662109375
0.0028929710388183594
0.002526521682739258
0.0008530616760253906
0.0015943050384521484
0.0014584064483642578
0.002118825912475586
0.002307415008544922
0.0014319419860839844
0.0026597976684570312
0.002545595169067383
0.002101898193359375
0.0035316944122314453
0.0017704963684082031
0.002585172653198242
0.0024805068969726562
0.0020630359649658203
0.0030863285064697266
0.0009479522705078125
0.0036923885345458984
0.0034999847412109375
0.0025262832641601562
0.0020186901092529297
0.0006062984466552734
0.0012729167938232422
0.0009865760803222656
0.0032906532287597656
0.0022575855255126953
0.0027866363525390625
0.004033565521240234
0.003880739212036133
0.002622842788696289
0.002887248992919922
0.004258871078491211
0.00331878662109375
0.004197359085083008
0.002389669418334961
0.0020279884338378906
0.001211404800415039
0.003799915313720703
0.0036191940307617188
0.00264739990234375
0.001894235610961914
0.0009872913360595703
0.002895355224609375
0.002759218215942383
0.0021076202392578125
0.0022306442260742188
0.0013735294342041016
0.0027112960815429688
0.0026018619537353516
0.002209186553955078
0.0024073123931884766
0.0013897418975830078
0.002782106399536133
0.0026001930236816406
0.002254009246826172
0.0019223690032958984
0.0035185813903808594
0.0006880760192871094
0.0006489753723144531
0.0021512508392333984
0.0018148422241210938
0.0005545616149902344
