0.0012063980102539062
0.0006117820739746094
0.0008952617645263672
0.0006208419799804688
0.0009169578552246094
0.0006418228149414062
0.0006346702575683594
0.0007321834564208984
0.0011203289031982422
0.0006701946258544922
0.0008351802825927734
0.0007669925689697266
0.0008785724639892578
0.002092599868774414
0.0010600090026855469
0.0007221698760986328
0.0006806850433349609
0.0006961822509765625
0.0013167858123779297
0.0008647441864013672
0.0008234977722167969
0.0007221698760986328
0.0010726451873779297
0.0007183551788330078
0.0010833740234375
0.0006730556488037109
0.0009446144104003906
0.0008523464202880859
0.0008165836334228516
0.003563404083251953
0.002172231674194336
0.001451730728149414
0.0013506412506103516
0.0014007091522216797
0.0015306472778320312
0.0015869140625
0.001829385757446289
0.001688241958618164
0.0011169910430908203
0.0019147396087646484
0.0019681453704833984
0.0011479854583740234
0.0010399818420410156
0.0008230209350585938
0.0013659000396728516
0.0012993812561035156
0.0012714862823486328
0.0011682510375976562
0.0018024444580078125
0.001651763916015625
0.0032176971435546875
0.002728700637817383
0.0026521682739257812
0.0013375282287597656
0.0010843276977539062
0.0036504268646240234
0.0025398731231689453
0.002206563949584961
0.0015070438385009766
0.0009593963623046875
0.0017309188842773438
0.0022325515747070312
0.002002239227294922
0.0012803077697753906
0.0014619827270507812
0.0015692710876464844
0.001889944076538086
0.001688241958618164
0.000896453857421875
0.0018434524536132812
0.0019059181213378906
0.0010914802551269531
0.0010137557983398438
0.0011756420135498047
0.003040313720703125
0.0015492439270019531
0.0017647743225097656
0.0015711784362792969
0.0016324520111083984
0.0009481906890869141
0.0016944408416748047
0.001245260238647461
0.0011301040649414062
0.0012290477752685547
0.001031637191772461
0.001720428466796875
0.0023474693298339844
0.0022368431091308594
0.0008306503295898438
0.0008654594421386719
0.0011532306671142578
0.0015375614166259766
0.001371622085571289
0.001018524169921875
0.0009427070617675781
0.0014672279357910156
0.001562356948852539
0.001359701156616211
0.0006608963012695312
0.0014052391052246094
0.0018107891082763672
0.0017156600952148438
0.0015985965728759766
0.0007245540618896484
0.0009760856628417969
0.002866506576538086
0.002603769302368164
0.002393484115600586
0.0016415119171142578
0.0019142627716064453
0.0006177425384521484
0.001657247543334961
0.0015270709991455078
0.001500844955444336
0.0010285377502441406
0.002156496047973633
0.0020241737365722656
0.0019762516021728516
0.001506805419921875
0.0012340545654296875
0.0020275115966796875
0.002290964126586914
0.0021708011627197266
0.0007462501525878906
0.001958608627319336
0.00164031982421875
0.001127004623413086
0.00102996826171875
0.0010335445404052734
0.0015676021575927734
0.0024170875549316406
0.002139568328857422
0.0021271705627441406
0.0008015632629394531
0.00106048583984375
0.0028104782104492188
0.0019378662109375
0.0016605854034423828
0.0013246536254882812
0.0012576580047607422
0.0010607242584228516
0.0016622543334960938
0.0015223026275634766
0.0010900497436523438
0.0013747215270996094
0.0035576820373535156
0.0015511512756347656
0.0031173229217529297
0.0009682178497314453
0.0012018680572509766
0.002510547637939453
0.0016744136810302734
0.0015301704406738281
0.0014367103576660156
0.0010044574737548828
0.0018472671508789062
0.0018265247344970703
0.0017054080963134766
0.0009028911590576172
0.0011348724365234375
0.002783536911010742
0.0023131370544433594
0.002206087112426758
0.00060272216796875
0.0014500617980957031
0.0016489028930664062
0.001847982406616211
0.0017209053039550781
0.0009610652923583984
0.0011010169982910156
0.0018417835235595703
0.0018978118896484375
0.001806497573852539
0.001039743423461914
0.0008907318115234375
0.0016646385192871094
