0.0006918907165527344
0.0005218982696533203
0.0006837844848632812
0.0004918575286865234
0.0007433891296386719
0.0005011558532714844
0.0007946491241455078
0.00045752525329589844
0.000518798828125
0.0005950927734375
0.0014986991882324219
0.0005521774291992188
0.0006916522979736328
0.0009295940399169922
0.00058746337890625
0.001977682113647461
0.0008802413940429688
0.001313924789428711
0.0005652904510498047
0.0005133152008056641
0.001077413558959961
0.0009758472442626953
0.0005702972412109375
0.0006229877471923828
0.000904083251953125
0.0009682178497314453
0.0008771419525146484
0.0005462169647216797
0.0007066726684570312
0.0006558895111083984
0.0006895065307617188
0.0015082359313964844
0.0017774105072021484
0.0007576942443847656
0.0006890296936035156
0.0011386871337890625
0.0012354850769042969
0.0012617111206054688
0.0012879371643066406
0.0012714862823486328
0.0008966922760009766
0.0016169548034667969
0.0017652511596679688
0.000904083251953125
0.0008006095886230469
0.0006384849548339844
0.0011522769927978516
0.0010306835174560547
0.0009136199951171875
0.0009162425994873047
0.0014235973358154297
0.001300811767578125
0.0020520687103271484
0.0018982887268066406
0.001760244369506836
0.0010380744934082031
0.0008358955383300781
0.0032639503479003906
0.002086639404296875
0.0017266273498535156
0.001237630844116211
0.0008060932159423828
0.0015952587127685547
0.0013608932495117188
0.0012974739074707031
0.0010025501251220703
0.0012409687042236328
0.0013072490692138672
0.0015149116516113281
0.0013129711151123047
0.0007016658782958984
0.0015554428100585938
0.0017037391662597656
0.0008518695831298828
0.0007617473602294922
0.0009124279022216797
0.002854585647583008
0.0008523464202880859
0.0014081001281738281
0.0012161731719970703
0.0012600421905517578
0.0008003711700439453
0.0013966560363769531
0.0020885467529296875
0.001894235610961914
0.001016378402709961
0.0008351802825927734
0.0013370513916015625
0.0014200210571289062
0.0013113021850585938
0.0006859302520751953
0.0007371902465820312
0.0012471675872802734
0.001661539077758789
0.0014925003051757812
0.0012133121490478516
0.0007967948913574219
0.0013468265533447266
0.0017251968383789062
0.0015189647674560547
0.0005216598510742188
0.0011887550354003906
0.0015468597412109375
0.0014178752899169922
0.0013055801391601562
0.000385284423828125
0.0008249282836914062
0.0024771690368652344
0.002173900604248047
0.0018837451934814453
0.0014452934265136719
0.0017609596252441406
0.0008699893951416016
0.0012867450714111328
0.0011582374572753906
0.0012240409851074219
0.0008285045623779297
0.0006742477416992188
0.0017943382263183594
0.0016560554504394531
0.0007982254028320312
0.0010831356048583984
0.00156402587890625
0.0015363693237304688
0.0014235973358154297
0.0005714893341064453
0.00174713134765625
0.0013775825500488281
0.0006136894226074219
0.0005452632904052734
0.0006568431854248047
0.0013556480407714844
0.002034425735473633
0.0018396377563476562
0.0016963481903076172
0.0006170272827148438
0.000812530517578125
0.002321004867553711
0.0014219284057617188
0.001132965087890625
0.0008082389831542969
0.0010340213775634766
0.0012731552124023438
0.0012919902801513672
0.0011501312255859375
0.0007593631744384766
0.0011610984802246094
0.0031676292419433594
0.0012767314910888672
0.0029337406158447266
0.000743865966796875
0.0010380744934082031
0.0027048587799072266
0.000957489013671875
0.0008563995361328125
0.0011410713195800781
0.00086212158203125
0.0016977787017822266
0.0011353492736816406
0.0010199546813964844
0.0007102489471435547
0.000990152359008789
0.0008749961853027344
0.0024759769439697266
0.0023658275604248047
0.0007424354553222656
0.0012726783752441406
0.0010428428649902344
0.0016777515411376953
0.0014674663543701172
0.0007097721099853516
0.0009608268737792969
0.0015478134155273438
0.002061128616333008
0.0019683837890625
0.0013585090637207031
0.0007565021514892578
0.0014455318450927734
