0.00031876564025878906
0.0004985332489013672
0.00044035911560058594
0.0004780292510986328
0.0003669261932373047
0.00042557716369628906
0.0003452301025390625
0.0005035400390625
0.0003669261932373047
0.0006167888641357422
0.0007851123809814453
0.0003829002380371094
0.0004096031188964844
0.0013000965118408203
0.000400543212890625
0.0005049705505371094
0.00103759765625
0.0004487037658691406
0.001766204833984375
0.0007123947143554688
0.0014190673828125
0.00040602684020996094
0.0003857612609863281
0.0008370876312255859
0.0006358623504638672
0.0004363059997558594
0.0004985332489013672
0.0005784034729003906
0.0010464191436767578
0.0006511211395263672
0.0004150867462158203
0.0005538463592529297
0.00048065185546875
0.0005338191986083984
0.0011150836944580078
0.0027112960815429688
0.0009775161743164062
0.0008881092071533203
0.0008337497711181641
0.0009453296661376953
0.0017981529235839844
0.0009088516235351562
0.0008103847503662109
0.0006337165832519531
0.0012125968933105469
0.0024175643920898438
0.0006358623504638672
0.0005621910095214844
0.0004220008850097656
0.0008683204650878906
0.0016629695892333984
0.0006346702575683594
0.0005681514739990234
0.0009887218475341797
0.0010216236114501953
0.0011646747589111328
0.001644134521484375
0.0015010833740234375
0.0007107257843017578
0.0006303787231445312
0.0034589767456054688
0.0013763904571533203
0.0012226104736328125
0.0009284019470214844
0.0006041526794433594
0.0018794536590576172
0.0018804073333740234
0.0016467571258544922
0.0006189346313476562
0.0009350776672363281
0.0019550323486328125
0.0024623870849609375
0.0022590160369873047
0.0004143714904785156
0.001168966293334961
0.0021104812622070312
0.0005776882171630859
0.0005145072937011719
0.0005960464477539062
0.0022115707397460938
0.0011675357818603516
0.0010464191436767578
0.0008852481842041016
0.0008289813995361328
0.0006015300750732422
0.0011162757873535156
0.0017142295837402344
0.0015234947204589844
0.0006079673767089844
0.0006275177001953125
0.0015895366668701172
0.002184629440307617
0.0020749568939208984
0.0009698867797851562
0.0005431175231933594
0.0013413429260253906
0.0019223690032958984
0.001756429672241211
0.0013093948364257812
0.0005886554718017578
0.0015838146209716797
0.0020613670349121094
0.0018572807312011719
0.00034999847412109375
0.0008902549743652344
0.0016629695892333984
0.0018537044525146484
0.0017371177673339844
0.0005385875701904297
0.0006151199340820312
0.002672433853149414
0.0017077922821044922
0.0014901161193847656
0.0018417835235595703
0.0013456344604492188
0.0010726451873779297
0.0009112358093261719
0.0008208751678466797
0.0009784698486328125
0.0006222724914550781
0.0014774799346923828
0.0013937950134277344
0.0012593269348144531
0.0006685256958007812
0.00087738037109375
0.0021839141845703125
0.002452850341796875
0.0023391246795654297
0.0003674030303955078
0.0013899803161621094
0.0018990039825439453
0.0008566379547119141
0.0007576942443847656
0.0004382133483886719
0.0010690689086914062
0.0029196739196777344
0.0025293827056884766
0.002359151840209961
0.0004062652587890625
0.0006096363067626953
0.002473115921020508
0.002106904983520508
0.0018291473388671875
0.0010573863983154297
0.002540111541748047
0.001481771469116211
0.0009081363677978516
0.0008089542388916016
0.0004990100860595703
0.0008654594421386719
0.0037546157836914062
0.0007319450378417969
0.002763986587524414
0.0004856586456298828
0.0007953643798828125
0.002912759780883789
0.0013287067413330078
0.0011873245239257812
0.0008687973022460938
0.0006597042083740234
0.0021181106567382812
0.0020296573638916016
0.0019083023071289062
0.0004820823669433594
0.0007927417755126953
0.003202199935913086
0.0018301010131835938
0.0017232894897460938
0.00038433074951171875
0.0010287761688232422
0.0015192031860351562
0.0015261173248291016
0.001316070556640625
0.000423431396484375
0.0007605552673339844
0.0011928081512451172
0.002246856689453125
0.0021572113037109375
0.001489400863647461
0.0005619525909423828
0.0017709732055664062
