0.0017285346984863281
0.0012030601501464844
0.0007474422454833984
0.0008482933044433594
0.0006177425384521484
0.0007982254028320312
0.0009720325469970703
0.0006048679351806641
0.0010151863098144531
0.0021991729736328125
0.001190185546875
0.0005424022674560547
0.0008306503295898438
0.0007951259613037109
0.0015451908111572266
0.00054931640625
0.0009567737579345703
0.0008156299591064453
0.0011835098266601562
0.0006284713745117188
0.0012819766998291016
0.0007951259613037109
0.0010755062103271484
0.000980377197265625
0.0009343624114990234
0.0018017292022705078
0.0015726089477539062
0.0012807846069335938
0.0011856555938720703
0.0016582012176513672
0.0016951560974121094
0.0009989738464355469
0.0021517276763916016
0.0020029544830322266
0.0013248920440673828
0.002236604690551758
0.0015673637390136719
0.0013532638549804688
0.001241445541381836
0.0010004043579101562
0.0016200542449951172
0.0015439987182617188
0.001486063003540039
0.0013802051544189453
0.002257108688354492
0.0020401477813720703
0.0029630661010742188
0.0024857521057128906
0.0023326873779296875
0.0016317367553710938
0.0012466907501220703
0.0028417110443115234
0.002908945083618164
0.0025377273559570312
0.0017697811126708984
0.0011150836944580078
0.0011670589447021484
0.0026230812072753906
0.00238800048828125
0.0015423297882080078
0.0017037391662597656
0.0018246173858642578
0.002227306365966797
0.0020623207092285156
0.0010733604431152344
0.002160310745239258
0.0015037059783935547
0.0013191699981689453
0.0012257099151611328
0.0014352798461914062
0.003399372100830078
0.0019788742065429688
0.002153635025024414
0.0020041465759277344
0.0019958019256591797
0.0011909008026123047
0.0019800662994384766
0.0025987625122070312
0.002490520477294922
0.0014920234680175781
0.001195669174194336
0.0007574558258056641
0.0012514591217041016
0.0011444091796875
0.00048279762268066406
0.00099945068359375
0.0009615421295166016
0.0010027885437011719
0.000835418701171875
0.0005927085876464844
0.0011796951293945312
0.0017116069793701172
0.0022211074829101562
0.0020666122436523438
0.0007965564727783203
0.0016982555389404297
0.0014281272888183594
0.001104116439819336
0.000990152359008789
0.0008785724639892578
0.0012166500091552734
0.0020904541015625
0.0030128955841064453
0.0026662349700927734
0.0010085105895996094
0.002055644989013672
0.001344919204711914
0.0019812583923339844
0.0018482208251953125
0.001743316650390625
0.0012760162353515625
0.001821756362915039
0.0023393630981445312
0.0022573471069335938
0.0013341903686523438
0.0014395713806152344
0.001874685287475586
0.001894235610961914
0.0017788410186767578
0.000911712646484375
0.0021867752075195312
0.001110076904296875
0.001338958740234375
0.0012416839599609375
0.0008661746978759766
0.0018041133880615234
0.0018374919891357422
0.0015676021575927734
0.0014278888702392578
0.0009775161743164062
0.0012218952178955078
0.001909494400024414
0.002505064010620117
0.0022242069244384766
0.0018050670623779297
0.001425027847290039
0.0008192062377929688
0.001989603042602539
0.0018405914306640625
0.0013175010681152344
0.0016100406646728516
0.0029621124267578125
0.0018117427825927734
0.003271818161010742
0.0011773109436035156
0.0013346672058105469
0.0021135807037353516
0.0020034313201904297
0.0018527507781982422
0.0016484260559082031
0.0011560916900634766
0.0013151168823242188
0.0016214847564697266
0.0015034675598144531
0.001081705093383789
0.0013000965118408203
0.0017588138580322266
0.0019941329956054688
0.001886129379272461
0.0009791851043701172
0.0017230510711669922
0.0009129047393798828
0.001190185546875
0.0009827613830566406
0.0011370182037353516
0.0012586116790771484
0.002122163772583008
0.0017333030700683594
0.0016422271728515625
0.0008747577667236328
0.0010378360748291016
0.0013360977172851562
