0.0012264251708984375
0.0009799003601074219
0.0017883777618408203
0.00037598609924316406
0.0011827945709228516
0.0010116100311279297
0.0013973712921142578
0.0008931159973144531
0.0016276836395263672
0.0010349750518798828
0.0013391971588134766
0.0012404918670654297
0.001192331314086914
0.0023546218872070312
0.0010707378387451172
0.0019550323486328125
0.0018591880798339844
0.002206087112426758
0.001974344253540039
0.0023212432861328125
0.0028214454650878906
0.0026712417602539062
0.0019559860229492188
0.003571033477783203
0.00260162353515625
0.0019571781158447266
0.0018382072448730469
0.0014281272888183594
0.0021636486053466797
0.0007381439208984375
0.0017120838165283203
0.0016047954559326172
0.002973794937133789
0.002742290496826172
0.0023338794708251953
0.0032160282135009766
0.0030388832092285156
0.0020973682403564453
0.0015118122100830078
0.0015327930450439453
0.0035927295684814453
0.0032193660736083984
0.002324819564819336
0.001253366470336914
0.0012955665588378906
0.003313779830932617
0.0030698776245117188
0.0020880699157714844
0.002217531204223633
0.0009157657623291016
0.0026259422302246094
0.002421140670776367
0.001432180404663086
0.0036432743072509766
0.0010480880737304688
0.0018436908721923828
0.001752614974975586
0.0019805431365966797
0.004002571105957031
0.0026853084564208984
0.0031278133392333984
0.002927541732788086
0.0023360252380371094
0.0014636516571044922
0.002524852752685547
0.0035080909729003906
0.0032749176025390625
0.002042531967163086
0.0020902156829833984
0.0018460750579833984
0.0025081634521484375
0.0023975372314453125
0.0014882087707519531
0.0012319087982177734
0.0007526874542236328
0.0014109611511230469
0.0012402534484863281
0.0007109642028808594
0.0014238357543945312
0.0009055137634277344
0.0019037723541259766
0.0016973018646240234
0.001132965087890625
0.0020401477813720703
0.0008270740509033203
0.0015783309936523438
0.0014615058898925781
0.0011937618255615234
0.0014929771423339844
0.0016546249389648438
0.0036530494689941406
0.003304719924926758
0.0007612705230712891
0.002358675003051758
0.0018510818481445312
0.0027780532836914062
0.002616405487060547
0.002103567123413086
0.001697540283203125
0.0010533332824707031
0.0029397010803222656
0.002790689468383789
0.0009167194366455078
0.0017213821411132812
0.0011432170867919922
0.0013623237609863281
0.0012507438659667969
0.0013391971588134766
0.002719402313232422
0.0009453296661376953
0.0017657279968261719
0.0016617774963378906
0.0013720989227294922
0.0022041797637939453
0.001399993896484375
0.0028388500213623047
0.002656698226928711
0.0015265941619873047
0.0014891624450683594
0.0014426708221435547
0.0011179447174072266
0.0008344650268554688
0.002087831497192383
0.001705169677734375
0.0019969940185546875
0.0026633739471435547
0.002629518508911133
0.00177001953125
0.0020139217376708984
0.0025463104248046875
0.002368450164794922
0.0035779476165771484
0.0016863346099853516
0.0015680789947509766
0.0014188289642333984
0.002678394317626953
0.0026226043701171875
0.0021665096282958984
0.0012869834899902344
0.0007472038269042969
0.002688884735107422
0.002549409866333008
0.0014574527740478516
0.0015985965728759766
0.0025489330291748047
0.002153158187866211
0.0020439624786376953
0.0013320446014404297
0.002637624740600586
0.001773834228515625
0.002092599868774414
0.0019016265869140625
0.0015637874603271484
0.0013988018035888672
0.002669811248779297
0.002421140670776367
0.002330780029296875
0.0016143321990966797
0.001302957534790039
0.000949859619140625
