0.0025634765625
0.003298044204711914
0.0037407875061035156
0.0035867691040039062
0.0028197765350341797
0.003348112106323242
0.0008995532989501953
0.0023450851440429688
0.0022270679473876953
0.0019307136535644531
0.0028772354125976562
0.0021533966064453125
0.0025594234466552734
0.0024487972259521484
0.003714323043823242
0.003660917282104492
0.0009191036224365234
0.0010216236114501953
0.0009200572967529297
0.0030968189239501953
0.001912832260131836
0.0018749237060546875
0.004189729690551758
0.0037627220153808594
0.0031919479370117188
0.0016701221466064453
0.0007092952728271484
0.004316568374633789
0.0040493011474609375
0.0029087066650390625
0.002936840057373047
0.0007736682891845703
0.0010995864868164062
0.0009353160858154297
0.0020139217376708984
0.0032625198364257812
0.0025599002838134766
0.002514362335205078
0.00243377685546875
0.0027534961700439453
0.004892826080322266
0.0034759044647216797
0.00405120849609375
0.0038471221923828125
0.0030176639556884766
0.0018732547760009766
0.003286600112915039
0.00445103645324707
0.004206418991088867
0.0028662681579589844
0.0017404556274414062
0.0012176036834716797
0.0008080005645751953
0.0007421970367431641
0.0018472671508789062
0.0015850067138671875
0.0004374980926513672
0.0018000602722167969
0.0016317367553710938
0.0009062290191650391
0.0017833709716796875
0.00052642822265625
0.0026557445526123047
0.002447843551635742
0.0015919208526611328
0.00254058837890625
0.0005419254302978516
0.0020363330841064453
0.0019199848175048828
0.0016443729400634766
0.0018992424011230469
0.0014545917510986328
0.004403829574584961
0.0040493011474609375
0.002713918685913086
0.0030121803283691406
0.0025076866149902344
0.003588438034057617
0.003448009490966797
0.002659320831298828
0.002328157424926758
0.0013480186462402344
0.0011839866638183594
0.0010542869567871094
0.0019347667694091797
0.002154827117919922
0.0013020038604736328
0.0009403228759765625
0.0008635520935058594
0.0019192695617675781
0.0033419132232666016
0.0006196498870849609
0.0023462772369384766
0.002237558364868164
0.0018830299377441406
0.002893209457397461
0.0011973381042480469
0.0034945011138916016
0.0033066272735595703
0.002308368682861328
0.0018947124481201172
0.0008871555328369141
0.002321004867553711
0.0020608901977539062
0.0030121803283691406
0.0021293163299560547
0.0025603771209716797
0.0037305355072021484
0.0035779476165771484
0.002391815185546875
0.0026276111602783203
0.004012584686279297
0.003123044967651367
0.004042387008666992
0.0022058486938476562
0.001917123794555664
0.0016560554504394531
0.003556489944458008
0.003376007080078125
0.0025217533111572266
0.0017673969268798828
0.0011556148529052734
0.0008828639984130859
0.0008013248443603516
0.0019426345825195312
0.002080678939819336
0.0019664764404296875
0.0010342597961425781
0.0010142326354980469
0.00199127197265625
0.002249479293823242
0.0005886554718017578
0.002331972122192383
0.0021300315856933594
0.001913309097290039
0.0017979145050048828
0.0034079551696777344
0.0009281635284423828
0.0009317398071289062
0.0019719600677490234
0.0016965866088867188
0.0007126331329345703
