0.0032455921173095703
0.001973390579223633
0.0023469924926757812
0.0022470951080322266
0.0028259754180908203
0.002250194549560547
0.0029845237731933594
0.0034334659576416016
0.0032830238342285156
0.002465963363647461
0.0031461715698242188
0.0011563301086425781
0.0021522045135498047
0.002038240432739258
0.0017499923706054688
0.0025610923767089844
0.0019588470458984375
0.0023589134216308594
0.0022432804107666016
0.0034360885620117188
0.0033769607543945312
0.0014548301696777344
0.0022335052490234375
0.0020897388458251953
0.002805948257446289
0.0017845630645751953
0.002162456512451172
0.0040132999420166016
0.0035858154296875
0.0029070377349853516
0.001538991928100586
0.001028299331665039
0.003936767578125
0.0036907196044921875
0.0025894641876220703
0.002729177474975586
0.0016968250274658203
0.002057313919067383
0.00185394287109375
0.0018191337585449219
0.003072977066040039
0.00078582763671875
0.0022649765014648438
0.0021910667419433594
0.0024847984313964844
0.004619121551513672
0.003269672393798828
0.0037484169006347656
0.0035457611083984375
0.0026307106018066406
0.001743316650390625
0.003095865249633789
0.004147529602050781
0.00390625
0.002544879913330078
0.0015668869018554688
0.0014624595642089844
0.0016074180603027344
0.0014984607696533203
0.0016541481018066406
0.0014743804931640625
0.0006585121154785156
0.0006563663482666016
0.0005793571472167969
0.0014071464538574219
0.0016703605651855469
0.0007915496826171875
0.0024709701538085938
0.002264261245727539
0.001440286636352539
0.002381563186645508
0.0006995201110839844
0.0007679462432861328
0.0006940364837646484
0.0014772415161132812
0.0017707347869873047
0.0012340545654296875
0.00415492057800293
0.003802776336669922
0.0023436546325683594
0.002780914306640625
0.002295970916748047
0.003290891647338867
0.003141164779663086
0.0024328231811523438
0.0021228790283203125
0.0012183189392089844
0.0009305477142333984
0.0008416175842285156
0.0016891956329345703
0.002020120620727539
0.0008397102355957031
0.0020592212677001953
0.0020139217376708984
0.0017337799072265625
0.0031461715698242188
0.0007994174957275391
0.0021550655364990234
0.002048015594482422
0.0016977787017822266
0.002625703811645508
0.002604246139526367
0.0032944679260253906
0.0031058788299560547
0.0020253658294677734
0.0017664432525634766
0.0011997222900390625
0.0017702579498291016
0.0014908313751220703
0.002579927444458008
0.001997232437133789
0.002415180206298828
0.0034248828887939453
0.003271341323852539
0.0021674633026123047
0.0024361610412597656
0.0019156932830810547
0.0029256343841552734
0.003887653350830078
0.002012968063354492
0.0018062591552734375
0.0008609294891357422
0.003311634063720703
0.003130197525024414
0.002393007278442383
0.0016334056854248047
0.0014765262603759766
0.0024161338806152344
0.0023813247680664062
0.0017781257629394531
0.0019276142120361328
0.0021626949310302734
0.0014579296112060547
0.0013511180877685547
0.0017387866973876953
0.0027718544006347656
0.0019297599792480469
0.0024945735931396484
0.0022881031036376953
0.002067089080810547
0.0016701221466064453
0.0032036304473876953
0.001369476318359375
0.0012769699096679688
0.0017879009246826172
0.0015721321105957031
0.0008356571197509766
