0.0009665489196777344
0.0013997554779052734
0.000911712646484375
0.0011088848114013672
0.0011963844299316406
0.0011360645294189453
0.0023229122161865234
0.0014064311981201172
0.0015139579772949219
0.0009405612945556641
0.0008881092071533203
0.0016775131225585938
0.0004627704620361328
0.0010714530944824219
0.0009062290191650391
0.0012912750244140625
0.0005548000335693359
0.0014667510986328125
0.0009343624114990234
0.0012006759643554688
0.0011200904846191406
0.0010745525360107422
0.002082347869873047
0.0013632774353027344
0.0016543865203857422
0.001634359359741211
0.0019571781158447266
0.001842498779296875
0.0020601749420166016
0.0024645328521728516
0.0023474693298339844
0.00159454345703125
0.002521038055419922
0.001367330551147461
0.0015499591827392578
0.0014595985412597656
0.001256704330444336
0.0019023418426513672
0.001424551010131836
0.0018837451934814453
0.0017910003662109375
0.002622365951538086
0.0024001598358154297
0.0017349720001220703
0.0013375282287597656
0.0012307167053222656
0.0018322467803955078
0.001382589340209961
0.0024454593658447266
0.0032248497009277344
0.0028870105743408203
0.0020668506622314453
0.001928091049194336
0.0020139217376708984
0.002950429916381836
0.0027434825897216797
0.0018382072448730469
0.002011537551879883
0.0011675357818603516
0.0013148784637451172
0.0011379718780517578
0.0012683868408203125
0.0024361610412597656
0.0013000965118408203
0.0015294551849365234
0.0015239715576171875
0.0017299652099609375
0.003725290298461914
0.0023636817932128906
0.0025877952575683594
0.0025870800018310547
0.002190113067626953
0.0013270378112792969
0.0022618770599365234
0.0030579566955566406
0.002850055694580078
0.0017905235290527344
0.001317739486694336
0.0005791187286376953
0.0018229484558105469
0.001737356185913086
0.0011680126190185547
0.0011179447174072266
0.0008654594421386719
0.0011258125305175781
0.000978708267211914
0.0011153221130371094
0.0013065338134765625
0.0011098384857177734
0.0013685226440429688
0.0011875629425048828
0.0009546279907226562
0.0018742084503173828
0.0010437965393066406
0.0012447834014892578
0.0011510848999023438
0.0010495185852050781
0.0013594627380371094
0.0018923282623291016
0.0033440589904785156
0.0030319690704345703
0.0012431144714355469
0.0022292137145996094
0.0015990734100341797
0.002405405044555664
0.002310514450073242
0.0019369125366210938
0.001495361328125
0.001623392105102539
0.0027463436126708984
0.002616405487060547
0.0012059211730957031
0.0015845298767089844
0.0010075569152832031
0.0011560916900634766
0.0010716915130615234
0.0011746883392333984
0.0025146007537841797
0.0012454986572265625
0.0015451908111572266
0.0014598369598388672
0.0012068748474121094
0.002008199691772461
0.0016372203826904297
0.0011894702911376953
0.0011363029479980469
0.0012781620025634766
0.0013566017150878906
0.0016126632690429688
0.0009090900421142578
0.0006740093231201172
0.0016102790832519531
0.001566171646118164
0.0017452239990234375
0.002312898635864258
0.0021924972534179688
0.0015633106231689453
0.0018148422241210938
0.002268552780151367
0.002069711685180664
0.0034232139587402344
0.0014216899871826172
0.0014536380767822266
0.001857757568359375
0.0023207664489746094
0.002199888229370117
0.001886606216430664
0.0020346641540527344
0.0019865036010742188
0.0013780593872070312
0.0012865066528320312
0.0012865066528320312
0.0014414787292480469
0.0023589134216308594
0.0016338825225830078
0.0015528202056884766
0.0011723041534423828
0.0018954277038574219
0.0007665157318115234
0.0013451576232910156
0.001157999038696289
0.0013377666473388672
0.002058744430541992
0.0023980140686035156
0.001537322998046875
0.0014705657958984375
0.0012292861938476562
0.0011725425720214844
0.0012140274047851562
