0.012118101119995117
0.005288362503051758
0.006580352783203125
0.01284027099609375
0.012833356857299805
0.014125347137451172
0.029806137084960938
0.023291587829589844
0.023268699645996094
0.018628835678100586
0.006115436553955078
0.01011347770690918
0.008669137954711914
0.008536338806152344
0.01830291748046875
0.025301456451416016
0.014003276824951172
0.011274099349975586
0.013548612594604492
0.01672077178955078
0.01415705680847168
0.02245020866394043
0.010784149169921875
0.016871929168701172
0.012089014053344727
0.011803865432739258
0.0235898494720459
0.0167694091796875
0.015384197235107422
0.014036178588867188
0.014559268951416016
0.014337778091430664
0.015588045120239258
0.009552001953125
0.01797318458557129
0.014379024505615234
0.005326271057128906
0.006403446197509766
0.0072841644287109375
0.006186485290527344
0.0062754154205322266
0.0072591304779052734
0.007211446762084961
0.006605386734008789
0.0063703060150146484
0.0064694881439208984
0.005602836608886719
0.0072214603424072266
0.007494449615478516
0.008254289627075195
0.008636951446533203
0.004135847091674805
0.010586738586425781
0.010167598724365234
0.0058612823486328125
0.007203817367553711
0.005653858184814453
0.0053098201751708984
0.006311655044555664
0.009154796600341797
0.007611751556396484
0.005089759826660156
0.004640102386474609
0.008288145065307617
0.00780177116394043
0.010481834411621094
0.0045166015625
0.006574869155883789
0.008481740951538086
0.007610797882080078
0.006317853927612305
0.004846334457397461
0.007550239562988281
0.01092982292175293
0.0089874267578125
0.010485649108886719
0.0037462711334228516
0.008935213088989258
0.008967161178588867
0.010181188583374023
0.007393836975097656
0.004577159881591797
0.010261297225952148
0.009540557861328125
0.007060050964355469
0.009896993637084961
0.005532741546630859
0.013150930404663086
0.005693197250366211
0.008654594421386719
0.012024164199829102
0.006925821304321289
0.00870370864868164
0.009366273880004883
0.005116462707519531
0.0075778961181640625
0.0042724609375
0.004759550094604492
0.007224321365356445
0.0053484439849853516
0.007662534713745117
0.005586862564086914
0.011149406433105469
0.009142637252807617
0.00853586196899414
0.008210420608520508
0.005220174789428711
0.009110212326049805
0.006516695022583008
0.00634312629699707
0.005803346633911133
0.006891965866088867
0.007745981216430664
0.006140947341918945
0.009040355682373047
0.009165287017822266
0.004985332489013672
0.006444454193115234
0.006062746047973633
0.005924701690673828
0.006186485290527344
0.005505084991455078
0.007220029830932617
0.009989023208618164
0.0062427520751953125
0.006913900375366211
0.005530118942260742
0.005033254623413086
0.009711742401123047
0.010028362274169922
0.005322456359863281
0.0034008026123046875
0.006890535354614258
0.011541128158569336
0.0047566890716552734
0.0050733089447021484
0.009040355682373047
0.009035110473632812
0.007842779159545898
0.003450632095336914
0.004052639007568359
