1.024221658706665
1.0239694118499756
1.0237126350402832
1.0253243446350098
1.0250167846679688
0.010148763656616211
0.011129617691040039
0.016305923461914062
0.013705015182495117
0.013160943984985352
0.012984037399291992
0.01328277587890625
0.009799718856811523
0.009586811065673828
0.011360645294189453
0.012761592864990234
0.015047073364257812
0.010167121887207031
0.00831747055053711
0.00791311264038086
0.009661674499511719
0.009685516357421875
0.009344339370727539
0.012139558792114258
0.007193088531494141
0.009908437728881836
0.0072329044342041016
0.0068209171295166016
0.0071489810943603516
0.007956981658935547
0.004586696624755859
0.005676984786987305
0.006499052047729492
0.007075071334838867
0.005530834197998047
0.004599332809448242
0.005959510803222656
0.0036246776580810547
0.003831148147583008
0.0029990673065185547
0.005839824676513672
0.005326271057128906
0.005221128463745117
0.004792928695678711
0.003852367401123047
0.002676725387573242
0.009079933166503906
0.008961200714111328
0.008546113967895508
0.006257057189941406
0.0038483142852783203
0.007692575454711914
0.005347490310668945
0.006388664245605469
0.006853580474853516
0.004122734069824219
0.008303403854370117
0.0066149234771728516
0.005823373794555664
0.004533052444458008
0.0036144256591796875
0.004658222198486328
0.0030319690704345703
0.010746955871582031
0.005018711090087891
0.0026886463165283203
0.009166240692138672
0.005778074264526367
0.007080554962158203
0.005260944366455078
0.0030078887939453125
0.005755424499511719
0.004148244857788086
0.007961034774780273
0.005402803421020508
0.0029997825622558594
0.0037796497344970703
0.005678653717041016
0.006824493408203125
0.00516819953918457
0.006623506546020508
0.004746913909912109
0.003420591354370117
0.005197048187255859
0.004058122634887695
0.0028400421142578125
0.005633115768432617
0.008189678192138672
0.006446123123168945
0.007164955139160156
0.002413511276245117
0.005417585372924805
0.003669261932373047
0.005887746810913086
0.004661083221435547
0.0025408267974853516
0.009710311889648438
0.004513978958129883
0.0046844482421875
0.005854129791259766
0.006737470626831055
0.004175662994384766
0.0047876834869384766
0.007077932357788086
0.009333372116088867
0.002671480178833008
0.00803995132446289
0.008330821990966797
0.007086992263793945
0.009374856948852539
0.002791881561279297
0.006972789764404297
0.006665468215942383
0.006309986114501953
0.006015777587890625
0.002693653106689453
0.0027222633361816406
0.007693767547607422
0.0071582794189453125
0.0027985572814941406
0.006560564041137695
0.004446268081665039
0.004252910614013672
0.003103971481323242
0.0039463043212890625
0.002776622772216797
0.003335237503051758
0.0026636123657226562
0.0041582584381103516
