0.9782276153564453
0.9738588333129883
0.0073146820068359375
0.00803995132446289
0.007317543029785156
0.008704185485839844
0.009539127349853516
0.01975226402282715
0.011696815490722656
0.012953042984008789
0.008519411087036133
0.00741887092590332
0.007372379302978516
0.029941558837890625
0.023082494735717773
0.010003089904785156
0.010532140731811523
0.012028932571411133
0.011800289154052734
0.015634775161743164
0.01717519760131836
0.014215469360351562
0.012262582778930664
0.010424375534057617
0.011198759078979492
0.007628440856933594
0.012583017349243164
0.015367269515991211
0.018194198608398438
0.019739151000976562
0.009705305099487305
0.019459009170532227
0.01080465316772461
0.009719133377075195
0.013324737548828125
0.003772258758544922
0.0073506832122802734
0.005543947219848633
0.005046367645263672
0.00543212890625
0.0038590431213378906
0.006711721420288086
0.005942344665527344
0.005696535110473633
0.006525278091430664
0.006423234939575195
0.005410432815551758
0.0055963993072509766
0.0028667449951171875
0.007183551788330078
0.004419803619384766
0.00396728515625
0.002582550048828125
0.0069789886474609375
0.006197214126586914
0.005604982376098633
0.007211446762084961
0.008798599243164062
0.0076541900634765625
0.008559465408325195
0.006318807601928711
0.005547523498535156
0.008650541305541992
0.007384300231933594
0.008179187774658203
0.004767179489135742
0.008434295654296875
0.005961894989013672
0.008026599884033203
0.005639553070068359
0.002954244613647461
0.010566234588623047
0.006040096282958984
0.005192995071411133
0.00980234146118164
0.006386280059814453
0.008484840393066406
0.006398916244506836
0.0069925785064697266
0.0059278011322021484
0.004151582717895508
0.005212545394897461
0.007185220718383789
0.007260799407958984
0.009172201156616211
0.005968809127807617
0.0057370662689208984
0.0069713592529296875
0.004426002502441406
0.011399984359741211
0.0075833797454833984
0.007727861404418945
0.008719205856323242
0.004773855209350586
0.003928184509277344
0.006875276565551758
0.009183406829833984
0.0064029693603515625
0.006407976150512695
0.006360292434692383
0.007025480270385742
0.005984306335449219
0.006577253341674805
0.00935983657836914
0.009192705154418945
0.0048754215240478516
0.009631633758544922
0.008519887924194336
0.005422830581665039
0.005170583724975586
0.006588935852050781
0.008078336715698242
0.006017446517944336
0.019067049026489258
0.018683195114135742
0.004898548126220703
0.005281209945678711
0.0060291290283203125
0.005150556564331055
0.004786252975463867
0.0033109188079833984
0.0047190189361572266
0.0081024169921875
0.010074138641357422
0.007653236389160156
0.005961418151855469
0.004078865051269531
0.005162239074707031
0.007384061813354492
0.005175113677978516
0.009446144104003906
0.004196882247924805
0.008994817733764648
0.007196903228759766
0.0036432743072509766
0.008877992630004883
0.003399372100830078
0.003442049026489258
0.0054895877838134766
0.004221439361572266
