1.009997844696045
0.0040395259857177734
0.012737512588500977
0.018881797790527344
0.016123056411743164
0.01528787612915039
0.01208949089050293
0.021227598190307617
0.02511143684387207
0.020486116409301758
0.03194856643676758
0.019958972930908203
0.026410818099975586
0.021581649780273438
0.018884658813476562
0.020022153854370117
0.018799304962158203
0.01939868927001953
0.013698101043701172
0.018948793411254883
0.026743412017822266
0.026749610900878906
0.00910186767578125
0.02049565315246582
0.02195286750793457
0.01370692253112793
0.021074533462524414
0.009081125259399414
0.029304981231689453
0.02416062355041504
0.03138256072998047
0.018604516983032227
0.006559133529663086
0.009889364242553711
0.012235164642333984
0.014377593994140625
0.022783517837524414
0.004126787185668945
0.013788223266601562
0.01105952262878418
0.00654911994934082
0.007018566131591797
0.004824399948120117
0.004800319671630859
0.0053975582122802734
0.006516933441162109
0.00684046745300293
0.0045166015625
0.009924888610839844
0.00821828842163086
0.007706880569458008
0.008476972579956055
0.006763935089111328
0.006803989410400391
0.009674072265625
0.004108428955078125
0.007814407348632812
0.004593372344970703
0.00638890266418457
0.008954286575317383
0.008837461471557617
0.008806705474853516
0.0031805038452148438
0.009119272232055664
0.011490821838378906
0.0068836212158203125
0.006796121597290039
0.008480072021484375
0.0055501461029052734
0.008499860763549805
0.005640983581542969
0.009870052337646484
0.006500720977783203
0.0054781436920166016
0.009579896926879883
0.007686138153076172
0.007893800735473633
0.004721403121948242
0.0074694156646728516
0.01104736328125
0.0038995742797851562
0.00465846061706543
0.0056383609771728516
0.008072376251220703
0.009641885757446289
0.008258819580078125
0.008905172348022461
0.004208087921142578
0.0045506954193115234
0.008247613906860352
0.009664058685302734
0.009733438491821289
0.004850149154663086
0.006926536560058594
0.005995035171508789
0.004368305206298828
0.005952596664428711
0.005420684814453125
0.006729602813720703
0.010344982147216797
0.004851341247558594
0.0058591365814208984
0.004217624664306641
0.0072612762451171875
0.009743928909301758
0.005960702896118164
0.00595402717590332
0.0042572021484375
0.005148649215698242
0.009043455123901367
0.013828039169311523
0.01610112190246582
0.004598140716552734
0.006562709808349609
0.011857271194458008
0.005768299102783203
0.007169961929321289
0.007063865661621094
0.004822731018066406
0.005578041076660156
0.008774280548095703
0.008913278579711914
0.005377769470214844
0.009424209594726562
0.009983301162719727
0.004655361175537109
0.004828214645385742
0.0073316097259521484
0.0056307315826416016
0.008465766906738281
0.009260892868041992
0.0053331851959228516
0.00547027587890625
0.00626683235168457
0.006430387496948242
0.006123542785644531
0.0037813186645507812
0.004951000213623047
0.005364418029785156
0.0056629180908203125
0.0067217350006103516
0.005392789840698242
0.006649494171142578
0.005865573883056641
