0.9931042194366455
0.0057373046875
0.006379365921020508
0.00930333137512207
0.01244497299194336
0.012586832046508789
0.00914144515991211
0.014010906219482422
0.028252840042114258
0.028693437576293945
0.02353692054748535
0.005036115646362305
0.010201692581176758
0.011943817138671875
0.013691902160644531
0.014453411102294922
0.02110743522644043
0.009892702102661133
0.013832807540893555
0.012110710144042969
0.01857304573059082
0.016619205474853516
0.024879932403564453
0.015686750411987305
0.014247655868530273
0.011696100234985352
0.011566400527954102
0.026539325714111328
0.017734766006469727
0.015888214111328125
0.0191957950592041
0.0187985897064209
0.004991292953491211
0.022362947463989258
0.013828516006469727
0.013892650604248047
0.014636993408203125
0.003914356231689453
0.0084991455078125
0.008146047592163086
0.005999565124511719
0.005933523178100586
0.0063970088958740234
0.005772829055786133
0.007096529006958008
0.006663322448730469
0.006765842437744141
0.004910707473754883
0.006789684295654297
0.006517648696899414
0.009717702865600586
0.008781909942626953
0.00551915168762207
0.008582592010498047
0.00862431526184082
0.00580286979675293
0.008245706558227539
0.004488706588745117
0.005613803863525391
0.006043910980224609
0.005627632141113281
0.009187936782836914
0.004904985427856445
0.0070133209228515625
0.009914636611938477
0.005367755889892578
0.006096839904785156
0.0054798126220703125
0.00866389274597168
0.007008552551269531
0.011023521423339844
0.010591983795166016
0.006567955017089844
0.010937929153442383
0.007284879684448242
0.00867152214050293
0.011990070343017578
0.0056798458099365234
0.010886430740356445
0.009297609329223633
0.005494356155395508
0.009574413299560547
0.0052337646484375
0.008298158645629883
0.007790327072143555
0.0074579715728759766
0.005870819091796875
0.00656580924987793
0.006996870040893555
0.008945703506469727
0.006433248519897461
0.00673365592956543
0.004098415374755859
0.0077056884765625
0.009592294692993164
0.00570988655090332
0.005502939224243164
0.004624843597412109
0.010116338729858398
0.004981517791748047
0.004847288131713867
0.009792089462280273
0.00427556037902832
0.0094757080078125
0.010207176208496094
0.005358695983886719
0.0076906681060791016
0.005385398864746094
0.006001710891723633
0.009546995162963867
0.011390924453735352
0.007599592208862305
0.006951332092285156
0.006168842315673828
0.0118255615234375
0.004294872283935547
0.008618593215942383
0.005229949951171875
0.006814241409301758
0.007153034210205078
0.004490375518798828
0.0052301883697509766
0.00558781623840332
0.007490634918212891
0.007573127746582031
0.0048830509185791016
0.004878520965576172
0.0068857669830322266
0.0057218074798583984
0.005790233612060547
0.007956266403198242
0.005785942077636719
0.005842685699462891
0.0059299468994140625
0.006711244583129883
0.005806922912597656
0.0033655166625976562
0.006702423095703125
0.008685111999511719
0.005883932113647461
0.0048525333404541016
0.0037796497344970703
0.00572967529296875
0.005663871765136719
