1.0198006629943848
1.0205707550048828
1.0202665328979492
0.0030775070190429688
0.02689838409423828
0.030608177185058594
0.031150102615356445
0.009599924087524414
0.007759809494018555
0.01289677619934082
0.011695623397827148
0.010203123092651367
0.01415705680847168
0.014157295227050781
0.017055034637451172
0.019925832748413086
0.015754222869873047
0.01572561264038086
0.0155181884765625
0.020319223403930664
0.010525703430175781
0.010958671569824219
0.014299869537353516
0.01179361343383789
0.01730966567993164
0.01081228256225586
0.011349201202392578
0.012368202209472656
0.011462926864624023
0.005921602249145508
0.012766361236572266
0.010706424713134766
0.0069141387939453125
0.009341239929199219
0.004053592681884766
0.007927656173706055
0.008325815200805664
0.006058692932128906
0.006955146789550781
0.00311279296875
0.005509376525878906
0.008605480194091797
0.0048825740814208984
0.009169816970825195
0.005480051040649414
0.006142377853393555
0.01081395149230957
0.010045766830444336
0.0057833194732666016
0.002928495407104492
0.004577159881591797
0.008713960647583008
0.007856130599975586
0.006365299224853516
0.0038747787475585938
0.006561756134033203
0.008383750915527344
0.0053102970123291016
0.004836082458496094
0.0051114559173583984
0.005354404449462891
0.0062711238861083984
0.007360935211181641
0.006645917892456055
0.004179477691650391
0.00612640380859375
0.008052349090576172
0.005961418151855469
0.006101131439208984
0.004915714263916016
0.006151437759399414
0.0071027278900146484
0.0070095062255859375
0.008878946304321289
0.0030062198638916016
0.00833892822265625
0.007758378982543945
0.005743741989135742
0.006093502044677734
0.00481414794921875
0.005391597747802734
0.007688045501708984
0.0051136016845703125
0.00504302978515625
0.008026838302612305
0.005015134811401367
0.00477910041809082
0.004496574401855469
0.006161928176879883
0.0076427459716796875
0.004937171936035156
0.006877422332763672
0.005674123764038086
0.00589752197265625
0.0023355484008789062
0.005818367004394531
0.0055234432220458984
0.0068073272705078125
0.0055882930755615234
0.004126071929931641
0.006208896636962891
0.00549006462097168
0.0049228668212890625
0.008432149887084961
0.005416154861450195
0.006943225860595703
0.004706621170043945
0.004045724868774414
0.006308078765869141
0.005297183990478516
0.00850534439086914
0.007076740264892578
0.007252693176269531
0.005615234375
0.002826213836669922
0.004862070083618164
0.007493734359741211
0.00638127326965332
0.006426572799682617
0.0029451847076416016
0.0029239654541015625
0.0040187835693359375
0.008946418762207031
0.003109455108642578
0.0027081966400146484
0.005708217620849609
0.00679326057434082
0.0025873184204101562
0.002685546875
0.0073926448822021484
0.002700328826904297
0.0027108192443847656
0.005528450012207031
