0.9913125038146973
0.9905080795288086
0.015754222869873047
0.015175342559814453
0.0034987926483154297
0.020264148712158203
0.019800186157226562
0.016290664672851562
0.006330251693725586
0.003531217575073242
0.007423877716064453
0.008544445037841797
0.011658430099487305
0.031194210052490234
0.005888700485229492
0.010716915130615234
0.011476516723632812
0.015413522720336914
0.015001535415649414
0.015047073364257812
0.011661529541015625
0.012848615646362305
0.010920286178588867
0.015822887420654297
0.011135339736938477
0.011267662048339844
0.012995243072509766
0.013199329376220703
0.016121387481689453
0.0187075138092041
0.021126747131347656
0.015007734298706055
0.015511751174926758
0.014245748519897461
0.015335798263549805
0.004888296127319336
0.007142543792724609
0.0074045658111572266
0.007269144058227539
0.009982824325561523
0.005650997161865234
0.0067081451416015625
0.005573749542236328
0.008735895156860352
0.011921882629394531
0.005405426025390625
0.00639796257019043
0.00665593147277832
0.0068204402923583984
0.007896184921264648
0.0050885677337646484
0.010641336441040039
0.006145954132080078
0.005998373031616211
0.010078191757202148
0.004083871841430664
0.00728297233581543
0.0074002742767333984
0.00843358039855957
0.0078887939453125
0.00433659553527832
0.005692958831787109
0.008592844009399414
0.008185386657714844
0.009172201156616211
0.00516200065612793
0.00787210464477539
0.006524562835693359
0.0064640045166015625
0.006060361862182617
0.005170583724975586
0.006232261657714844
0.007600307464599609
0.00618743896484375
0.009938955307006836
0.0049779415130615234
0.0066373348236083984
0.0061757564544677734
0.008890628814697266
0.005664825439453125
0.005239725112915039
0.0062389373779296875
0.00764775276184082
0.00659942626953125
0.006779670715332031
0.006506443023681641
0.008213281631469727
0.005257368087768555
0.00649571418762207
0.0066492557525634766
0.004703998565673828
0.008141040802001953
0.00747370719909668
0.006668567657470703
0.0044748783111572266
0.005507230758666992
0.007382631301879883
0.007637739181518555
0.0069391727447509766
0.007409572601318359
0.0045511722564697266
0.00567936897277832
0.009247064590454102
0.005704641342163086
0.004758358001708984
0.002579927444458008
0.00469517707824707
0.0076482295989990234
0.004839420318603516
0.0047872066497802734
0.004427194595336914
0.007936239242553711
0.00671076774597168
0.009808778762817383
0.011806964874267578
0.003947257995605469
0.006058454513549805
0.0055084228515625
0.003854990005493164
0.007214784622192383
0.0033855438232421875
0.00955963134765625
0.008584976196289062
0.0037720203399658203
0.005788564682006836
0.0037784576416015625
0.004894733428955078
0.004628658294677734
0.009212493896484375
0.004994630813598633
0.006543636322021484
0.003767728805541992
0.006715536117553711
0.003118753433227539
0.0033006668090820312
0.005479335784912109
0.0030107498168945312
0.007700204849243164
0.0035927295684814453
