0.8917632102966309
0.8907411098480225
0.8899497985839844
0.8641014099121094
0.0029997825622558594
0.011073112487792969
0.018687009811401367
0.019566774368286133
0.009201288223266602
0.010050773620605469
0.012576103210449219
0.01016688346862793
0.010725975036621094
0.010399103164672852
0.012767553329467773
0.012063264846801758
0.011487245559692383
0.012674331665039062
0.011845588684082031
0.013410329818725586
0.009979963302612305
0.01179814338684082
0.00998377799987793
0.013758182525634766
0.018282175064086914
0.012803792953491211
0.009472131729125977
0.008619070053100586
0.008759498596191406
0.01430511474609375
0.0027201175689697266
0.009479522705078125
0.015472173690795898
0.005665779113769531
0.008298635482788086
0.004788637161254883
0.007811307907104492
0.006094455718994141
0.005810976028442383
0.005816936492919922
0.007971763610839844
0.0072438716888427734
0.0066721439361572266
0.006563901901245117
0.007864713668823242
0.004370927810668945
0.008815288543701172
0.01030111312866211
0.005698204040527344
0.007035970687866211
0.0032455921173095703
0.004843473434448242
0.007369518280029297
0.005944252014160156
0.005461931228637695
0.003920316696166992
0.0067327022552490234
0.0065898895263671875
0.0060427188873291016
0.0066738128662109375
0.006469249725341797
0.009976863861083984
0.006154775619506836
0.006117582321166992
0.007965326309204102
0.003618478775024414
0.007990360260009766
0.007113218307495117
0.005767345428466797
0.0056362152099609375
0.00400233268737793
0.009597063064575195
0.006008148193359375
0.004895925521850586
0.0072171688079833984
0.0036864280700683594
0.00796961784362793
0.008116722106933594
0.005502462387084961
0.006621360778808594
0.004276752471923828
0.006633758544921875
0.009785652160644531
0.005572795867919922
0.0067369937896728516
0.002807140350341797
0.005509138107299805
0.006820201873779297
0.007188558578491211
0.008815765380859375
0.003100156784057617
0.007699728012084961
0.005002737045288086
0.007494211196899414
0.005766153335571289
0.003583192825317383
0.005686283111572266
0.008975982666015625
0.0071370601654052734
0.005041360855102539
0.004459381103515625
0.0062901973724365234
0.00884866714477539
0.005672931671142578
0.003996610641479492
0.00415349006652832
0.006413698196411133
0.0050678253173828125
0.004968166351318359
0.007262706756591797
0.0046844482421875
0.0046803951263427734
0.008731842041015625
0.005856752395629883
0.00668025016784668
0.0027239322662353516
0.005514860153198242
0.007845401763916016
0.004457235336303711
0.008406400680541992
0.004578590393066406
0.00505375862121582
0.005614519119262695
0.00650334358215332
0.005448102951049805
0.0029053688049316406
0.004595518112182617
0.005339860916137695
0.003715991973876953
0.009799480438232422
0.0029540061950683594
0.0026373863220214844
0.006547212600708008
0.0029718875885009766
