0.8978655338287354
0.8725078105926514
0.8702113628387451
0.8110799789428711
0.7947986125946045
0.01596236228942871
0.011263847351074219
0.01387643814086914
0.01355290412902832
0.013786077499389648
0.00887441635131836
0.016863107681274414
0.013783454895019531
0.017776966094970703
0.017783403396606445
0.012108802795410156
0.018345355987548828
0.012581348419189453
0.0093536376953125
0.011226892471313477
0.012238264083862305
0.015408515930175781
0.01258540153503418
0.01286935806274414
0.012230873107910156
0.017813682556152344
0.0071086883544921875
0.005295991897583008
0.007907390594482422
0.007670879364013672
0.008922576904296875
0.007005929946899414
0.006733894348144531
0.0058956146240234375
0.007691144943237305
0.00790095329284668
0.0074198246002197266
0.0062351226806640625
0.005765199661254883
0.0049591064453125
0.0028600692749023438
0.0044939517974853516
0.00558018684387207
0.005704402923583984
0.007404804229736328
0.0028967857360839844
0.0074481964111328125
0.006143808364868164
0.004873514175415039
0.010296106338500977
0.003180265426635742
0.008063554763793945
0.0055637359619140625
0.006302833557128906
0.005126953125
0.005479335784912109
0.0053369998931884766
0.008130311965942383
0.0050466060638427734
0.005488157272338867
0.0036783218383789062
0.0063016414642333984
0.005444049835205078
0.007672548294067383
0.009401321411132812
0.004548311233520508
0.008893251419067383
0.006361484527587891
0.007403373718261719
0.0070343017578125
0.005395174026489258
0.006157636642456055
0.005304574966430664
0.007368564605712891
0.0053102970123291016
0.004708051681518555
0.00501704216003418
0.010179996490478516
0.008353471755981445
0.007636308670043945
0.002550363540649414
0.004737377166748047
0.006201982498168945
0.005753278732299805
0.005182743072509766
0.0026941299438476562
0.006383657455444336
0.0079498291015625
0.006420135498046875
0.002668619155883789
0.0033750534057617188
0.006590127944946289
0.004293203353881836
0.006028175354003906
0.002966165542602539
0.008360862731933594
0.003180980682373047
0.004927158355712891
0.004987478256225586
0.005010366439819336
0.002836465835571289
0.007580995559692383
0.00669097900390625
0.005288362503051758
0.008285999298095703
0.0028247833251953125
0.006528615951538086
0.0061492919921875
0.004091501235961914
0.004876613616943359
0.002673625946044922
0.004549264907836914
0.005182504653930664
0.005546092987060547
0.005712032318115234
0.003971099853515625
0.0033206939697265625
0.005343914031982422
0.008875846862792969
0.002882242202758789
0.002664804458618164
0.0063741207122802734
0.004388332366943359
0.002721548080444336
0.0027146339416503906
0.0025289058685302734
0.006499290466308594
0.0025811195373535156
0.002696514129638672
