0.9349880218505859
0.9341459274291992
0.9192914962768555
0.005540132522583008
0.012250185012817383
0.012111186981201172
0.0030002593994140625
0.00706934928894043
0.010228395462036133
0.017084598541259766
0.010558605194091797
0.03984785079956055
0.009680986404418945
0.011664867401123047
0.013259649276733398
0.013018369674682617
0.012865066528320312
0.012640714645385742
0.020666837692260742
0.0171658992767334
0.007407188415527344
0.017920970916748047
0.016389846801757812
0.013797760009765625
0.013889312744140625
0.014531850814819336
0.016377925872802734
0.016266345977783203
0.012131452560424805
0.012319803237915039
0.010011434555053711
0.017555952072143555
0.017461538314819336
0.004410743713378906
0.007067441940307617
0.007544279098510742
0.008429288864135742
0.007203102111816406
0.004135608673095703
0.00715947151184082
0.005982875823974609
0.005276679992675781
0.007927179336547852
0.0029573440551757812
0.007598400115966797
0.00766444206237793
0.007229328155517578
0.007978677749633789
0.003507375717163086
0.005722522735595703
0.00788569450378418
0.008332252502441406
0.005101442337036133
0.005729198455810547
0.004766702651977539
0.009254932403564453
0.005341053009033203
0.0027191638946533203
0.0037050247192382812
0.005829811096191406
0.0069179534912109375
0.007176637649536133
0.0072748661041259766
0.0032231807708740234
0.00783395767211914
0.0063440799713134766
0.008192300796508789
0.0077610015869140625
0.004207611083984375
0.004943370819091797
0.008000612258911133
0.004467010498046875
0.0059795379638671875
0.005765438079833984
0.006245136260986328
0.009891510009765625
0.004735708236694336
0.00478816032409668
0.002750396728515625
0.006255626678466797
0.00536656379699707
0.0046727657318115234
0.007892608642578125
0.0047109127044677734
0.0075054168701171875
0.005705595016479492
0.0077190399169921875
0.008522510528564453
0.0032453536987304688
0.00940084457397461
0.0061931610107421875
0.007612943649291992
0.005496025085449219
0.003243684768676758
0.0062296390533447266
0.0061473846435546875
0.008460044860839844
0.00790858268737793
0.005927562713623047
0.0044727325439453125
0.007380485534667969
0.006924867630004883
0.006878376007080078
0.005728006362915039
0.0077495574951171875
0.006076335906982422
0.004932403564453125
0.005156517028808594
0.004148960113525391
0.006349086761474609
0.0056231021881103516
0.0072214603424072266
0.009420633316040039
0.003759622573852539
0.0045223236083984375
0.006676435470581055
0.004958152770996094
0.009127378463745117
0.0031180381774902344
0.0063364505767822266
0.006189823150634766
0.0059473514556884766
0.007007598876953125
0.003683805465698242
0.003735780715942383
0.004431724548339844
0.006905078887939453
0.0036818981170654297
0.005051851272583008
0.0043735504150390625
0.0068399906158447266
0.0076105594635009766
0.007061481475830078
0.004166841506958008
0.007153511047363281
0.002827882766723633
0.003469705581665039
