0.007394075393676758
0.005788087844848633
0.006107807159423828
0.005856752395629883
0.0064394474029541016
0.007321834564208984
0.006544589996337891
0.00644373893737793
0.006175518035888672
0.006911277770996094
0.008805274963378906
0.008581876754760742
0.0068585872650146484
0.006685972213745117
0.00819706916809082
0.008056879043579102
0.00836324691772461
0.008146524429321289
0.006383180618286133
0.006095170974731445
0.008369684219360352
0.007640838623046875
0.00781559944152832
0.009139776229858398
0.01733231544494629
0.019201993942260742
0.018961668014526367
0.019129037857055664
0.005480527877807617
0.005651712417602539
0.013916969299316406
0.015079259872436523
0.015035390853881836
0.014966726303100586
0.014535665512084961
0.015652179718017578
0.015339851379394531
0.015401601791381836
0.0063745975494384766
0.006195545196533203
0.0061686038970947266
0.0060274600982666016
0.005892515182495117
0.005776405334472656
0.008201360702514648
0.010266542434692383
0.009668350219726562
0.009925127029418945
0.0051517486572265625
0.005109310150146484
0.007386684417724609
0.0076427459716796875
0.007558584213256836
0.007360935211181641
0.040503740310668945
0.03970479965209961
0.039537906646728516
0.03937816619873047
0.010498046875
0.007206439971923828
0.017844676971435547
0.017908811569213867
0.017824888229370117
0.01788330078125
0.017190933227539062
0.013347387313842773
0.015830278396606445
0.015837430953979492
0.005309343338012695
0.009911298751831055
0.008575439453125
0.00894784927368164
0.008626461029052734
0.00853586196899414
0.012973546981811523
0.012954235076904297
0.008006095886230469
0.009420394897460938
0.0057239532470703125
0.00540471076965332
0.008170604705810547
0.008123397827148438
0.006484031677246094
0.006335258483886719
0.014339208602905273
0.007964849472045898
0.009907007217407227
0.010010719299316406
0.0058515071868896484
0.005672931671142578
0.024889230728149414
0.025153398513793945
0.021155118942260742
0.021070003509521484
0.013090848922729492
0.009032011032104492
0.008954286575317383
0.00867319107055664
0.040017127990722656
0.04012274742126465
0.006098508834838867
0.006055116653442383
0.01160740852355957
0.011609554290771484
0.0076830387115478516
0.011662960052490234
0.007957220077514648
0.007756948471069336
0.0055048465728759766
0.005529165267944336
0.006083488464355469
0.006016731262207031
0.007615327835083008
0.0070421695709228516
0.008339166641235352
0.010650157928466797
0.0072422027587890625
0.016950368881225586
0.008725166320800781
0.008904457092285156
0.005967378616333008
0.005949974060058594
0.006241321563720703
0.005990743637084961
0.03202629089355469
0.03059840202331543
0.0326533317565918
0.03214597702026367
0.007849931716918945
0.007467746734619141
0.006943464279174805
0.0068476200103759766
0.0066606998443603516
0.007132768630981445
0.009034872055053711
0.006148815155029297
