0.007592916488647461
0.005573272705078125
0.0059375762939453125
0.005970954895019531
0.006308794021606445
0.0063266754150390625
0.0065042972564697266
0.006417512893676758
0.00626373291015625
0.0072307586669921875
0.008528470993041992
0.00825953483581543
0.0067293643951416016
0.006513833999633789
0.007428884506225586
0.007288455963134766
0.00764918327331543
0.007437944412231445
0.005686521530151367
0.00580906867980957
0.007640361785888672
0.0068514347076416016
0.007010936737060547
0.008629560470581055
0.0177152156829834
0.01886725425720215
0.01943683624267578
0.01960897445678711
0.005614757537841797
0.005853891372680664
0.013917684555053711
0.015114545822143555
0.015066862106323242
0.014996051788330078
0.014485597610473633
0.014371156692504883
0.014059066772460938
0.014498472213745117
0.0054302215576171875
0.0053021907806396484
0.006219387054443359
0.0061702728271484375
0.006033420562744141
0.005916118621826172
0.008613348007202148
0.00987386703491211
0.009282112121582031
0.00954294204711914
0.0057163238525390625
0.005562543869018555
0.006009817123413086
0.006273508071899414
0.006349802017211914
0.0064585208892822266
0.040892601013183594
0.04131889343261719
0.04115104675292969
0.04098868370056152
0.01210641860961914
0.007514238357543945
0.017743825912475586
0.01780414581298828
0.017718791961669922
0.017776012420654297
0.01671910285949707
0.012737274169921875
0.01564168930053711
0.015576362609863281
0.005792856216430664
0.010760068893432617
0.009269952774047852
0.009601116180419922
0.008458852767944336
0.008370637893676758
0.013286113739013672
0.013332605361938477
0.008615970611572266
0.009237527847290039
0.006014823913574219
0.005602836608886719
0.008653640747070312
0.008598089218139648
0.006021738052368164
0.0058400630950927734
0.013544082641601562
0.007808685302734375
0.009903907775878906
0.010006904602050781
0.00556182861328125
0.005444765090942383
0.023326635360717773
0.023801088333129883
0.021831750869750977
0.021740436553955078
0.01407170295715332
0.010705232620239258
0.009352445602416992
0.00905299186706543
0.040270090103149414
0.040375709533691406
0.006581544876098633
0.0065958499908447266
0.011802911758422852
0.011798620223999023
0.007909774780273438
0.01145029067993164
0.00799107551574707
0.007791757583618164
0.006541728973388672
0.006506443023681641
0.006253480911254883
0.00615239143371582
0.0077610015869140625
0.007384777069091797
0.008766889572143555
0.011169910430908203
0.007598876953125
0.01744675636291504
0.00898599624633789
0.009134531021118164
0.006432294845581055
0.006350040435791016
0.006320476531982422
0.0060498714447021484
0.03203225135803223
0.031186819076538086
0.03287100791931152
0.03232121467590332
0.00787806510925293
0.007493734359741211
0.006265401840209961
0.007271289825439453
0.0070841312408447266
0.006952047348022461
0.008209943771362305
0.005957841873168945
