0.006990671157836914
0.0056340694427490234
0.005860805511474609
0.006120204925537109
0.0062713623046875
0.0070307254791259766
0.006682872772216797
0.0065882205963134766
0.006311655044555664
0.007081031799316406
0.007987499237060547
0.0077512264251708984
0.006447315216064453
0.006331920623779297
0.0068094730377197266
0.007002353668212891
0.00733184814453125
0.007117033004760742
0.005684614181518555
0.005410671234130859
0.007854461669921875
0.007413625717163086
0.007586956024169922
0.007382869720458984
0.019488096237182617
0.019422531127929688
0.01930689811706543
0.019478559494018555
0.005738496780395508
0.0059604644775390625
0.01409769058227539
0.015285968780517578
0.015237569808959961
0.015167474746704102
0.015044450759887695
0.014941215515136719
0.014622688293457031
0.014441967010498047
0.006061553955078125
0.005881547927856445
0.005778074264526367
0.006029367446899414
0.005893707275390625
0.005776882171630859
0.00821375846862793
0.00994729995727539
0.009357690811157227
0.009618759155273438
0.005518674850463867
0.0053713321685791016
0.006402492523193359
0.006677389144897461
0.006619453430175781
0.006593942642211914
0.04112386703491211
0.03995656967163086
0.04060864448547363
0.04050731658935547
0.01163482666015625
0.007054567337036133
0.018177509307861328
0.018214702606201172
0.01810932159423828
0.018148183822631836
0.01631903648376465
0.012343645095825195
0.01522064208984375
0.015160799026489258
0.005514621734619141
0.010411977767944336
0.009076356887817383
0.009335041046142578
0.008013248443603516
0.007928609848022461
0.012694597244262695
0.01330113410949707
0.00834798812866211
0.00933527946472168
0.0059146881103515625
0.0053827762603759766
0.007659196853637695
0.008196830749511719
0.0063402652740478516
0.006139993667602539
0.013720273971557617
0.008041858673095703
0.010105133056640625
0.010396718978881836
0.0062046051025390625
0.006325721740722656
0.023120403289794922
0.023444414138793945
0.021154165267944336
0.021068572998046875
0.012773752212524414
0.010549068450927734
0.009392499923706055
0.00915074348449707
0.040498971939086914
0.040605783462524414
0.0059468746185302734
0.00590062141418457
0.011607885360717773
0.011672258377075195
0.0074045658111572266
0.011708259582519531
0.007842540740966797
0.007661104202270508
0.005500316619873047
0.005529880523681641
0.00714874267578125
0.007044553756713867
0.00794363021850586
0.0074443817138671875
0.008949041366577148
0.01144719123840332
0.0076329708099365234
0.0176999568939209
0.009818792343139648
0.009966135025024414
0.0064165592193603516
0.006333112716674805
0.006781578063964844
0.006488323211669922
0.03270077705383301
0.03074049949645996
0.03287386894226074
0.032324790954589844
0.008074522018432617
0.0076808929443359375
0.00655055046081543
0.007192134857177734
0.0070056915283203125
0.00671696662902832
0.007600069046020508
0.005438566207885742
