1.0067291259765625
0.9925196170806885
0.9665756225585938
0.01106715202331543
0.010773420333862305
0.011048078536987305
0.005681753158569336
0.012854814529418945
0.024928569793701172
0.01264190673828125
0.00681614875793457
0.011602640151977539
0.040667057037353516
0.040871381759643555
0.02738642692565918
0.027230024337768555
0.02560901641845703
0.032387733459472656
0.02016901969909668
0.01246333122253418
0.01113438606262207
0.011087417602539062
0.028540611267089844
0.015863656997680664
0.019865036010742188
0.017217636108398438
0.013279438018798828
0.021033048629760742
0.013655424118041992
0.00974273681640625
0.014270782470703125
0.016298294067382812
0.011890649795532227
0.014376401901245117
0.019763469696044922
0.01846146583557129
0.014601945877075195
0.0053081512451171875
0.013135194778442383
0.014544963836669922
0.015497922897338867
0.021317243576049805
0.005846500396728516
0.025201797485351562
0.013661861419677734
0.02263927459716797
0.03612661361694336
0.004743814468383789
0.026473045349121094
0.02726125717163086
0.03011918067932129
0.027556419372558594
0.00944972038269043
0.030691862106323242
0.01560354232788086
0.010244131088256836
0.007079362869262695
0.006920337677001953
0.007677793502807617
0.01230621337890625
0.009507417678833008
0.01256561279296875
0.0035257339477539062
0.007430553436279297
0.00723719596862793
0.00880742073059082
0.0073947906494140625
0.0053501129150390625
0.004305124282836914
0.004289150238037109
0.0037560462951660156
0.006244659423828125
0.004827737808227539
0.004539966583251953
0.004119396209716797
0.004923105239868164
0.007272243499755859
0.0038557052612304688
0.011754989624023438
0.012801647186279297
0.010233640670776367
0.010110616683959961
0.006422519683837891
0.010989189147949219
0.010392904281616211
0.006198883056640625
0.010289907455444336
0.004885435104370117
0.013402462005615234
0.00998544692993164
0.011974811553955078
0.007555484771728516
0.006109476089477539
0.006237030029296875
0.007465362548828125
0.009700298309326172
0.008318424224853516
0.006456613540649414
0.002786397933959961
0.007557392120361328
0.011984586715698242
0.00906229019165039
0.004782199859619141
0.007879257202148438
0.009354829788208008
0.008697986602783203
0.007841825485229492
0.005934476852416992
0.011002540588378906
0.006077766418457031
0.008661270141601562
0.009315013885498047
0.0050487518310546875
0.007679939270019531
0.006475925445556641
0.010719537734985352
0.005614042282104492
0.004506111145019531
0.013455629348754883
0.009336471557617188
0.0071430206298828125
0.009249448776245117
0.004548311233520508
0.01007080078125
0.013677120208740234
0.010847806930541992
0.012331962585449219
0.005617618560791016
0.023549556732177734
0.007581472396850586
0.0076029300689697266
0.011599302291870117
0.006461381912231445
0.00333404541015625
0.008572578430175781
0.009511947631835938
0.009644746780395508
0.006078958511352539
0.004006862640380859
0.006867647171020508
0.009783744812011719
0.009109020233154297
