0.9107515811920166
0.8980131149291992
0.8915600776672363
0.8808174133300781
0.8757729530334473
0.02331089973449707
0.023015737533569336
0.022691726684570312
0.02252674102783203
0.021479368209838867
0.01227712631225586
0.013381481170654297
0.01201939582824707
0.009449005126953125
0.012228250503540039
0.016201496124267578
0.010519027709960938
0.01031947135925293
0.012939929962158203
0.007738590240478516
0.011487007141113281
0.01600337028503418
0.020612239837646484
0.014322996139526367
0.014334678649902344
0.010980844497680664
0.013602256774902344
0.011910438537597656
0.0156400203704834
0.007074117660522461
0.009279012680053711
0.019217252731323242
0.01003718376159668
0.009386062622070312
0.0063588619232177734
0.004542350769042969
0.011212348937988281
0.01756882667541504
0.01934337615966797
0.022201061248779297
0.003418445587158203
0.04399251937866211
0.022772550582885742
0.01696920394897461
0.024265289306640625
0.00656437873840332
0.028940439224243164
0.009519815444946289
0.0072362422943115234
0.00506138801574707
0.004077434539794922
0.013552427291870117
0.005609035491943359
0.005739688873291016
0.005957841873168945
0.002994537353515625
0.008778095245361328
0.012718439102172852
0.005686521530151367
0.003844022750854492
0.005173921585083008
0.0037817955017089844
0.0060253143310546875
0.006250619888305664
0.004322052001953125
0.004629850387573242
0.0073719024658203125
0.006208658218383789
0.006070375442504883
0.003845691680908203
0.0046575069427490234
0.010752201080322266
0.01280975341796875
0.006926298141479492
0.006589651107788086
0.0038099288940429688
0.017833948135375977
0.008537769317626953
0.005817890167236328
0.004754781723022461
0.004792213439941406
0.009451150894165039
0.0074422359466552734
0.010142087936401367
0.005259037017822266
0.005357265472412109
0.0072481632232666016
0.009664058685302734
0.0062940120697021484
0.004410982131958008
0.004476308822631836
0.0028252601623535156
0.007779359817504883
0.005717277526855469
0.005899667739868164
0.007834911346435547
0.0035746097564697266
0.008038520812988281
0.006015777587890625
0.0044438838958740234
0.004152059555053711
0.007234811782836914
0.0063838958740234375
0.005986928939819336
0.0050048828125
0.004995107650756836
0.005840778350830078
0.010500431060791016
0.006482601165771484
0.005200386047363281
0.004096269607543945
0.01028752326965332
0.007722377777099609
0.006726980209350586
0.009944438934326172
0.006578207015991211
0.017109155654907227
0.007788419723510742
0.006411314010620117
0.006598234176635742
0.004162788391113281
0.009936809539794922
0.009014606475830078
0.007180929183959961
0.00806427001953125
0.004680633544921875
0.007750988006591797
0.0066602230072021484
0.004927396774291992
0.009659767150878906
0.0047779083251953125
0.006267547607421875
0.007613658905029297
0.0060749053955078125
0.006657123565673828
