0.8951654434204102
0.008159875869750977
0.009795427322387695
0.017958879470825195
0.03237748146057129
0.027497291564941406
0.02321791648864746
0.013672351837158203
0.013434886932373047
0.01728343963623047
0.04601263999938965
0.050666093826293945
0.04752182960510254
0.04218602180480957
0.033475399017333984
0.01304769515991211
0.014164447784423828
0.014047384262084961
0.014249801635742188
0.014320611953735352
0.004887104034423828
0.01180887222290039
0.011794090270996094
0.011790990829467773
0.012924432754516602
0.007020473480224609
0.006289243698120117
0.012160539627075195
0.012731552124023438
0.012568235397338867
0.006341218948364258
0.005211353302001953
0.007311820983886719
0.009829282760620117
0.016917943954467773
0.00797271728515625
0.004422664642333984
0.009612798690795898
0.009513378143310547
0.017477750778198242
0.006196498870849609
0.004185676574707031
0.005998134613037109
0.012117624282836914
0.009384870529174805
0.0040857791900634766
0.004935741424560547
0.005893707275390625
0.004998922348022461
0.0039997100830078125
0.006101131439208984
0.004947185516357422
0.006644487380981445
0.014539957046508789
0.008837223052978516
0.007489442825317383
0.0059244632720947266
0.010451793670654297
0.008375883102416992
0.009636640548706055
0.006203174591064453
0.004161834716796875
0.006703853607177734
0.008835315704345703
0.01250147819519043
0.005705118179321289
0.004747867584228516
0.006590604782104492
0.008866310119628906
0.009013175964355469
0.007715702056884766
0.004555463790893555
0.005223751068115234
0.009157657623291016
0.010683298110961914
0.006509304046630859
0.0054645538330078125
0.005029201507568359
0.009326696395874023
0.009698629379272461
0.00459599494934082
0.00434565544128418
0.004083871841430664
0.0078582763671875
0.012898921966552734
0.01068258285522461
0.0050890445709228516
0.007052421569824219
0.004525899887084961
0.003710508346557617
0.004469633102416992
0.004441261291503906
0.007569789886474609
0.0031223297119140625
0.004143714904785156
0.005500078201293945
0.009703636169433594
0.007017374038696289
0.003095865249633789
0.006453037261962891
0.00455164909362793
0.004660844802856445
0.006798505783081055
0.008826255798339844
0.0041158199310302734
0.005387544631958008
0.006468534469604492
0.004122257232666016
0.008959054946899414
0.00434565544128418
0.0070323944091796875
0.004251003265380859
0.00397181510925293
0.009439229965209961
0.002666473388671875
0.0065572261810302734
0.014482498168945312
0.003234386444091797
0.01046299934387207
0.008842945098876953
0.004163265228271484
0.004808902740478516
0.00455021858215332
0.008136272430419922
0.009324789047241211
0.004675626754760742
0.005385875701904297
0.0030031204223632812
0.005714893341064453
0.006193399429321289
0.008031129837036133
0.004447460174560547
0.004030942916870117
0.0031893253326416016
0.010779380798339844
0.010761499404907227
0.0065615177154541016
0.006735086441040039
0.00376129150390625
0.007195472717285156
0.005028963088989258
0.006098270416259766
0.004330158233642578
0.005869388580322266
0.011813163757324219
101.65148949623108
98.56996893882751
98.3851010799408
98.35628843307495
98.33144783973694
