0.9596567153930664
0.9494435787200928
0.9506614208221436
0.9411225318908691
0.024614334106445312
0.034165382385253906
0.007277250289916992
0.01172184944152832
0.005738735198974609
0.021320819854736328
0.02154254913330078
0.02283477783203125
0.022844791412353516
0.023591995239257812
0.020376920700073242
0.01258540153503418
0.013550043106079102
0.012365341186523438
0.013231515884399414
0.015466690063476562
0.014346599578857422
0.017078161239624023
0.016510725021362305
0.01092982292175293
0.01302337646484375
0.01192021369934082
0.01711130142211914
0.012726068496704102
0.015148401260375977
0.0486454963684082
0.014742374420166016
0.01930975914001465
0.01860785484313965
0.014305353164672852
0.004883289337158203
0.015019655227661133
0.012317895889282227
0.010146856307983398
0.01508784294128418
0.009430885314941406
0.03966116905212402
0.027479887008666992
0.02025580406188965
0.013985157012939453
0.006573200225830078
0.027171850204467773
0.04257035255432129
0.024383068084716797
0.02651071548461914
0.002877473831176758
0.0179750919342041
0.010124921798706055
0.008408069610595703
0.00815892219543457
0.0038979053497314453
0.01231241226196289
0.008853435516357422
0.0061914920806884766
0.006132602691650391
0.004843235015869141
0.007554292678833008
0.006910800933837891
0.008092403411865234
0.00466609001159668
0.0045588016510009766
0.004326820373535156
0.004362821578979492
0.008318662643432617
0.008863449096679688
0.005105018615722656
0.009522438049316406
0.0043103694915771484
0.006788730621337891
0.007820606231689453
0.005932807922363281
0.012270689010620117
0.007820367813110352
0.007297515869140625
0.007420539855957031
0.0060923099517822266
0.011432409286499023
0.017332077026367188
0.009361505508422852
0.005167484283447266
0.002910614013671875
0.009329080581665039
0.007269859313964844
0.010184526443481445
0.007834672927856445
0.005923748016357422
0.004070281982421875
0.010000467300415039
0.008362293243408203
0.010527372360229492
0.00602269172668457
0.0027217864990234375
0.008633613586425781
0.011227130889892578
0.010825634002685547
0.0034291744232177734
0.003731250762939453
0.013014793395996094
0.007975578308105469
0.007174015045166016
0.005372762680053711
0.008029460906982422
0.009700298309326172
0.005788564682006836
0.006146907806396484
0.004214763641357422
0.010248661041259766
0.007666587829589844
0.0075490474700927734
0.009563684463500977
0.0048220157623291016
0.014352798461914062
0.010343551635742188
0.007129192352294922
0.00925588607788086
0.00583195686340332
0.009064912796020508
0.009376764297485352
0.01175999641418457
0.010883569717407227
0.002653360366821289
0.010165929794311523
0.008532524108886719
0.008510112762451172
0.0070230960845947266
0.004608869552612305
0.004370927810668945
0.00932765007019043
0.007070779800415039
0.007788658142089844
0.006467580795288086
0.003099679946899414
0.010192632675170898
0.008915424346923828
0.00820612907409668
