0.9407234191894531
0.9379022121429443
0.9371504783630371
0.9300596714019775
0.9093317985534668
0.004628896713256836
0.010906457901000977
0.010313749313354492
0.01070713996887207
0.011266708374023438
0.0051991939544677734
0.007944822311401367
0.008052349090576172
0.007933616638183594
0.00991201400756836
0.005387783050537109
0.012145280838012695
0.008124351501464844
0.007924795150756836
0.010886669158935547
0.0050127506256103516
0.010354995727539062
0.008473396301269531
0.010571002960205078
0.006018161773681641
0.003459930419921875
0.010007381439208984
0.012791633605957031
0.013524532318115234
0.012695789337158203
0.005060911178588867
0.010962247848510742
0.013321399688720703
0.011017322540283203
0.017028093338012695
0.00620722770690918
0.005681753158569336
0.007861137390136719
0.0028352737426757812
0.004702568054199219
0.004803895950317383
0.013311624526977539
0.008796215057373047
0.005071163177490234
0.004739046096801758
0.0057179927825927734
0.011072397232055664
0.009570837020874023
0.008640766143798828
0.003762483596801758
0.005023479461669922
0.00934290885925293
0.01269674301147461
0.0072383880615234375
0.00922846794128418
0.005921363830566406
0.003748655319213867
0.01109933853149414
0.00793910026550293
0.011623382568359375
0.00446319580078125
0.0042972564697265625
0.013187885284423828
0.00942230224609375
0.007880449295043945
0.00398707389831543
0.004216432571411133
0.007586479187011719
0.00919485092163086
0.009996414184570312
0.004870414733886719
0.003616809844970703
0.0071370601654052734
0.009805440902709961
0.017851829528808594
0.004994869232177734
0.003763437271118164
0.003634214401245117
0.0028274059295654297
0.013649463653564453
0.002255678176879883
0.003540515899658203
0.00489497184753418
0.003008604049682617
0.009886980056762695
0.006663322448730469
0.004403352737426758
0.004969596862792969
0.0025339126586914062
0.004839658737182617
0.003957033157348633
0.005602121353149414
0.008777141571044922
0.0043451786041259766
0.005775928497314453
0.005608081817626953
0.006461620330810547
0.013023853302001953
0.0076503753662109375
0.0046770572662353516
0.004725217819213867
0.0037543773651123047
0.004748821258544922
0.006988525390625
0.006249427795410156
0.006919145584106445
0.010787248611450195
0.010590553283691406
0.006484031677246094
0.008515119552612305
0.008091211318969727
0.007436275482177734
0.006762504577636719
0.007891654968261719
0.002635955810546875
0.002689361572265625
0.0043299198150634766
0.006139039993286133
0.007044315338134766
0.007352590560913086
0.0031385421752929688
0.006258487701416016
0.003306150436401367
0.0060803890228271484
0.0029332637786865234
0.002848386764526367
0.002794981002807617
0.003636598587036133
0.007508277893066406
0.003213167190551758
0.003587961196899414
0.004967927932739258
0.0038204193115234375
0.0068359375
0.002811431884765625
