0.9351186752319336
0.9346654415130615
0.933880090713501
0.931328535079956
0.015488147735595703
0.014597654342651367
0.012446403503417969
0.014023780822753906
0.004681587219238281
0.006093740463256836
0.010728597640991211
0.014048337936401367
0.011261224746704102
0.014728784561157227
0.013796091079711914
0.009412050247192383
0.008892297744750977
0.01035761833190918
0.01339268684387207
0.003896474838256836
0.00911712646484375
0.00787496566772461
0.01232290267944336
0.010206222534179688
0.006098508834838867
0.01233983039855957
0.009228706359863281
0.011897802352905273
0.011090278625488281
0.004455089569091797
0.010962486267089844
0.013956308364868164
0.016440629959106445
0.012163877487182617
0.0061419010162353516
0.006910085678100586
0.00757908821105957
0.008196592330932617
0.012732505798339844
0.00482630729675293
0.006134510040283203
0.005584001541137695
0.004881143569946289
0.004345893859863281
0.0037839412689208984
0.007592201232910156
0.008061885833740234
0.006352424621582031
0.002948284149169922
0.0057222843170166016
0.0069179534912109375
0.0048978328704833984
0.010668039321899414
0.011579751968383789
0.005844593048095703
0.003975629806518555
0.01009368896484375
0.010358572006225586
0.009336471557617188
0.004335165023803711
0.00360870361328125
0.011757135391235352
0.012596845626831055
0.010793447494506836
0.00562739372253418
0.005131721496582031
0.01308131217956543
0.00836324691772461
0.012884378433227539
0.004368782043457031
0.004742622375488281
0.011873245239257812
0.009431838989257812
0.014810800552368164
0.006266593933105469
0.0037889480590820312
0.00601506233215332
0.013360738754272461
0.00903010368347168
0.0044536590576171875
0.003648996353149414
0.003954172134399414
0.004423379898071289
0.004457950592041016
0.004733562469482422
0.0036551952362060547
0.005124330520629883
0.0059947967529296875
0.004133462905883789
0.003755807876586914
0.004888772964477539
0.0045926570892333984
0.005207061767578125
0.005036115646362305
0.004698991775512695
0.0038237571716308594
0.001992464065551758
0.004750490188598633
0.005260467529296875
0.007245779037475586
0.0036907196044921875
0.00833439826965332
0.004586696624755859
0.004492998123168945
0.0032935142517089844
0.003904104232788086
0.01099705696105957
0.002779245376586914
0.007661581039428711
0.004165172576904297
0.005888700485229492
0.010021209716796875
0.002986431121826172
0.0027053356170654297
0.003530740737915039
0.0039017200469970703
0.004243612289428711
0.004181623458862305
0.005522966384887695
0.011939048767089844
0.005014181137084961
0.004908084869384766
0.004335641860961914
0.0027315616607666016
0.003310680389404297
0.005194902420043945
0.003631114959716797
0.0026247501373291016
0.004935026168823242
0.010869741439819336
0.003324747085571289
0.004026174545288086
0.007302045822143555
0.00315093994140625
0.005289554595947266
0.004487037658691406
0.008066654205322266
0.002748727798461914
0.0026743412017822266
