0.9840044975280762
0.0038564205169677734
0.004601001739501953
0.005213499069213867
0.011269807815551758
0.0054857730865478516
0.021939992904663086
0.023031949996948242
0.021142959594726562
0.01535654067993164
0.021883487701416016
0.010744810104370117
0.01902174949645996
0.02877068519592285
0.02497553825378418
0.04987764358520508
0.042528390884399414
0.04781794548034668
0.034438133239746094
0.03946518898010254
0.01684284210205078
0.04242277145385742
0.02023458480834961
0.04151439666748047
0.03997802734375
0.02344655990600586
0.03922700881958008
0.04796314239501953
0.03910255432128906
0.023488283157348633
0.045499563217163086
0.019640207290649414
0.018914222717285156
0.0340266227722168
0.06207537651062012
0.0075986385345458984
0.048569440841674805
0.029620647430419922
0.04028630256652832
0.02579951286315918
0.0059850215911865234
0.031106233596801758
0.03720831871032715
0.0331118106842041
0.024160146713256836
0.005118131637573242
0.01818704605102539
0.03842043876647949
0.028937339782714844
0.024235010147094727
0.0075626373291015625
0.016098499298095703
0.02123570442199707
0.030438661575317383
0.026520490646362305
0.007495880126953125
0.006370067596435547
0.02585887908935547
0.02603626251220703
0.03021717071533203
0.00522923469543457
0.005066394805908203
0.00908660888671875
0.014661312103271484
0.015271902084350586
0.0037364959716796875
0.005697488784790039
0.0067403316497802734
0.007145881652832031
0.006899356842041016
0.006129026412963867
0.0054814815521240234
0.003093242645263672
0.005052328109741211
0.005936622619628906
0.008249044418334961
0.01794719696044922
0.006856441497802734
0.008815765380859375
0.008774995803833008
0.0048067569732666016
0.01274418830871582
0.01059722900390625
0.014492988586425781
0.01647782325744629
0.004606723785400391
0.010189056396484375
0.00917506217956543
0.01076364517211914
0.011734724044799805
0.004673957824707031
0.004681110382080078
0.018520116806030273
0.013528585433959961
0.011856794357299805
0.004445791244506836
0.006112813949584961
0.007902860641479492
0.008348941802978516
0.009538412094116211
0.005663633346557617
0.008508920669555664
0.008298397064208984
0.009013891220092773
0.010076522827148438
0.006062507629394531
0.010793685913085938
0.006357908248901367
0.007328510284423828
0.009186506271362305
0.0046234130859375
0.009834527969360352
0.0035364627838134766
0.009660005569458008
0.008213996887207031
0.0052297115325927734
0.009776592254638672
0.006341695785522461
0.007403135299682617
0.010307073593139648
0.003407716751098633
0.01144862174987793
0.014153718948364258
0.008455753326416016
0.008975744247436523
0.005321502685546875
0.01338338851928711
0.015493154525756836
0.012662649154663086
0.013514995574951172
0.006460905075073242
0.004952907562255859
0.013608455657958984
0.012727499008178711
0.011179924011230469
0.005369663238525391
0.006040334701538086
0.007102489471435547
0.010284185409545898
0.010697603225708008
0.006678581237792969
0.00800180435180664
0.0030698776245117188
0.00860285758972168
0.011620759963989258
0.006857633590698242
134.24053168296814
134.30554294586182
134.26556396484375
134.25349044799805
