1.0080924034118652
0.976923942565918
0.010521888732910156
0.006430149078369141
0.0025911331176757812
0.015015840530395508
0.01016688346862793
0.016387939453125
0.016698598861694336
0.013864517211914062
0.015047311782836914
0.024663209915161133
0.012696981430053711
0.006829261779785156
0.040637969970703125
0.040091753005981445
0.043767452239990234
0.04366469383239746
0.03646063804626465
0.03919172286987305
0.025219202041625977
0.019881248474121094
0.012352466583251953
0.018701553344726562
0.04650616645812988
0.034589529037475586
0.012489795684814453
0.019369840621948242
0.019835710525512695
0.039278507232666016
0.025005340576171875
0.02414417266845703
0.020559310913085938
0.015921592712402344
0.004228830337524414
0.013338327407836914
0.01462697982788086
0.01453089714050293
0.01452183723449707
0.0056667327880859375
0.02090620994567871
0.0148773193359375
0.015924692153930664
0.02478170394897461
0.005880117416381836
0.026691913604736328
0.0258786678314209
0.01959085464477539
0.012274980545043945
0.00491786003112793
0.02114582061767578
0.025702714920043945
0.03632402420043945
0.0332636833190918
0.007221221923828125
0.013242483139038086
0.025618314743041992
0.02007889747619629
0.011556625366210938
0.005179643630981445
0.0057680606842041016
0.011590242385864258
0.009230852127075195
0.015142440795898438
0.0037734508514404297
0.0048372745513916016
0.005280017852783203
0.006895303726196289
0.011223316192626953
0.0054759979248046875
0.0042722225189208984
0.0018434524536132812
0.00634765625
0.006203889846801758
0.005758762359619141
0.005829334259033203
0.009963035583496094
0.007386684417724609
0.008196830749511719
0.0056421756744384766
0.013032913208007812
0.007669687271118164
0.008460044860839844
0.007023811340332031
0.004296779632568359
0.007860898971557617
0.010170459747314453
0.01331472396850586
0.017023563385009766
0.006047725677490234
0.010949850082397461
0.009126901626586914
0.009202718734741211
0.01454305648803711
0.004193544387817383
0.003981828689575195
0.00727534294128418
0.010875225067138672
0.006664276123046875
0.0049953460693359375
0.003781557083129883
0.00999307632446289
0.008651256561279297
0.006981611251831055
0.003845691680908203
0.008868932723999023
0.007491350173950195
0.00948786735534668
0.013487577438354492
0.006326198577880859
0.008955717086791992
0.004007101058959961
0.007459163665771484
0.01045846939086914
0.006262302398681641
0.014352083206176758
0.004979372024536133
0.012129783630371094
0.010475635528564453
0.0025806427001953125
0.013397216796875
0.009716987609863281
0.007831096649169922
0.007822513580322266
0.006220579147338867
0.010209321975708008
0.011251688003540039
0.011043071746826172
0.010330677032470703
0.006348133087158203
0.010103940963745117
0.009398460388183594
0.010318756103515625
0.012223005294799805
0.007416725158691406
0.004601955413818359
0.0097198486328125
0.008406400680541992
0.008402109146118164
0.007166862487792969
0.004944324493408203
0.004492521286010742
0.007130622863769531
0.009796142578125
