1.022843599319458
0.9849371910095215
0.03381204605102539
0.009453773498535156
0.013677120208740234
0.030818700790405273
0.018457889556884766
0.018229961395263672
0.010857582092285156
0.02249312400817871
0.021413087844848633
0.021119356155395508
0.025394439697265625
0.01943683624267578
0.005905866622924805
0.011092185974121094
0.01093292236328125
0.010775566101074219
0.010565757751464844
0.005992412567138672
0.01106572151184082
0.012105464935302734
0.007813215255737305
0.014865398406982422
0.0076181888580322266
0.01378178596496582
0.012732744216918945
0.013133764266967773
0.012848138809204102
0.006050586700439453
0.007591724395751953
0.01646566390991211
0.011629819869995117
0.013044118881225586
0.0058667659759521484
0.011000871658325195
0.0071258544921875
0.014440536499023438
0.016622304916381836
0.005827426910400391
0.0053844451904296875
0.00555419921875
0.010148763656616211
0.00776982307434082
0.003979921340942383
0.005937337875366211
0.006093025207519531
0.005273103713989258
0.008213281631469727
0.0057299137115478516
0.004814863204956055
0.011438608169555664
0.009252071380615234
0.005895853042602539
0.006849050521850586
0.004724740982055664
0.013216018676757812
0.008951663970947266
0.006116628646850586
0.00646209716796875
0.004155635833740234
0.010325908660888672
0.005250453948974609
0.01372981071472168
0.004982471466064453
0.004095554351806641
0.00663304328918457
0.009857892990112305
0.009915590286254883
0.0064084529876708984
0.0037376880645751953
0.005851030349731445
0.010488510131835938
0.009531974792480469
0.007746219635009766
0.004168272018432617
0.00609135627746582
0.013492584228515625
0.014260530471801758
0.0050885677337646484
0.0038318634033203125
0.004024505615234375
0.010000228881835938
0.008145809173583984
0.009842634201049805
0.004130840301513672
0.004500150680541992
0.004236936569213867
0.004181623458862305
0.00623774528503418
0.003949403762817383
0.00642704963684082
0.007110118865966797
0.004223823547363281
0.006692647933959961
0.003725767135620117
0.005285739898681641
0.007380008697509766
0.005320310592651367
0.005785703659057617
0.004151821136474609
0.005717277526855469
0.005384683609008789
0.00547337532043457
0.006102561950683594
0.004530668258666992
0.006070613861083984
0.009651899337768555
0.005029439926147461
0.004083395004272461
0.004176616668701172
0.003802061080932617
0.004643917083740234
0.007182598114013672
0.005419492721557617
0.006482362747192383
0.003227710723876953
0.010667562484741211
0.004404544830322266
0.0036668777465820312
0.003887176513671875
0.006363868713378906
0.00399017333984375
0.004174470901489258
0.003863811492919922
0.00466156005859375
0.005563259124755859
0.004422903060913086
0.004448890686035156
0.004007577896118164
0.00420379638671875
0.004060983657836914
0.003134489059448242
0.002619028091430664
0.003473043441772461
0.0041043758392333984
0.008176803588867188
0.006063222885131836
0.007446765899658203
0.00787806510925293
0.007415294647216797
0.0046765804290771484
0.00400853157043457
0.005942821502685547
