0.9633393287658691
0.9427683353424072
0.9404339790344238
0.014963150024414062
0.01645517349243164
0.017298460006713867
0.014728069305419922
0.01740121841430664
0.011900186538696289
0.017873764038085938
0.017351627349853516
0.013237714767456055
0.003656625747680664
0.00857234001159668
0.011273622512817383
0.011451244354248047
0.011539459228515625
0.011400461196899414
0.009550809860229492
0.012206315994262695
0.015620708465576172
0.015163421630859375
0.005977630615234375
0.012795448303222656
0.00961446762084961
0.01035618782043457
0.011265993118286133
0.006029605865478516
0.013633966445922852
0.011898040771484375
0.014281749725341797
0.0172274112701416
0.0056841373443603516
0.010395288467407227
0.009988069534301758
0.015806913375854492
0.01366567611694336
0.004669189453125
0.010443687438964844
0.0068798065185546875
0.005506992340087891
0.012645721435546875
0.0055119991302490234
0.00877833366394043
0.007025003433227539
0.003759145736694336
0.0025136470794677734
0.00405573844909668
0.0072481632232666016
0.010571956634521484
0.010146141052246094
0.0045430660247802734
0.006345033645629883
0.004228353500366211
0.01047658920288086
0.010178804397583008
0.010545730590820312
0.005407094955444336
0.0038559436798095703
0.009304285049438477
0.007847785949707031
0.013962745666503906
0.005254030227661133
0.0038635730743408203
0.011147022247314453
0.009461164474487305
0.009778261184692383
0.00660252571105957
0.005115509033203125
0.010510683059692383
0.014715433120727539
0.008754968643188477
0.004427909851074219
0.003738880157470703
0.011850595474243164
0.010169267654418945
0.014325857162475586
0.004725933074951172
0.0038726329803466797
0.003839254379272461
0.006574153900146484
0.008311271667480469
0.005950927734375
0.0038504600524902344
0.003846406936645508
0.005560159683227539
0.008648157119750977
0.006351947784423828
0.0030252933502197266
0.006769418716430664
0.005475044250488281
0.006689310073852539
0.00513768196105957
0.004763126373291016
0.006494760513305664
0.0038819313049316406
0.005081653594970703
0.004920482635498047
0.00393986701965332
0.0055391788482666016
0.0048046112060546875
0.005368471145629883
0.004247188568115234
0.004067182540893555
0.005408763885498047
0.006699085235595703
0.0050203800201416016
0.004088878631591797
0.003788471221923828
0.003553152084350586
0.0028569698333740234
0.0025246143341064453
0.004306316375732422
0.007745504379272461
0.008607149124145508
0.00455021858215332
0.009033203125
0.004495143890380859
0.004650592803955078
0.005399227142333984
0.003851652145385742
0.0027561187744140625
0.003514528274536133
0.005707263946533203
0.0031630992889404297
0.002405405044555664
0.002669095993041992
0.00752711296081543
0.002837657928466797
0.0037834644317626953
0.00786900520324707
0.007073640823364258
0.0037648677825927734
0.003271818161010742
0.008541345596313477
0.002778768539428711
0.007025003433227539
0.005255699157714844
0.0034232139587402344
0.0041468143463134766
0.0033402442932128906
0.003693819046020508
